Copyright 1986-2022 Xilinx, Inc. All Rights Reserved. Copyright 2022-2025 Advanced Micro Devices, Inc. All Rights Reserved.
---------------------------------------------------------------------------------------------------------------------------------------------
| Tool Version : Vivado v.2025.2 (lin64) Build 6299465 Fri Nov 14 12:34:56 MST 2025
| Date         : Mon May 25 13:37:02 2026
| Host         : jotshawlinux-Legion running 64-bit Ubuntu 24.04.4 LTS
| Command      : report_utilization -file /home/jotshawlinux/cxl-kv-forge-qos/results/impl/zcu102_post_route_util.rpt
| Design       : kvq_phase1_bd_wrapper
| Device       : xczu7ev-ffvc1156-2-e
| Speed File   : -2
| Design State : Routed
---------------------------------------------------------------------------------------------------------------------------------------------

Utilization Design Information

Table of Contents
-----------------
1. CLB Logic
1.1 Summary of Registers by Type
2. CLB Logic Distribution
3. BLOCKRAM
4. ARITHMETIC
5. I/O
6. CLOCK
7. ADVANCED
8. CONFIGURATION
9. Primitives
10. Black Boxes
11. Instantiated Netlists

1. CLB Logic
------------

+----------------------------+-------+-------+------------+-----------+-------+
|          Site Type         |  Used | Fixed | Prohibited | Available | Util% |
+----------------------------+-------+-------+------------+-----------+-------+
| CLB LUTs                   | 18640 |     0 |          0 |    230400 |  8.09 |
|   LUT as Logic             | 17646 |     0 |          0 |    230400 |  7.66 |
|   LUT as Memory            |   994 |     0 |          0 |    101760 |  0.98 |
|     LUT as Distributed RAM |   832 |     0 |            |           |       |
|     LUT as Shift Register  |   162 |     0 |            |           |       |
| CLB Registers              | 28808 |     0 |          0 |    460800 |  6.25 |
|   Register as Flip Flop    | 28808 |     0 |          0 |    460800 |  6.25 |
|   Register as Latch        |     0 |     0 |          0 |    460800 |  0.00 |
| CARRY8                     |   233 |     0 |          0 |     28800 |  0.81 |
| F7 Muxes                   |  1686 |     0 |          0 |    115200 |  1.46 |
| F8 Muxes                   |   584 |     0 |          0 |     57600 |  1.01 |
| F9 Muxes                   |     0 |     0 |          0 |     28800 |  0.00 |
| Unique Control Sets        |   846 |       |          0 |     57600 |  1.47 |
+----------------------------+-------+-------+------------+-----------+-------+
* Warning! LUT value is adjusted to account for LUT combining.
** Note: Available Control Sets calculated as Slices * 2, Review the Control Sets Report for more information regarding control sets.


1.1 Summary of Registers by Type
--------------------------------

+-------+--------------+-------------+--------------+
| Total | Clock Enable | Synchronous | Asynchronous |
+-------+--------------+-------------+--------------+
| 0     |            _ |           - |            - |
| 0     |            _ |           - |          Set |
| 0     |            _ |           - |        Reset |
| 0     |            _ |         Set |            - |
| 0     |            _ |       Reset |            - |
| 0     |          Yes |           - |            - |
| 308   |          Yes |           - |          Set |
| 6644  |          Yes |           - |        Reset |
| 385   |          Yes |         Set |            - |
| 21471 |          Yes |       Reset |            - |
+-------+--------------+-------------+--------------+


2. CLB Logic Distribution
-------------------------

+--------------------------------------------+-------+-------+------------+-----------+-------+
|                  Site Type                 |  Used | Fixed | Prohibited | Available | Util% |
+--------------------------------------------+-------+-------+------------+-----------+-------+
| CLB                                        |  5187 |     0 |          0 |     28800 | 18.01 |
|   CLBL                                     |  2698 |     0 |            |           |       |
|   CLBM                                     |  2489 |     0 |            |           |       |
| LUT as Logic                               | 17646 |     0 |          0 |    230400 |  7.66 |
|   using O5 output only                     |   326 |       |            |           |       |
|   using O6 output only                     | 15173 |       |            |           |       |
|   using O5 and O6                          |  2147 |       |            |           |       |
| LUT as Memory                              |   994 |     0 |          0 |    101760 |  0.98 |
|   LUT as Distributed RAM                   |   832 |     0 |            |           |       |
|     using O5 output only                   |     0 |       |            |           |       |
|     using O6 output only                   |     8 |       |            |           |       |
|     using O5 and O6                        |   824 |       |            |           |       |
|   LUT as Shift Register                    |   162 |     0 |            |           |       |
|     using O5 output only                   |     0 |       |            |           |       |
|     using O6 output only                   |    74 |       |            |           |       |
|     using O5 and O6                        |    88 |       |            |           |       |
| CLB Registers                              | 28808 |     0 |          0 |    460800 |  6.25 |
|   Register driven from within the CLB      | 11982 |       |            |           |       |
|   Register driven from outside the CLB     | 16826 |       |            |           |       |
|     LUT in front of the register is unused | 11276 |       |            |           |       |
|     LUT in front of the register is used   |  5550 |       |            |           |       |
+--------------------------------------------+-------+-------+------------+-----------+-------+


3. BLOCKRAM
-----------

+-------------------+------+-------+------------+-----------+-------+
|     Site Type     | Used | Fixed | Prohibited | Available | Util% |
+-------------------+------+-------+------------+-----------+-------+
| Block RAM Tile    |    8 |     0 |          0 |       312 |  2.56 |
|   RAMB36/FIFO*    |    7 |     0 |          0 |       312 |  2.24 |
|     RAMB36E2 only |    7 |       |            |           |       |
|   RAMB18          |    2 |     0 |          0 |       624 |  0.32 |
|     RAMB18E2 only |    2 |       |            |           |       |
| URAM              |    0 |     0 |          0 |        96 |  0.00 |
+-------------------+------+-------+------------+-----------+-------+
* Note: Each Block RAM Tile only has one FIFO logic available and therefore can accommodate only one FIFO36E2 or one FIFO18E2. However, if a FIFO18E2 occupies a Block RAM Tile, that tile can still accommodate a RAMB18E2


4. ARITHMETIC
-------------

+-----------+------+-------+------------+-----------+-------+
| Site Type | Used | Fixed | Prohibited | Available | Util% |
+-----------+------+-------+------------+-----------+-------+
| DSPs      |    0 |     0 |          0 |      1728 |  0.00 |
+-----------+------+-------+------------+-----------+-------+


5. I/O
------

+------------------+------+-------+------------+-----------+-------+
|     Site Type    | Used | Fixed | Prohibited | Available | Util% |
+------------------+------+-------+------------+-----------+-------+
| Bonded IOB       |    0 |     0 |          0 |       360 |  0.00 |
|   HPIOB_M        |    0 |     0 |          0 |       144 |  0.00 |
|   HPIOB_S        |    0 |     0 |          0 |       144 |  0.00 |
|   HDIOB_M        |    0 |     0 |          0 |        24 |  0.00 |
|   HDIOB_S        |    0 |     0 |          0 |        24 |  0.00 |
|   HPIOB_SNGL     |    0 |     0 |          0 |        24 |  0.00 |
| HPIOBDIFFINBUF   |    0 |     0 |          0 |       192 |  0.00 |
| HPIOBDIFFOUTBUF  |    0 |     0 |          0 |       192 |  0.00 |
| HDIOBDIFFINBUF   |    0 |     0 |          0 |        48 |  0.00 |
| BITSLICE_CONTROL |    0 |     0 |          0 |        64 |  0.00 |
| BITSLICE_RX_TX   |    0 |     0 |          0 |      2496 |  0.00 |
| BITSLICE_TX      |    0 |     0 |          0 |        64 |  0.00 |
| RIU_OR           |    0 |     0 |          0 |        32 |  0.00 |
+------------------+------+-------+------------+-----------+-------+


6. CLOCK
--------

+------------+------+-------+------------+-----------+-------+
|  Site Type | Used | Fixed | Prohibited | Available | Util% |
+------------+------+-------+------------+-----------+-------+
| BUFGCE     |    1 |     0 |          0 |       208 |  0.48 |
| BUFGCE_DIV |    0 |     0 |          0 |        32 |  0.00 |
| BUFG_GT    |    0 |     0 |          0 |       144 |  0.00 |
| BUFG_PS    |    1 |     0 |          0 |        96 |  1.04 |
| BUFGCTRL*  |    0 |     0 |          0 |        64 |  0.00 |
| PLL        |    0 |     0 |          0 |        16 |  0.00 |
| MMCM       |    1 |     0 |          0 |         8 | 12.50 |
+------------+------+-------+------------+-----------+-------+
* Note: Each used BUFGCTRL counts as two GLOBAL CLOCK BUFFERs. This table does not include global clocking resources, only buffer cell usage. See the Clock Utilization Report (report_clock_utilization) for detailed accounting of global clocking resource availability.


7. ADVANCED
-----------

+-----------------+------+-------+------------+-----------+--------+
|    Site Type    | Used | Fixed | Prohibited | Available |  Util% |
+-----------------+------+-------+------------+-----------+--------+
| GTHE4_CHANNEL   |    0 |     0 |          0 |        20 |   0.00 |
| GTHE4_COMMON    |    0 |     0 |          0 |         5 |   0.00 |
| OBUFDS_GTE4     |    0 |     0 |          0 |        10 |   0.00 |
| OBUFDS_GTE4_ADV |    0 |     0 |          0 |        10 |   0.00 |
| PCIE40E4        |    0 |     0 |          0 |         2 |   0.00 |
| PS8             |    1 |     0 |          0 |         1 | 100.00 |
| SYSMONE4        |    0 |     0 |          0 |         1 |   0.00 |
| VCU             |    0 |     0 |          0 |         1 |   0.00 |
+-----------------+------+-------+------------+-----------+--------+


8. CONFIGURATION
----------------

+-------------+------+-------+------------+-----------+-------+
|  Site Type  | Used | Fixed | Prohibited | Available | Util% |
+-------------+------+-------+------------+-----------+-------+
| BSCANE2     |    0 |     0 |          0 |         4 |  0.00 |
| DNA_PORTE2  |    0 |     0 |          0 |         1 |  0.00 |
| EFUSE_USR   |    0 |     0 |          0 |         1 |  0.00 |
| FRAME_ECCE4 |    0 |     0 |          0 |         1 |  0.00 |
| ICAPE3      |    0 |     0 |          0 |         2 |  0.00 |
| MASTER_JTAG |    0 |     0 |          0 |         1 |  0.00 |
| STARTUPE3   |    0 |     0 |          0 |         1 |  0.00 |
+-------------+------+-------+------------+-----------+-------+


9. Primitives
-------------

+------------+-------+---------------------+
|  Ref Name  |  Used | Functional Category |
+------------+-------+---------------------+
| FDRE       | 21471 |            Register |
| LUT6       |  6796 |                 CLB |
| FDCE       |  6644 |            Register |
| LUT4       |  5567 |                 CLB |
| LUT3       |  3373 |                 CLB |
| LUT5       |  2042 |                 CLB |
| LUT2       |  1717 |                 CLB |
| MUXF7      |  1686 |                 CLB |
| RAMD32     |  1446 |                 CLB |
| MUXF8      |   584 |                 CLB |
| FDSE       |   385 |            Register |
| FDPE       |   308 |            Register |
| LUT1       |   298 |                 CLB |
| SRL16E     |   241 |                 CLB |
| CARRY8     |   233 |                 CLB |
| RAMS32     |   210 |                 CLB |
| SRLC32E    |     9 |                 CLB |
| RAMB36E2   |     7 |            BLOCKRAM |
| RAMB18E2   |     2 |            BLOCKRAM |
| PS8        |     1 |            Advanced |
| MMCME4_ADV |     1 |               Clock |
| BUFG_PS    |     1 |               Clock |
| BUFGCE     |     1 |               Clock |
+------------+-------+---------------------+


10. Black Boxes
---------------

+----------+------+
| Ref Name | Used |
+----------+------+


11. Instantiated Netlists
-------------------------

+---------------------------------------+------+
|                Ref Name               | Used |
+---------------------------------------+------+
| kvq_phase1_bd_smartconnect_dma_ctrl_0 |    1 |
| kvq_phase1_bd_smartconnect_data_0     |    1 |
| kvq_phase1_bd_smartconnect_axil_0     |    1 |
| kvq_phase1_bd_reset_0_0               |    1 |
| kvq_phase1_bd_ps_e_0_0                |    1 |
| kvq_phase1_bd_kvq_top_0_0             |    1 |
| kvq_phase1_bd_clk_wiz_0_0             |    1 |
| kvq_phase1_bd_axi_dma_0_0             |    1 |
+---------------------------------------+------+


