Copyright 1986-2022 Xilinx, Inc. All Rights Reserved. Copyright 2022-2025 Advanced Micro Devices, Inc. All Rights Reserved.
-------------------------------------------------------------------------------------------------------------------------------------------------------------
| Tool Version      : Vivado v.2025.2 (lin64) Build 6299465 Fri Nov 14 12:34:56 MST 2025
| Date              : Mon May 25 20:41:27 2026
| Host              : jotshawlinux-Legion running 64-bit Ubuntu 24.04.4 LTS
| Command           : report_timing_summary -file /home/jotshawlinux/cxl-kv-forge-qos/results/impl/strategy_Performance_ExtraTimingOpt/post_route_timing.rpt
| Design            : kvq_phase1_bd_wrapper
| Device            : xczu7ev-ffvc1156
| Speed File        : -2  PRODUCTION 1.30 05-15-2022
| Design State      : Physopt postRoute
| Temperature Grade : E
-------------------------------------------------------------------------------------------------------------------------------------------------------------

Timing Summary Report

------------------------------------------------------------------------------------------------
| Timer Settings
| --------------
------------------------------------------------------------------------------------------------

  Enable Multi Corner Analysis               :  Yes
  Enable Pessimism Removal                   :  Yes
  Pessimism Removal Resolution               :  Nearest Common Node
  Enable Input Delay Default Clock           :  No
  Enable Preset / Clear Arcs                 :  No
  Disable Flight Delays                      :  No
  Ignore I/O Paths                           :  No
  Timing Early Launch at Borrowing Latches   :  No
  Borrow Time for Max Delay Exceptions       :  Yes
  Merge Timing Exceptions                    :  Yes
  Inter-SLR Compensation                     :  Conservative

  Corner  Analyze    Analyze    
  Name    Max Paths  Min Paths  
  ------  ---------  ---------  
  Slow    Yes        Yes        
  Fast    Yes        Yes        


------------------------------------------------------------------------------------------------
| Report Methodology
| ------------------
------------------------------------------------------------------------------------------------

Rule      Severity          Description                                         Violations  
--------  ----------------  --------------------------------------------------  ----------  
TIMING-2  Critical Warning  Invalid primary clock source pin                    1           
TIMING-4  Critical Warning  Invalid primary clock redefinition on a clock tree  1           
CLKC-56   Advisory          MMCME4 with global clock driver has no LOC          1           

Note: This report is based on the most recent report_methodology run and may not be up-to-date. Run report_methodology on the current design for the latest report.



check_timing report

Table of Contents
-----------------
1. checking no_clock (0)
2. checking constant_clock (0)
3. checking pulse_width_clock (0)
4. checking unconstrained_internal_endpoints (0)
5. checking no_input_delay (0)
6. checking no_output_delay (0)
7. checking multiple_clock (0)
8. checking generated_clocks (0)
9. checking loops (0)
10. checking partial_input_delay (0)
11. checking partial_output_delay (0)
12. checking latch_loops (0)

1. checking no_clock (0)
------------------------
 There are 0 register/latch pins with no clock.


2. checking constant_clock (0)
------------------------------
 There are 0 register/latch pins with constant_clock.


3. checking pulse_width_clock (0)
---------------------------------
 There are 0 register/latch pins which need pulse_width check


4. checking unconstrained_internal_endpoints (0)
------------------------------------------------
 There are 0 pins that are not constrained for maximum delay.

 There are 0 pins that are not constrained for maximum delay due to constant clock.


5. checking no_input_delay (0)
------------------------------
 There are 0 input ports with no input delay specified.

 There are 0 input ports with no input delay but user has a false path constraint.


6. checking no_output_delay (0)
-------------------------------
 There are 0 ports with no output delay specified.

 There are 0 ports with no output delay but user has a false path constraint

 There are 0 ports with no output delay but with a timing clock defined on it or propagating through it


7. checking multiple_clock (0)
------------------------------
 There are 0 register/latch pins with multiple clocks.


8. checking generated_clocks (0)
--------------------------------
 There are 0 generated clocks that are not connected to a clock source.


9. checking loops (0)
---------------------
 There are 0 combinational loops in the design.


10. checking partial_input_delay (0)
------------------------------------
 There are 0 input ports with partial input delay specified.


11. checking partial_output_delay (0)
-------------------------------------
 There are 0 ports with partial output delay specified.


12. checking latch_loops (0)
----------------------------
 There are 0 combinational latch loops in the design through latch input



------------------------------------------------------------------------------------------------
| Design Timing Summary
| ---------------------
------------------------------------------------------------------------------------------------

    WNS(ns)      TNS(ns)  TNS Failing Endpoints  TNS Total Endpoints      WHS(ns)      THS(ns)  THS Failing Endpoints  THS Total Endpoints     WPWS(ns)     TPWS(ns)  TPWS Failing Endpoints  TPWS Total Endpoints  
    -------      -------  ---------------------  -------------------      -------      -------  ---------------------  -------------------     --------     --------  ----------------------  --------------------  
     -0.192     -834.045                   9123                77412        0.003        0.000                      0                77412       -0.500       -2.000                       4                 31170  


Timing constraints are not met.


------------------------------------------------------------------------------------------------
| Clock Summary
| -------------
------------------------------------------------------------------------------------------------

Clock                                   Waveform(ns)         Period(ns)      Frequency(MHz)
-----                                   ------------         ----------      --------------
clk_pl_0                                {0.000 5.156}        10.312          96.974          
kvq_phase1_bd_i/clk_wiz_0/inst/clk_in1  {0.000 5.156}        10.313          96.965          
  clk_out1_kvq_phase1_bd_clk_wiz_0_0    {0.000 1.250}        2.500           399.981         


------------------------------------------------------------------------------------------------
| Intra Clock Table
| -----------------
------------------------------------------------------------------------------------------------

Clock                                       WNS(ns)      TNS(ns)  TNS Failing Endpoints  TNS Total Endpoints      WHS(ns)      THS(ns)  THS Failing Endpoints  THS Total Endpoints     WPWS(ns)     TPWS(ns)  TPWS Failing Endpoints  TPWS Total Endpoints  
-----                                       -------      -------  ---------------------  -------------------      -------      -------  ---------------------  -------------------     --------     --------  ----------------------  --------------------  
kvq_phase1_bd_i/clk_wiz_0/inst/clk_in1                                                                                                                                                    2.063        0.000                       0                     1  
  clk_out1_kvq_phase1_bd_clk_wiz_0_0         -0.192     -834.045                   9123                70243        0.003        0.000                      0                70243       -0.500       -2.000                       4                 31169  


------------------------------------------------------------------------------------------------
| Inter Clock Table
| -----------------
------------------------------------------------------------------------------------------------

From Clock    To Clock          WNS(ns)      TNS(ns)  TNS Failing Endpoints  TNS Total Endpoints      WHS(ns)      THS(ns)  THS Failing Endpoints  THS Total Endpoints  
----------    --------          -------      -------  ---------------------  -------------------      -------      -------  ---------------------  -------------------  


------------------------------------------------------------------------------------------------
| Other Path Groups Table
| -----------------------
------------------------------------------------------------------------------------------------

Path Group                          From Clock                          To Clock                                WNS(ns)      TNS(ns)  TNS Failing Endpoints  TNS Total Endpoints      WHS(ns)      THS(ns)  THS Failing Endpoints  THS Total Endpoints  
----------                          ----------                          --------                                -------      -------  ---------------------  -------------------      -------      -------  ---------------------  -------------------  
**async_default**                   clk_out1_kvq_phase1_bd_clk_wiz_0_0  clk_out1_kvq_phase1_bd_clk_wiz_0_0        0.016        0.000                      0                 7169        0.089        0.000                      0                 7169  


------------------------------------------------------------------------------------------------
| Timing Details
| --------------
------------------------------------------------------------------------------------------------


---------------------------------------------------------------------------------------------------
From Clock:  kvq_phase1_bd_i/clk_wiz_0/inst/clk_in1
  To Clock:  kvq_phase1_bd_i/clk_wiz_0/inst/clk_in1

Setup :           NA  Failing Endpoints,  Worst Slack           NA  ,  Total Violation           NA
Hold  :           NA  Failing Endpoints,  Worst Slack           NA  ,  Total Violation           NA
PW    :            0  Failing Endpoints,  Worst Slack        2.063ns,  Total Violation        0.000ns
---------------------------------------------------------------------------------------------------


Pulse Width Checks
--------------------------------------------------------------------------------------
Clock Name:         kvq_phase1_bd_i/clk_wiz_0/inst/clk_in1
Waveform(ns):       { 0.000 5.156 }
Period(ns):         10.313
Sources:            { kvq_phase1_bd_i/clk_wiz_0/inst/clk_in1 }

Check Type        Corner  Lib Pin            Reference Pin  Required(ns)  Actual(ns)  Slack(ns)  Location   Pin
Min Period        n/a     MMCME4_ADV/CLKIN1  n/a            1.071         10.313      9.242      MMCM_X1Y0  kvq_phase1_bd_i/clk_wiz_0/inst/mmcme4_adv_inst/CLKIN1
Max Period        n/a     MMCME4_ADV/CLKIN1  n/a            100.000       10.313      89.687     MMCM_X1Y0  kvq_phase1_bd_i/clk_wiz_0/inst/mmcme4_adv_inst/CLKIN1
Low Pulse Width   Slow    MMCME4_ADV/CLKIN1  n/a            3.094         5.157       2.063      MMCM_X1Y0  kvq_phase1_bd_i/clk_wiz_0/inst/mmcme4_adv_inst/CLKIN1
High Pulse Width  Slow    MMCME4_ADV/CLKIN1  n/a            3.094         5.156       2.063      MMCM_X1Y0  kvq_phase1_bd_i/clk_wiz_0/inst/mmcme4_adv_inst/CLKIN1



---------------------------------------------------------------------------------------------------
From Clock:  clk_out1_kvq_phase1_bd_clk_wiz_0_0
  To Clock:  clk_out1_kvq_phase1_bd_clk_wiz_0_0

Setup :         9123  Failing Endpoints,  Worst Slack       -0.192ns,  Total Violation     -834.045ns
Hold  :            0  Failing Endpoints,  Worst Slack        0.003ns,  Total Violation        0.000ns
PW    :            4  Failing Endpoints,  Worst Slack       -0.500ns,  Total Violation       -2.000ns
---------------------------------------------------------------------------------------------------


Max Delay Paths
--------------------------------------------------------------------------------------
Slack (VIOLATED) :        -0.192ns  (required time - arrival time)
  Source:                 kvq_phase1_bd_i/kvq_top_0/inst/u_kvq_top/u_credit/g_buckets[7].u_bucket/credit_r_reg[0]/C
                            (rising edge-triggered cell FDPE clocked by clk_out1_kvq_phase1_bd_clk_wiz_0_0  {rise@0.000ns fall@1.250ns period=2.500ns})
  Destination:            kvq_phase1_bd_i/kvq_top_0/inst/u_kvq_top/u_qmgr/q_mem_reg[0][10][kv_address][4]/CE
                            (rising edge-triggered cell FDRE clocked by clk_out1_kvq_phase1_bd_clk_wiz_0_0  {rise@0.000ns fall@1.250ns period=2.500ns})
  Path Group:             clk_out1_kvq_phase1_bd_clk_wiz_0_0
  Path Type:              Setup (Max at Slow Process Corner)
  Requirement:            2.500ns  (clk_out1_kvq_phase1_bd_clk_wiz_0_0 rise@2.500ns - clk_out1_kvq_phase1_bd_clk_wiz_0_0 rise@0.000ns)
  Data Path Delay:        2.499ns  (logic 0.703ns (28.137%)  route 1.796ns (71.863%))
  Logic Levels:           8  (CARRY8=2 LUT2=1 LUT4=1 LUT6=3 MUXF7=1)
  Clock Path Skew:        -0.076ns (DCD - SCD + CPR)
    Destination Clock Delay (DCD):    4.627ns = ( 7.127 - 2.500 ) 
    Source Clock Delay      (SCD):    4.340ns
    Clock Pessimism Removal (CPR):    -0.363ns
  Clock Uncertainty:      0.057ns  ((TSJ^2 + DJ^2)^1/2) / 2 + PE
    Total System Jitter     (TSJ):    0.071ns
    Discrete Jitter          (DJ):    0.090ns
    Phase Error              (PE):    0.000ns
  Clock Net Delay (Source):      2.192ns (routing 0.891ns, distribution 1.301ns)
  Clock Net Delay (Destination): 1.962ns (routing 0.810ns, distribution 1.152ns)

    Location             Delay type                Incr(ns)  Path(ns)    Netlist Resource(s)
  -------------------------------------------------------------------    -------------------
                         (clock clk_out1_kvq_phase1_bd_clk_wiz_0_0 rise edge)
                                                      0.000     0.000 r  
    BUFG_PS_X0Y80        BUFG_PS                      0.000     0.000 r  kvq_phase1_bd_i/ps_e_0/inst/buffer_pl_clk_0.PL_CLK_0_BUFG/O
                         net (fo=1, routed)           2.002     2.002    kvq_phase1_bd_i/clk_wiz_0/inst/clk_in1
    MMCM_X1Y0            MMCME4_ADV (Prop_MMCM_CLKIN1_CLKOUT0)
                                                     -0.127     1.875 r  kvq_phase1_bd_i/clk_wiz_0/inst/mmcme4_adv_inst/CLKOUT0
                         net (fo=1, routed)           0.245     2.120    kvq_phase1_bd_i/clk_wiz_0/inst/clk_out1_kvq_phase1_bd_clk_wiz_0_0
    BUFGCE_X1Y17         BUFGCE (Prop_BUFCE_BUFGCE_I_O)
                                                      0.028     2.148 r  kvq_phase1_bd_i/clk_wiz_0/inst/clkout1_buf/O
    X1Y2 (CLOCK_ROOT)    net (fo=31167, routed)       2.192     4.340    kvq_phase1_bd_i/kvq_top_0/inst/u_kvq_top/u_credit/g_buckets[7].u_bucket/clk
    SLICE_X52Y303        FDPE                                         r  kvq_phase1_bd_i/kvq_top_0/inst/u_kvq_top/u_credit/g_buckets[7].u_bucket/credit_r_reg[0]/C
  -------------------------------------------------------------------    -------------------
    SLICE_X52Y303        FDPE (Prop_EFF2_SLICEL_C_Q)
                                                      0.081     4.421 r  kvq_phase1_bd_i/kvq_top_0/inst/u_kvq_top/u_credit/g_buckets[7].u_bucket/credit_r_reg[0]/Q
                         net (fo=3, routed)           0.107     4.528    kvq_phase1_bd_i/kvq_top_0/inst/u_kvq_top/u_credit/g_buckets[5].u_bucket/Q[0]
    SLICE_X52Y302        LUT6 (Prop_C6LUT_SLICEL_I1_O)
                                                      0.146     4.674 r  kvq_phase1_bd_i/kvq_top_0/inst/u_kvq_top/u_credit/g_buckets[5].u_bucket/credit_snapshot[0]_INST_0_i_2/O
                         net (fo=1, routed)           0.010     4.684    kvq_phase1_bd_i/kvq_top_0/inst/u_kvq_top/u_credit/g_buckets[1].u_bucket/tdata_r_reg[125]
    SLICE_X52Y302        MUXF7 (Prop_F7MUX_CD_SLICEL_I1_O)
                                                      0.071     4.755 r  kvq_phase1_bd_i/kvq_top_0/inst/u_kvq_top/u_credit/g_buckets[1].u_bucket/credit_snapshot[0]_INST_0/O
                         net (fo=3, routed)           0.337     5.092    kvq_phase1_bd_i/kvq_top_0/inst/u_kvq_top/u_credit/g_buckets[1].u_bucket/credit_snapshot[0]
    SLICE_X50Y306        LUT6 (Prop_H6LUT_SLICEM_I0_O)
                                                      0.053     5.145 r  kvq_phase1_bd_i/kvq_top_0/inst/u_kvq_top/u_credit/g_buckets[1].u_bucket/in_ready_INST_0_i_26/O
                         net (fo=1, routed)           0.226     5.371    kvq_phase1_bd_i/kvq_top_0/inst/u_kvq_top/u_credit/g_buckets[1].u_bucket/in_ready_INST_0_i_26_n_0
    SLICE_X46Y307        CARRY8 (Prop_CARRY8_SLICEM_DI[0]_CO[7])
                                                      0.133     5.504 r  kvq_phase1_bd_i/kvq_top_0/inst/u_kvq_top/u_credit/g_buckets[1].u_bucket/in_ready_INST_0_i_2/CO[7]
                         net (fo=1, routed)           0.026     5.530    kvq_phase1_bd_i/kvq_top_0/inst/u_kvq_top/u_credit/g_buckets[1].u_bucket/in_ready_INST_0_i_2_n_0
    SLICE_X46Y308        CARRY8 (Prop_CARRY8_SLICEM_CI_CO[7])
                                                      0.022     5.552 r  kvq_phase1_bd_i/kvq_top_0/inst/u_kvq_top/u_credit/g_buckets[1].u_bucket/in_ready_INST_0_i_1/CO[7]
                         net (fo=12, routed)          0.228     5.780    kvq_phase1_bd_i/kvq_top_0/inst/u_kvq_top/u_credit/g_buckets[1].u_bucket/credit_ok
    SLICE_X46Y302        LUT4 (Prop_C6LUT_SLICEM_I3_O)
                                                      0.037     5.817 r  kvq_phase1_bd_i/kvq_top_0/inst/u_kvq_top/u_credit/g_buckets[1].u_bucket/out_valid_INST_0/O
                         net (fo=56, routed)          0.116     5.933    kvq_phase1_bd_i/kvq_top_0/inst/u_kvq_top/u_contract/out_valid
    SLICE_X44Y302        LUT2 (Prop_B6LUT_SLICEL_I0_O)
                                                      0.036     5.969 r  kvq_phase1_bd_i/kvq_top_0/inst/u_kvq_top/u_contract/q_tail[0][3]_i_3/O
                         net (fo=141, routed)         0.207     6.176    kvq_phase1_bd_i/kvq_top_0/inst/u_kvq_top/u_axil/enq_accept
    SLICE_X43Y301        LUT6 (Prop_A6LUT_SLICEL_I5_O)
                                                      0.124     6.300 r  kvq_phase1_bd_i/kvq_top_0/inst/u_kvq_top/u_axil/q_mem[0][10][deadline_cycles][31]_i_1/O
                         net (fo=88, routed)          0.539     6.839    kvq_phase1_bd_i/kvq_top_0/inst/u_kvq_top/u_qmgr/q_mem_reg[0][10][opcode][0]_0[0]
    SLICE_X50Y304        FDRE                                         r  kvq_phase1_bd_i/kvq_top_0/inst/u_kvq_top/u_qmgr/q_mem_reg[0][10][kv_address][4]/CE
  -------------------------------------------------------------------    -------------------

                         (clock clk_out1_kvq_phase1_bd_clk_wiz_0_0 rise edge)
                                                      2.500     2.500 r  
    BUFG_PS_X0Y80        BUFG_PS                      0.000     2.500 r  kvq_phase1_bd_i/ps_e_0/inst/buffer_pl_clk_0.PL_CLK_0_BUFG/O
                         net (fo=1, routed)           1.795     4.295    kvq_phase1_bd_i/clk_wiz_0/inst/clk_in1
    MMCM_X1Y0            MMCME4_ADV (Prop_MMCM_CLKIN1_CLKOUT0)
                                                      0.630     4.925 r  kvq_phase1_bd_i/clk_wiz_0/inst/mmcme4_adv_inst/CLKOUT0
                         net (fo=1, routed)           0.216     5.141    kvq_phase1_bd_i/clk_wiz_0/inst/clk_out1_kvq_phase1_bd_clk_wiz_0_0
    BUFGCE_X1Y17         BUFGCE (Prop_BUFCE_BUFGCE_I_O)
                                                      0.024     5.165 r  kvq_phase1_bd_i/clk_wiz_0/inst/clkout1_buf/O
    X1Y2 (CLOCK_ROOT)    net (fo=31167, routed)       1.962     7.127    kvq_phase1_bd_i/kvq_top_0/inst/u_kvq_top/u_qmgr/clk
    SLICE_X50Y304        FDRE                                         r  kvq_phase1_bd_i/kvq_top_0/inst/u_kvq_top/u_qmgr/q_mem_reg[0][10][kv_address][4]/C
                         clock pessimism             -0.363     6.765    
                         clock uncertainty           -0.057     6.707    
    SLICE_X50Y304        FDRE (Setup_HFF2_SLICEM_C_CE)
                                                     -0.061     6.646    kvq_phase1_bd_i/kvq_top_0/inst/u_kvq_top/u_qmgr/q_mem_reg[0][10][kv_address][4]
  -------------------------------------------------------------------
                         required time                          6.646    
                         arrival time                          -6.839    
  -------------------------------------------------------------------
                         slack                                 -0.192    





Min Delay Paths
--------------------------------------------------------------------------------------
Slack (MET) :             0.003ns  (arrival time - required time)
  Source:                 kvq_phase1_bd_i/kvq_top_0/inst/u_kvq_top/u_qmgr/q_mem_reg[4][9][request_id][12]/C
                            (rising edge-triggered cell FDRE clocked by clk_out1_kvq_phase1_bd_clk_wiz_0_0  {rise@0.000ns fall@1.250ns period=2.500ns})
  Destination:            kvq_phase1_bd_i/kvq_top_0/inst/u_kvq_top/u_qmgr/deq_req_r_reg[4][request_id][12]/D
                            (rising edge-triggered cell FDCE clocked by clk_out1_kvq_phase1_bd_clk_wiz_0_0  {rise@0.000ns fall@1.250ns period=2.500ns})
  Path Group:             clk_out1_kvq_phase1_bd_clk_wiz_0_0
  Path Type:              Hold (Min at Slow Process Corner)
  Requirement:            0.000ns  (clk_out1_kvq_phase1_bd_clk_wiz_0_0 rise@0.000ns - clk_out1_kvq_phase1_bd_clk_wiz_0_0 rise@0.000ns)
  Data Path Delay:        0.297ns  (logic 0.132ns (44.444%)  route 0.165ns (55.556%))
  Logic Levels:           3  (LUT6=1 MUXF7=1 MUXF8=1)
  Clock Path Skew:        0.234ns (DCD - SCD - CPR)
    Destination Clock Delay (DCD):    4.484ns
    Source Clock Delay      (SCD):    4.610ns
    Clock Pessimism Removal (CPR):    -0.360ns
  Clock Net Delay (Source):      1.945ns (routing 0.810ns, distribution 1.135ns)
  Clock Net Delay (Destination): 2.336ns (routing 0.891ns, distribution 1.445ns)

    Location             Delay type                Incr(ns)  Path(ns)    Netlist Resource(s)
  -------------------------------------------------------------------    -------------------
                         (clock clk_out1_kvq_phase1_bd_clk_wiz_0_0 rise edge)
                                                      0.000     0.000 r  
    BUFG_PS_X0Y80        BUFG_PS                      0.000     0.000 r  kvq_phase1_bd_i/ps_e_0/inst/buffer_pl_clk_0.PL_CLK_0_BUFG/O
                         net (fo=1, routed)           1.795     1.795    kvq_phase1_bd_i/clk_wiz_0/inst/clk_in1
    MMCM_X1Y0            MMCME4_ADV (Prop_MMCM_CLKIN1_CLKOUT0)
                                                      0.630     2.425 r  kvq_phase1_bd_i/clk_wiz_0/inst/mmcme4_adv_inst/CLKOUT0
                         net (fo=1, routed)           0.216     2.641    kvq_phase1_bd_i/clk_wiz_0/inst/clk_out1_kvq_phase1_bd_clk_wiz_0_0
    BUFGCE_X1Y17         BUFGCE (Prop_BUFCE_BUFGCE_I_O)
                                                      0.024     2.665 r  kvq_phase1_bd_i/clk_wiz_0/inst/clkout1_buf/O
    X1Y2 (CLOCK_ROOT)    net (fo=31167, routed)       1.945     4.610    kvq_phase1_bd_i/kvq_top_0/inst/u_kvq_top/u_qmgr/clk
    SLICE_X42Y333        FDRE                                         r  kvq_phase1_bd_i/kvq_top_0/inst/u_kvq_top/u_qmgr/q_mem_reg[4][9][request_id][12]/C
  -------------------------------------------------------------------    -------------------
    SLICE_X42Y333        FDRE (Prop_FFF2_SLICEM_C_Q)
                                                      0.060     4.670 r  kvq_phase1_bd_i/kvq_top_0/inst/u_kvq_top/u_qmgr/q_mem_reg[4][9][request_id][12]/Q
                         net (fo=1, routed)           0.145     4.815    kvq_phase1_bd_i/kvq_top_0/inst/u_kvq_top/u_qmgr/q_mem_reg[4][9][request_id][12]
    SLICE_X40Y335        LUT6 (Prop_B6LUT_SLICEL_I3_O)
                                                      0.036     4.851 r  kvq_phase1_bd_i/kvq_top_0/inst/u_kvq_top/u_qmgr/deq_req_r[4][request_id][12]_i_7/O
                         net (fo=1, routed)           0.009     4.860    kvq_phase1_bd_i/kvq_top_0/inst/u_kvq_top/u_qmgr/deq_req_r[4][request_id][12]_i_7_n_0
    SLICE_X40Y335        MUXF7 (Prop_F7MUX_AB_SLICEL_I0_O)
                                                      0.019     4.879 r  kvq_phase1_bd_i/kvq_top_0/inst/u_kvq_top/u_qmgr/deq_req_r_reg[4][request_id][12]_i_4/O
                         net (fo=1, routed)           0.000     4.879    kvq_phase1_bd_i/kvq_top_0/inst/u_kvq_top/u_qmgr/deq_req_r_reg[4][request_id][12]_i_4_n_0
    SLICE_X40Y335        MUXF8 (Prop_F8MUX_BOT_SLICEL_I1_O)
                                                      0.017     4.896 r  kvq_phase1_bd_i/kvq_top_0/inst/u_kvq_top/u_qmgr/deq_req_r_reg[4][request_id][12]_i_2/O
                         net (fo=1, routed)           0.011     4.907    kvq_phase1_bd_i/kvq_top_0/inst/u_kvq_top/u_qmgr/deq_req_r_reg[4][request_id][12]_i_2_n_0
    SLICE_X40Y335        FDCE                                         r  kvq_phase1_bd_i/kvq_top_0/inst/u_kvq_top/u_qmgr/deq_req_r_reg[4][request_id][12]/D
  -------------------------------------------------------------------    -------------------

                         (clock clk_out1_kvq_phase1_bd_clk_wiz_0_0 rise edge)
                                                      0.000     0.000 r  
    BUFG_PS_X0Y80        BUFG_PS                      0.000     0.000 r  kvq_phase1_bd_i/ps_e_0/inst/buffer_pl_clk_0.PL_CLK_0_BUFG/O
                         net (fo=1, routed)           2.002     2.002    kvq_phase1_bd_i/clk_wiz_0/inst/clk_in1
    MMCM_X1Y0            MMCME4_ADV (Prop_MMCM_CLKIN1_CLKOUT0)
                                                     -0.127     1.875 r  kvq_phase1_bd_i/clk_wiz_0/inst/mmcme4_adv_inst/CLKOUT0
                         net (fo=1, routed)           0.245     2.120    kvq_phase1_bd_i/clk_wiz_0/inst/clk_out1_kvq_phase1_bd_clk_wiz_0_0
    BUFGCE_X1Y17         BUFGCE (Prop_BUFCE_BUFGCE_I_O)
                                                      0.028     2.148 r  kvq_phase1_bd_i/clk_wiz_0/inst/clkout1_buf/O
    X1Y2 (CLOCK_ROOT)    net (fo=31167, routed)       2.336     4.484    kvq_phase1_bd_i/kvq_top_0/inst/u_kvq_top/u_qmgr/clk
    SLICE_X40Y335        FDCE                                         r  kvq_phase1_bd_i/kvq_top_0/inst/u_kvq_top/u_qmgr/deq_req_r_reg[4][request_id][12]/C
                         clock pessimism              0.360     4.844    
    SLICE_X40Y335        FDCE (Hold_CFF_SLICEL_C_D)
                                                      0.060     4.904    kvq_phase1_bd_i/kvq_top_0/inst/u_kvq_top/u_qmgr/deq_req_r_reg[4][request_id][12]
  -------------------------------------------------------------------
                         required time                         -4.904    
                         arrival time                           4.907    
  -------------------------------------------------------------------
                         slack                                  0.003    





Pulse Width Checks
--------------------------------------------------------------------------------------
Clock Name:         clk_out1_kvq_phase1_bd_clk_wiz_0_0
Waveform(ns):       { 0.000 1.250 }
Period(ns):         2.500
Sources:            { kvq_phase1_bd_i/clk_wiz_0/inst/mmcme4_adv_inst/CLKOUT0 }

Check Type        Corner  Lib Pin          Reference Pin  Required(ns)  Actual(ns)  Slack(ns)  Location  Pin
Min Period        n/a     PS8/MAXIGP0ACLK  n/a            3.000         2.500       -0.500     PS8_X0Y0  kvq_phase1_bd_i/ps_e_0/inst/PS8_i/MAXIGP0ACLK
Low Pulse Width   Slow    PS8/MAXIGP0ACLK  n/a            1.500         1.250       -0.250     PS8_X0Y0  kvq_phase1_bd_i/ps_e_0/inst/PS8_i/MAXIGP0ACLK
High Pulse Width  Slow    PS8/MAXIGP0ACLK  n/a            1.500         1.250       -0.250     PS8_X0Y0  kvq_phase1_bd_i/ps_e_0/inst/PS8_i/MAXIGP0ACLK



---------------------------------------------------------------------------------------------------
Path Group:  **async_default**
From Clock:  clk_out1_kvq_phase1_bd_clk_wiz_0_0
  To Clock:  clk_out1_kvq_phase1_bd_clk_wiz_0_0

Setup :            0  Failing Endpoints,  Worst Slack        0.016ns,  Total Violation        0.000ns
Hold  :            0  Failing Endpoints,  Worst Slack        0.089ns,  Total Violation        0.000ns
---------------------------------------------------------------------------------------------------


Max Delay Paths
--------------------------------------------------------------------------------------
Slack (MET) :             0.016ns  (required time - arrival time)
  Source:                 kvq_phase1_bd_i/reset_0/U0/ACTIVE_LOW_PR_OUT_DFF[0].FDRE_PER_N_replica_32/C
                            (rising edge-triggered cell FDRE clocked by clk_out1_kvq_phase1_bd_clk_wiz_0_0  {rise@0.000ns fall@1.250ns period=2.500ns})
  Destination:            kvq_phase1_bd_i/kvq_top_0/inst/u_kvq_top/u_qmgr/deq_req_r_reg[1][opcode][6]/CLR
                            (recovery check against rising-edge clock clk_out1_kvq_phase1_bd_clk_wiz_0_0  {rise@0.000ns fall@1.250ns period=2.500ns})
  Path Group:             **async_default**
  Path Type:              Recovery (Max at Slow Process Corner)
  Requirement:            2.500ns  (clk_out1_kvq_phase1_bd_clk_wiz_0_0 rise@2.500ns - clk_out1_kvq_phase1_bd_clk_wiz_0_0 rise@0.000ns)
  Data Path Delay:        2.363ns  (logic 0.080ns (3.385%)  route 2.283ns (96.615%))
  Logic Levels:           0  
  Clock Path Skew:        0.002ns (DCD - SCD + CPR)
    Destination Clock Delay (DCD):    4.720ns = ( 7.220 - 2.500 ) 
    Source Clock Delay      (SCD):    4.357ns
    Clock Pessimism Removal (CPR):    -0.361ns
  Clock Uncertainty:      0.057ns  ((TSJ^2 + DJ^2)^1/2) / 2 + PE
    Total System Jitter     (TSJ):    0.071ns
    Discrete Jitter          (DJ):    0.090ns
    Phase Error              (PE):    0.000ns
  Clock Net Delay (Source):      2.209ns (routing 0.891ns, distribution 1.318ns)
  Clock Net Delay (Destination): 2.055ns (routing 0.810ns, distribution 1.245ns)

    Location             Delay type                Incr(ns)  Path(ns)    Netlist Resource(s)
  -------------------------------------------------------------------    -------------------
                         (clock clk_out1_kvq_phase1_bd_clk_wiz_0_0 rise edge)
                                                      0.000     0.000 r  
    BUFG_PS_X0Y80        BUFG_PS                      0.000     0.000 r  kvq_phase1_bd_i/ps_e_0/inst/buffer_pl_clk_0.PL_CLK_0_BUFG/O
                         net (fo=1, routed)           2.002     2.002    kvq_phase1_bd_i/clk_wiz_0/inst/clk_in1
    MMCM_X1Y0            MMCME4_ADV (Prop_MMCM_CLKIN1_CLKOUT0)
                                                     -0.127     1.875 r  kvq_phase1_bd_i/clk_wiz_0/inst/mmcme4_adv_inst/CLKOUT0
                         net (fo=1, routed)           0.245     2.120    kvq_phase1_bd_i/clk_wiz_0/inst/clk_out1_kvq_phase1_bd_clk_wiz_0_0
    BUFGCE_X1Y17         BUFGCE (Prop_BUFCE_BUFGCE_I_O)
                                                      0.028     2.148 r  kvq_phase1_bd_i/clk_wiz_0/inst/clkout1_buf/O
    X1Y2 (CLOCK_ROOT)    net (fo=31167, routed)       2.209     4.357    kvq_phase1_bd_i/reset_0/U0/slowest_sync_clk
    SLICE_X48Y323        FDRE                                         r  kvq_phase1_bd_i/reset_0/U0/ACTIVE_LOW_PR_OUT_DFF[0].FDRE_PER_N_replica_32/C
  -------------------------------------------------------------------    -------------------
    SLICE_X48Y323        FDRE (Prop_HFF2_SLICEL_C_Q)
                                                      0.080     4.437 r  kvq_phase1_bd_i/reset_0/U0/ACTIVE_LOW_PR_OUT_DFF[0].FDRE_PER_N_replica_32/Q
                         net (fo=240, routed)         2.283     6.720    kvq_phase1_bd_i/kvq_top_0/inst/u_kvq_top/u_qmgr/peripheral_aresetn[0]_repN_32_alias
    SLICE_X32Y306        FDCE                                         f  kvq_phase1_bd_i/kvq_top_0/inst/u_kvq_top/u_qmgr/deq_req_r_reg[1][opcode][6]/CLR  (IS_INVERTED)
  -------------------------------------------------------------------    -------------------

                         (clock clk_out1_kvq_phase1_bd_clk_wiz_0_0 rise edge)
                                                      2.500     2.500 r  
    BUFG_PS_X0Y80        BUFG_PS                      0.000     2.500 r  kvq_phase1_bd_i/ps_e_0/inst/buffer_pl_clk_0.PL_CLK_0_BUFG/O
                         net (fo=1, routed)           1.795     4.295    kvq_phase1_bd_i/clk_wiz_0/inst/clk_in1
    MMCM_X1Y0            MMCME4_ADV (Prop_MMCM_CLKIN1_CLKOUT0)
                                                      0.630     4.925 r  kvq_phase1_bd_i/clk_wiz_0/inst/mmcme4_adv_inst/CLKOUT0
                         net (fo=1, routed)           0.216     5.141    kvq_phase1_bd_i/clk_wiz_0/inst/clk_out1_kvq_phase1_bd_clk_wiz_0_0
    BUFGCE_X1Y17         BUFGCE (Prop_BUFCE_BUFGCE_I_O)
                                                      0.024     5.165 r  kvq_phase1_bd_i/clk_wiz_0/inst/clkout1_buf/O
    X1Y2 (CLOCK_ROOT)    net (fo=31167, routed)       2.055     7.220    kvq_phase1_bd_i/kvq_top_0/inst/u_kvq_top/u_qmgr/clk
    SLICE_X32Y306        FDCE                                         r  kvq_phase1_bd_i/kvq_top_0/inst/u_kvq_top/u_qmgr/deq_req_r_reg[1][opcode][6]/C
                         clock pessimism             -0.361     6.859    
                         clock uncertainty           -0.057     6.802    
    SLICE_X32Y306        FDCE (Recov_DFF_SLICEL_C_CLR)
                                                     -0.066     6.736    kvq_phase1_bd_i/kvq_top_0/inst/u_kvq_top/u_qmgr/deq_req_r_reg[1][opcode][6]
  -------------------------------------------------------------------
                         required time                          6.736    
                         arrival time                          -6.720    
  -------------------------------------------------------------------
                         slack                                  0.016    





Min Delay Paths
--------------------------------------------------------------------------------------
Slack (MET) :             0.089ns  (arrival time - required time)
  Source:                 kvq_phase1_bd_i/reset_0/U0/ACTIVE_LOW_PR_OUT_DFF[0].FDRE_PER_N_replica_32/C
                            (rising edge-triggered cell FDRE clocked by clk_out1_kvq_phase1_bd_clk_wiz_0_0  {rise@0.000ns fall@1.250ns period=2.500ns})
  Destination:            kvq_phase1_bd_i/kvq_top_0/inst/u_kvq_top/u_arb/t2_w_reg[1][slack][13]/CLR
                            (removal check against rising-edge clock clk_out1_kvq_phase1_bd_clk_wiz_0_0  {rise@0.000ns fall@1.250ns period=2.500ns})
  Path Group:             **async_default**
  Path Type:              Removal (Min at Slow Process Corner)
  Requirement:            0.000ns  (clk_out1_kvq_phase1_bd_clk_wiz_0_0 rise@0.000ns - clk_out1_kvq_phase1_bd_clk_wiz_0_0 rise@0.000ns)
  Data Path Delay:        0.296ns  (logic 0.059ns (19.946%)  route 0.237ns (80.054%))
  Logic Levels:           0  
  Clock Path Skew:        0.238ns (DCD - SCD - CPR)
    Destination Clock Delay (DCD):    4.499ns
    Source Clock Delay      (SCD):    4.621ns
    Clock Pessimism Removal (CPR):    -0.360ns
  Clock Net Delay (Source):      1.956ns (routing 0.810ns, distribution 1.146ns)
  Clock Net Delay (Destination): 2.351ns (routing 0.891ns, distribution 1.460ns)

    Location             Delay type                Incr(ns)  Path(ns)    Netlist Resource(s)
  -------------------------------------------------------------------    -------------------
                         (clock clk_out1_kvq_phase1_bd_clk_wiz_0_0 rise edge)
                                                      0.000     0.000 r  
    BUFG_PS_X0Y80        BUFG_PS                      0.000     0.000 r  kvq_phase1_bd_i/ps_e_0/inst/buffer_pl_clk_0.PL_CLK_0_BUFG/O
                         net (fo=1, routed)           1.795     1.795    kvq_phase1_bd_i/clk_wiz_0/inst/clk_in1
    MMCM_X1Y0            MMCME4_ADV (Prop_MMCM_CLKIN1_CLKOUT0)
                                                      0.630     2.425 r  kvq_phase1_bd_i/clk_wiz_0/inst/mmcme4_adv_inst/CLKOUT0
                         net (fo=1, routed)           0.216     2.641    kvq_phase1_bd_i/clk_wiz_0/inst/clk_out1_kvq_phase1_bd_clk_wiz_0_0
    BUFGCE_X1Y17         BUFGCE (Prop_BUFCE_BUFGCE_I_O)
                                                      0.024     2.665 r  kvq_phase1_bd_i/clk_wiz_0/inst/clkout1_buf/O
    X1Y2 (CLOCK_ROOT)    net (fo=31167, routed)       1.956     4.621    kvq_phase1_bd_i/reset_0/U0/slowest_sync_clk
    SLICE_X48Y323        FDRE                                         r  kvq_phase1_bd_i/reset_0/U0/ACTIVE_LOW_PR_OUT_DFF[0].FDRE_PER_N_replica_32/C
  -------------------------------------------------------------------    -------------------
    SLICE_X48Y323        FDRE (Prop_HFF2_SLICEL_C_Q)
                                                      0.059     4.680 r  kvq_phase1_bd_i/reset_0/U0/ACTIVE_LOW_PR_OUT_DFF[0].FDRE_PER_N_replica_32/Q
                         net (fo=240, routed)         0.237     4.917    kvq_phase1_bd_i/kvq_top_0/inst/u_kvq_top/u_arb/peripheral_aresetn[0]_repN_32_alias
    SLICE_X38Y323        FDCE                                         f  kvq_phase1_bd_i/kvq_top_0/inst/u_kvq_top/u_arb/t2_w_reg[1][slack][13]/CLR  (IS_INVERTED)
  -------------------------------------------------------------------    -------------------

                         (clock clk_out1_kvq_phase1_bd_clk_wiz_0_0 rise edge)
                                                      0.000     0.000 r  
    BUFG_PS_X0Y80        BUFG_PS                      0.000     0.000 r  kvq_phase1_bd_i/ps_e_0/inst/buffer_pl_clk_0.PL_CLK_0_BUFG/O
                         net (fo=1, routed)           2.002     2.002    kvq_phase1_bd_i/clk_wiz_0/inst/clk_in1
    MMCM_X1Y0            MMCME4_ADV (Prop_MMCM_CLKIN1_CLKOUT0)
                                                     -0.127     1.875 r  kvq_phase1_bd_i/clk_wiz_0/inst/mmcme4_adv_inst/CLKOUT0
                         net (fo=1, routed)           0.245     2.120    kvq_phase1_bd_i/clk_wiz_0/inst/clk_out1_kvq_phase1_bd_clk_wiz_0_0
    BUFGCE_X1Y17         BUFGCE (Prop_BUFCE_BUFGCE_I_O)
                                                      0.028     2.148 r  kvq_phase1_bd_i/clk_wiz_0/inst/clkout1_buf/O
    X1Y2 (CLOCK_ROOT)    net (fo=31167, routed)       2.351     4.499    kvq_phase1_bd_i/kvq_top_0/inst/u_kvq_top/u_arb/clk
    SLICE_X38Y323        FDCE                                         r  kvq_phase1_bd_i/kvq_top_0/inst/u_kvq_top/u_arb/t2_w_reg[1][slack][13]/C
                         clock pessimism              0.360     4.859    
    SLICE_X38Y323        FDCE (Remov_HFF_SLICEL_C_CLR)
                                                     -0.032     4.827    kvq_phase1_bd_i/kvq_top_0/inst/u_kvq_top/u_arb/t2_w_reg[1][slack][13]
  -------------------------------------------------------------------
                         required time                         -4.827    
                         arrival time                           4.917    
  -------------------------------------------------------------------
                         slack                                  0.089    





