Copyright 1986-2022 Xilinx, Inc. All Rights Reserved. Copyright 2022-2025 Advanced Micro Devices, Inc. All Rights Reserved.
---------------------------------------------------------------------------------------------------------------------------------------------------------------
| Tool Version      : Vivado v.2025.2 (lin64) Build 6299465 Fri Nov 14 12:34:56 MST 2025
| Date              : Mon May 25 16:48:45 2026
| Host              : jotshawlinux-Legion running 64-bit Ubuntu 24.04.4 LTS
| Command           : report_timing_summary -file /home/jotshawlinux/cxl-kv-forge-qos/results/impl/strategy_Performance_ExploreWithRemap/post_route_timing.rpt
| Design            : kvq_phase1_bd_wrapper
| Device            : xczu7ev-ffvc1156
| Speed File        : -2  PRODUCTION 1.30 05-15-2022
| Design State      : Physopt postRoute
| Temperature Grade : E
---------------------------------------------------------------------------------------------------------------------------------------------------------------

Timing Summary Report

------------------------------------------------------------------------------------------------
| Timer Settings
| --------------
------------------------------------------------------------------------------------------------

  Enable Multi Corner Analysis               :  Yes
  Enable Pessimism Removal                   :  Yes
  Pessimism Removal Resolution               :  Nearest Common Node
  Enable Input Delay Default Clock           :  No
  Enable Preset / Clear Arcs                 :  No
  Disable Flight Delays                      :  No
  Ignore I/O Paths                           :  No
  Timing Early Launch at Borrowing Latches   :  No
  Borrow Time for Max Delay Exceptions       :  Yes
  Merge Timing Exceptions                    :  Yes
  Inter-SLR Compensation                     :  Conservative

  Corner  Analyze    Analyze    
  Name    Max Paths  Min Paths  
  ------  ---------  ---------  
  Slow    Yes        Yes        
  Fast    Yes        Yes        


------------------------------------------------------------------------------------------------
| Report Methodology
| ------------------
------------------------------------------------------------------------------------------------

Rule      Severity          Description                                         Violations  
--------  ----------------  --------------------------------------------------  ----------  
TIMING-2  Critical Warning  Invalid primary clock source pin                    1           
TIMING-4  Critical Warning  Invalid primary clock redefinition on a clock tree  1           
CLKC-56   Advisory          MMCME4 with global clock driver has no LOC          1           

Note: This report is based on the most recent report_methodology run and may not be up-to-date. Run report_methodology on the current design for the latest report.



check_timing report

Table of Contents
-----------------
1. checking no_clock (0)
2. checking constant_clock (0)
3. checking pulse_width_clock (0)
4. checking unconstrained_internal_endpoints (0)
5. checking no_input_delay (0)
6. checking no_output_delay (0)
7. checking multiple_clock (0)
8. checking generated_clocks (0)
9. checking loops (0)
10. checking partial_input_delay (0)
11. checking partial_output_delay (0)
12. checking latch_loops (0)

1. checking no_clock (0)
------------------------
 There are 0 register/latch pins with no clock.


2. checking constant_clock (0)
------------------------------
 There are 0 register/latch pins with constant_clock.


3. checking pulse_width_clock (0)
---------------------------------
 There are 0 register/latch pins which need pulse_width check


4. checking unconstrained_internal_endpoints (0)
------------------------------------------------
 There are 0 pins that are not constrained for maximum delay.

 There are 0 pins that are not constrained for maximum delay due to constant clock.


5. checking no_input_delay (0)
------------------------------
 There are 0 input ports with no input delay specified.

 There are 0 input ports with no input delay but user has a false path constraint.


6. checking no_output_delay (0)
-------------------------------
 There are 0 ports with no output delay specified.

 There are 0 ports with no output delay but user has a false path constraint

 There are 0 ports with no output delay but with a timing clock defined on it or propagating through it


7. checking multiple_clock (0)
------------------------------
 There are 0 register/latch pins with multiple clocks.


8. checking generated_clocks (0)
--------------------------------
 There are 0 generated clocks that are not connected to a clock source.


9. checking loops (0)
---------------------
 There are 0 combinational loops in the design.


10. checking partial_input_delay (0)
------------------------------------
 There are 0 input ports with partial input delay specified.


11. checking partial_output_delay (0)
-------------------------------------
 There are 0 ports with partial output delay specified.


12. checking latch_loops (0)
----------------------------
 There are 0 combinational latch loops in the design through latch input



------------------------------------------------------------------------------------------------
| Design Timing Summary
| ---------------------
------------------------------------------------------------------------------------------------

    WNS(ns)      TNS(ns)  TNS Failing Endpoints  TNS Total Endpoints      WHS(ns)      THS(ns)  THS Failing Endpoints  THS Total Endpoints     WPWS(ns)     TPWS(ns)  TPWS Failing Endpoints  TPWS Total Endpoints  
    -------      -------  ---------------------  -------------------      -------      -------  ---------------------  -------------------     --------     --------  ----------------------  --------------------  
     -0.653    -4537.682                  15271                76350        0.007        0.000                      0                76350       -0.500       -2.000                       4                 30698  


Timing constraints are not met.


------------------------------------------------------------------------------------------------
| Clock Summary
| -------------
------------------------------------------------------------------------------------------------

Clock                                   Waveform(ns)         Period(ns)      Frequency(MHz)
-----                                   ------------         ----------      --------------
clk_pl_0                                {0.000 5.156}        10.312          96.974          
kvq_phase1_bd_i/clk_wiz_0/inst/clk_in1  {0.000 5.156}        10.313          96.965          
  clk_out1_kvq_phase1_bd_clk_wiz_0_0    {0.000 1.250}        2.500           399.981         


------------------------------------------------------------------------------------------------
| Intra Clock Table
| -----------------
------------------------------------------------------------------------------------------------

Clock                                       WNS(ns)      TNS(ns)  TNS Failing Endpoints  TNS Total Endpoints      WHS(ns)      THS(ns)  THS Failing Endpoints  THS Total Endpoints     WPWS(ns)     TPWS(ns)  TPWS Failing Endpoints  TPWS Total Endpoints  
-----                                       -------      -------  ---------------------  -------------------      -------      -------  ---------------------  -------------------     --------     --------  ----------------------  --------------------  
kvq_phase1_bd_i/clk_wiz_0/inst/clk_in1                                                                                                                                                    2.063        0.000                       0                     1  
  clk_out1_kvq_phase1_bd_clk_wiz_0_0         -0.653    -4537.682                  15271                69542        0.007        0.000                      0                69542       -0.500       -2.000                       4                 30697  


------------------------------------------------------------------------------------------------
| Inter Clock Table
| -----------------
------------------------------------------------------------------------------------------------

From Clock    To Clock          WNS(ns)      TNS(ns)  TNS Failing Endpoints  TNS Total Endpoints      WHS(ns)      THS(ns)  THS Failing Endpoints  THS Total Endpoints  
----------    --------          -------      -------  ---------------------  -------------------      -------      -------  ---------------------  -------------------  


------------------------------------------------------------------------------------------------
| Other Path Groups Table
| -----------------------
------------------------------------------------------------------------------------------------

Path Group                          From Clock                          To Clock                                WNS(ns)      TNS(ns)  TNS Failing Endpoints  TNS Total Endpoints      WHS(ns)      THS(ns)  THS Failing Endpoints  THS Total Endpoints  
----------                          ----------                          --------                                -------      -------  ---------------------  -------------------      -------      -------  ---------------------  -------------------  
**async_default**                   clk_out1_kvq_phase1_bd_clk_wiz_0_0  clk_out1_kvq_phase1_bd_clk_wiz_0_0        0.039        0.000                      0                 6808        0.068        0.000                      0                 6808  


------------------------------------------------------------------------------------------------
| Timing Details
| --------------
------------------------------------------------------------------------------------------------


---------------------------------------------------------------------------------------------------
From Clock:  kvq_phase1_bd_i/clk_wiz_0/inst/clk_in1
  To Clock:  kvq_phase1_bd_i/clk_wiz_0/inst/clk_in1

Setup :           NA  Failing Endpoints,  Worst Slack           NA  ,  Total Violation           NA
Hold  :           NA  Failing Endpoints,  Worst Slack           NA  ,  Total Violation           NA
PW    :            0  Failing Endpoints,  Worst Slack        2.063ns,  Total Violation        0.000ns
---------------------------------------------------------------------------------------------------


Pulse Width Checks
--------------------------------------------------------------------------------------
Clock Name:         kvq_phase1_bd_i/clk_wiz_0/inst/clk_in1
Waveform(ns):       { 0.000 5.156 }
Period(ns):         10.313
Sources:            { kvq_phase1_bd_i/clk_wiz_0/inst/clk_in1 }

Check Type        Corner  Lib Pin            Reference Pin  Required(ns)  Actual(ns)  Slack(ns)  Location   Pin
Min Period        n/a     MMCME4_ADV/CLKIN1  n/a            1.071         10.313      9.242      MMCM_X1Y0  kvq_phase1_bd_i/clk_wiz_0/inst/mmcme4_adv_inst/CLKIN1
Max Period        n/a     MMCME4_ADV/CLKIN1  n/a            100.000       10.313      89.687     MMCM_X1Y0  kvq_phase1_bd_i/clk_wiz_0/inst/mmcme4_adv_inst/CLKIN1
Low Pulse Width   Slow    MMCME4_ADV/CLKIN1  n/a            3.094         5.157       2.063      MMCM_X1Y0  kvq_phase1_bd_i/clk_wiz_0/inst/mmcme4_adv_inst/CLKIN1
High Pulse Width  Slow    MMCME4_ADV/CLKIN1  n/a            3.094         5.156       2.063      MMCM_X1Y0  kvq_phase1_bd_i/clk_wiz_0/inst/mmcme4_adv_inst/CLKIN1



---------------------------------------------------------------------------------------------------
From Clock:  clk_out1_kvq_phase1_bd_clk_wiz_0_0
  To Clock:  clk_out1_kvq_phase1_bd_clk_wiz_0_0

Setup :        15271  Failing Endpoints,  Worst Slack       -0.653ns,  Total Violation    -4537.681ns
Hold  :            0  Failing Endpoints,  Worst Slack        0.007ns,  Total Violation        0.000ns
PW    :            4  Failing Endpoints,  Worst Slack       -0.500ns,  Total Violation       -2.000ns
---------------------------------------------------------------------------------------------------


Max Delay Paths
--------------------------------------------------------------------------------------
Slack (VIOLATED) :        -0.653ns  (required time - arrival time)
  Source:                 kvq_phase1_bd_i/kvq_top_0/inst/u_kvq_top/u_credit/g_buckets[2].u_bucket/credit_r_reg[0]/C
                            (rising edge-triggered cell FDPE clocked by clk_out1_kvq_phase1_bd_clk_wiz_0_0  {rise@0.000ns fall@1.250ns period=2.500ns})
  Destination:            kvq_phase1_bd_i/kvq_top_0/inst/u_kvq_top/u_credit/g_buckets[2].u_bucket/credit_r_reg[5]/D
                            (rising edge-triggered cell FDPE clocked by clk_out1_kvq_phase1_bd_clk_wiz_0_0  {rise@0.000ns fall@1.250ns period=2.500ns})
  Path Group:             clk_out1_kvq_phase1_bd_clk_wiz_0_0
  Path Type:              Setup (Max at Slow Process Corner)
  Requirement:            2.500ns  (clk_out1_kvq_phase1_bd_clk_wiz_0_0 rise@2.500ns - clk_out1_kvq_phase1_bd_clk_wiz_0_0 rise@0.000ns)
  Data Path Delay:        3.074ns  (logic 1.012ns (32.916%)  route 2.062ns (67.084%))
  Logic Levels:           12  (CARRY8=8 LUT2=1 LUT3=1 LUT5=1 LUT6=1)
  Clock Path Skew:        -0.046ns (DCD - SCD + CPR)
    Destination Clock Delay (DCD):    4.931ns = ( 7.431 - 2.500 ) 
    Source Clock Delay      (SCD):    4.634ns
    Clock Pessimism Removal (CPR):    -0.343ns
  Clock Uncertainty:      0.057ns  ((TSJ^2 + DJ^2)^1/2) / 2 + PE
    Total System Jitter     (TSJ):    0.071ns
    Discrete Jitter          (DJ):    0.090ns
    Phase Error              (PE):    0.000ns
  Clock Net Delay (Source):      2.486ns (routing 1.055ns, distribution 1.431ns)
  Clock Net Delay (Destination): 2.266ns (routing 0.957ns, distribution 1.309ns)

    Location             Delay type                Incr(ns)  Path(ns)    Netlist Resource(s)
  -------------------------------------------------------------------    -------------------
                         (clock clk_out1_kvq_phase1_bd_clk_wiz_0_0 rise edge)
                                                      0.000     0.000 r  
    BUFG_PS_X0Y80        BUFG_PS                      0.000     0.000 r  kvq_phase1_bd_i/ps_e_0/inst/buffer_pl_clk_0.PL_CLK_0_BUFG/O
                         net (fo=1, routed)           2.002     2.002    kvq_phase1_bd_i/clk_wiz_0/inst/clk_in1
    MMCM_X1Y0            MMCME4_ADV (Prop_MMCM_CLKIN1_CLKOUT0)
                                                     -0.127     1.875 r  kvq_phase1_bd_i/clk_wiz_0/inst/mmcme4_adv_inst/CLKOUT0
                         net (fo=1, routed)           0.245     2.120    kvq_phase1_bd_i/clk_wiz_0/inst/clk_out1_kvq_phase1_bd_clk_wiz_0_0
    BUFGCE_X1Y17         BUFGCE (Prop_BUFCE_BUFGCE_I_O)
                                                      0.028     2.148 r  kvq_phase1_bd_i/clk_wiz_0/inst/clkout1_buf/O
    X2Y3 (CLOCK_ROOT)    net (fo=30695, routed)       2.486     4.634    kvq_phase1_bd_i/kvq_top_0/inst/u_kvq_top/u_credit/g_buckets[2].u_bucket/clk
    SLICE_X70Y188        FDPE                                         r  kvq_phase1_bd_i/kvq_top_0/inst/u_kvq_top/u_credit/g_buckets[2].u_bucket/credit_r_reg[0]/C
  -------------------------------------------------------------------    -------------------
    SLICE_X70Y188        FDPE (Prop_AFF_SLICEM_C_Q)
                                                      0.077     4.711 r  kvq_phase1_bd_i/kvq_top_0/inst/u_kvq_top/u_credit/g_buckets[2].u_bucket/credit_r_reg[0]/Q
                         net (fo=3, routed)           0.361     5.072    kvq_phase1_bd_i/kvq_top_0/inst/u_kvq_top/u_credit/g_buckets[2].u_bucket/credit_r_reg[31]_0[0]
    SLICE_X76Y195        LUT3 (Prop_A6LUT_SLICEL_I0_O)
                                                      0.050     5.122 r  kvq_phase1_bd_i/kvq_top_0/inst/u_kvq_top/u_credit/g_buckets[2].u_bucket/refilled1_carry_i_34/O
                         net (fo=1, routed)           0.009     5.131    kvq_phase1_bd_i/kvq_top_0/inst/u_kvq_top/u_credit/g_buckets[2].u_bucket/refilled1_carry_i_34_n_0
    SLICE_X76Y195        CARRY8 (Prop_CARRY8_SLICEL_S[0]_CO[7])
                                                      0.190     5.321 r  kvq_phase1_bd_i/kvq_top_0/inst/u_kvq_top/u_credit/g_buckets[2].u_bucket/refilled1_carry_i_18__1/CO[7]
                         net (fo=1, routed)           0.026     5.347    kvq_phase1_bd_i/kvq_top_0/inst/u_kvq_top/u_credit/g_buckets[2].u_bucket/refilled1_carry_i_18__1_n_0
    SLICE_X76Y196        CARRY8 (Prop_CARRY8_SLICEL_CI_O[7])
                                                      0.116     5.463 f  kvq_phase1_bd_i/kvq_top_0/inst/u_kvq_top/u_credit/g_buckets[2].u_bucket/refilled1_carry_i_17__1/O[7]
                         net (fo=6, routed)           0.357     5.820    kvq_phase1_bd_i/kvq_top_0/inst/u_kvq_top/u_credit/g_buckets[2].u_bucket/refilled2[15]
    SLICE_X75Y196        LUT2 (Prop_H6LUT_SLICEL_I1_O)
                                                      0.051     5.871 r  kvq_phase1_bd_i/kvq_top_0/inst/u_kvq_top/u_credit/g_buckets[2].u_bucket/refilled1_carry_i_9__1/O
                         net (fo=1, routed)           0.010     5.881    kvq_phase1_bd_i/kvq_top_0/inst/u_kvq_top/u_credit/g_buckets[2].u_bucket/refilled1_carry_i_9__1_n_0
    SLICE_X75Y196        CARRY8 (Prop_CARRY8_SLICEL_S[7]_CO[7])
                                                      0.115     5.996 r  kvq_phase1_bd_i/kvq_top_0/inst/u_kvq_top/u_credit/g_buckets[2].u_bucket/refilled1_carry/CO[7]
                         net (fo=1, routed)           0.026     6.022    kvq_phase1_bd_i/kvq_top_0/inst/u_kvq_top/u_credit/g_buckets[2].u_bucket/refilled1_carry_n_0
    SLICE_X75Y197        CARRY8 (Prop_CARRY8_SLICEL_CI_CO[7])
                                                      0.015     6.037 r  kvq_phase1_bd_i/kvq_top_0/inst/u_kvq_top/u_credit/g_buckets[2].u_bucket/refilled1_carry__0/CO[7]
                         net (fo=1, routed)           0.026     6.063    kvq_phase1_bd_i/kvq_top_0/inst/u_kvq_top/u_credit/g_buckets[2].u_bucket/refilled1_carry__0_n_0
    SLICE_X75Y198        CARRY8 (Prop_CARRY8_SLICEL_CI_CO[0])
                                                      0.052     6.115 r  kvq_phase1_bd_i/kvq_top_0/inst/u_kvq_top/u_credit/g_buckets[2].u_bucket/refilled1_carry__1/CO[0]
                         net (fo=101, routed)         0.418     6.533    kvq_phase1_bd_i/kvq_top_0/inst/u_kvq_top/u_credit/g_buckets[2].u_bucket/refilled1__144
    SLICE_X75Y203        LUT6 (Prop_D6LUT_SLICEL_I2_O)
                                                      0.036     6.569 r  kvq_phase1_bd_i/kvq_top_0/inst/u_kvq_top/u_credit/g_buckets[2].u_bucket/next_credit1_carry_i_16__1_rewire/O
                         net (fo=1, routed)           0.223     6.792    kvq_phase1_bd_i/kvq_top_0/inst/u_kvq_top/u_credit/g_buckets[2].u_bucket/next_credit1_carry_i_16__1_n_0
    SLICE_X74Y201        CARRY8 (Prop_CARRY8_SLICEM_S[0]_CO[7])
                                                      0.192     6.984 r  kvq_phase1_bd_i/kvq_top_0/inst/u_kvq_top/u_credit/g_buckets[2].u_bucket/next_credit1_carry/CO[7]
                         net (fo=1, routed)           0.026     7.010    kvq_phase1_bd_i/kvq_top_0/inst/u_kvq_top/u_credit/g_buckets[2].u_bucket/next_credit1_carry_n_0
    SLICE_X74Y202        CARRY8 (Prop_CARRY8_SLICEM_CI_CO[7])
                                                      0.015     7.025 r  kvq_phase1_bd_i/kvq_top_0/inst/u_kvq_top/u_credit/g_buckets[2].u_bucket/next_credit1_carry__0/CO[7]
                         net (fo=1, routed)           0.026     7.051    kvq_phase1_bd_i/kvq_top_0/inst/u_kvq_top/u_credit/g_buckets[2].u_bucket/next_credit1_carry__0_n_0
    SLICE_X74Y203        CARRY8 (Prop_CARRY8_SLICEM_CI_CO[0])
                                                      0.052     7.103 r  kvq_phase1_bd_i/kvq_top_0/inst/u_kvq_top/u_credit/g_buckets[2].u_bucket/next_credit1_carry__1/CO[0]
                         net (fo=32, routed)          0.505     7.608    kvq_phase1_bd_i/kvq_top_0/inst/u_kvq_top/u_credit/g_buckets[2].u_bucket/next_credit1__52
    SLICE_X77Y190        LUT5 (Prop_B6LUT_SLICEL_I0_O)
                                                      0.051     7.659 r  kvq_phase1_bd_i/kvq_top_0/inst/u_kvq_top/u_credit/g_buckets[2].u_bucket/credit_r[5]_i_1__3/O
                         net (fo=1, routed)           0.049     7.708    kvq_phase1_bd_i/kvq_top_0/inst/u_kvq_top/u_credit/g_buckets[2].u_bucket/credit_r[5]_i_1__3_n_0
    SLICE_X77Y190        FDPE                                         r  kvq_phase1_bd_i/kvq_top_0/inst/u_kvq_top/u_credit/g_buckets[2].u_bucket/credit_r_reg[5]/D
  -------------------------------------------------------------------    -------------------

                         (clock clk_out1_kvq_phase1_bd_clk_wiz_0_0 rise edge)
                                                      2.500     2.500 r  
    BUFG_PS_X0Y80        BUFG_PS                      0.000     2.500 r  kvq_phase1_bd_i/ps_e_0/inst/buffer_pl_clk_0.PL_CLK_0_BUFG/O
                         net (fo=1, routed)           1.795     4.295    kvq_phase1_bd_i/clk_wiz_0/inst/clk_in1
    MMCM_X1Y0            MMCME4_ADV (Prop_MMCM_CLKIN1_CLKOUT0)
                                                      0.630     4.925 r  kvq_phase1_bd_i/clk_wiz_0/inst/mmcme4_adv_inst/CLKOUT0
                         net (fo=1, routed)           0.216     5.141    kvq_phase1_bd_i/clk_wiz_0/inst/clk_out1_kvq_phase1_bd_clk_wiz_0_0
    BUFGCE_X1Y17         BUFGCE (Prop_BUFCE_BUFGCE_I_O)
                                                      0.024     5.165 r  kvq_phase1_bd_i/clk_wiz_0/inst/clkout1_buf/O
    X2Y3 (CLOCK_ROOT)    net (fo=30695, routed)       2.266     7.431    kvq_phase1_bd_i/kvq_top_0/inst/u_kvq_top/u_credit/g_buckets[2].u_bucket/clk
    SLICE_X77Y190        FDPE                                         r  kvq_phase1_bd_i/kvq_top_0/inst/u_kvq_top/u_credit/g_buckets[2].u_bucket/credit_r_reg[5]/C
                         clock pessimism             -0.343     7.088    
                         clock uncertainty           -0.057     7.030    
    SLICE_X77Y190        FDPE (Setup_BFF_SLICEL_C_D)
                                                      0.025     7.055    kvq_phase1_bd_i/kvq_top_0/inst/u_kvq_top/u_credit/g_buckets[2].u_bucket/credit_r_reg[5]
  -------------------------------------------------------------------
                         required time                          7.055    
                         arrival time                          -7.708    
  -------------------------------------------------------------------
                         slack                                 -0.653    





Min Delay Paths
--------------------------------------------------------------------------------------
Slack (MET) :             0.007ns  (arrival time - required time)
  Source:                 kvq_phase1_bd_i/kvq_top_0/inst/u_kvq_top/u_arb/deq_grant_q_reg[7]/C
                            (rising edge-triggered cell FDCE clocked by clk_out1_kvq_phase1_bd_clk_wiz_0_0  {rise@0.000ns fall@1.250ns period=2.500ns})
  Destination:            kvq_phase1_bd_i/kvq_top_0/inst/u_kvq_top/u_qmgr/deq_grant_r_reg[7]/D
                            (rising edge-triggered cell FDCE clocked by clk_out1_kvq_phase1_bd_clk_wiz_0_0  {rise@0.000ns fall@1.250ns period=2.500ns})
  Path Group:             clk_out1_kvq_phase1_bd_clk_wiz_0_0
  Path Type:              Hold (Min at Slow Process Corner)
  Requirement:            0.000ns  (clk_out1_kvq_phase1_bd_clk_wiz_0_0 rise@0.000ns - clk_out1_kvq_phase1_bd_clk_wiz_0_0 rise@0.000ns)
  Data Path Delay:        0.129ns  (logic 0.058ns (44.961%)  route 0.071ns (55.039%))
  Logic Levels:           0  
  Clock Path Skew:        0.060ns (DCD - SCD - CPR)
    Destination Clock Delay (DCD):    4.751ns
    Source Clock Delay      (SCD):    5.027ns
    Clock Pessimism Removal (CPR):    -0.336ns
  Clock Net Delay (Source):      2.362ns (routing 0.957ns, distribution 1.405ns)
  Clock Net Delay (Destination): 2.603ns (routing 1.055ns, distribution 1.548ns)

    Location             Delay type                Incr(ns)  Path(ns)    Netlist Resource(s)
  -------------------------------------------------------------------    -------------------
                         (clock clk_out1_kvq_phase1_bd_clk_wiz_0_0 rise edge)
                                                      0.000     0.000 r  
    BUFG_PS_X0Y80        BUFG_PS                      0.000     0.000 r  kvq_phase1_bd_i/ps_e_0/inst/buffer_pl_clk_0.PL_CLK_0_BUFG/O
                         net (fo=1, routed)           1.795     1.795    kvq_phase1_bd_i/clk_wiz_0/inst/clk_in1
    MMCM_X1Y0            MMCME4_ADV (Prop_MMCM_CLKIN1_CLKOUT0)
                                                      0.630     2.425 r  kvq_phase1_bd_i/clk_wiz_0/inst/mmcme4_adv_inst/CLKOUT0
                         net (fo=1, routed)           0.216     2.641    kvq_phase1_bd_i/clk_wiz_0/inst/clk_out1_kvq_phase1_bd_clk_wiz_0_0
    BUFGCE_X1Y17         BUFGCE (Prop_BUFCE_BUFGCE_I_O)
                                                      0.024     2.665 r  kvq_phase1_bd_i/clk_wiz_0/inst/clkout1_buf/O
    X2Y3 (CLOCK_ROOT)    net (fo=30695, routed)       2.362     5.027    kvq_phase1_bd_i/kvq_top_0/inst/u_kvq_top/u_arb/clk
    SLICE_X60Y185        FDCE                                         r  kvq_phase1_bd_i/kvq_top_0/inst/u_kvq_top/u_arb/deq_grant_q_reg[7]/C
  -------------------------------------------------------------------    -------------------
    SLICE_X60Y185        FDCE (Prop_CFF_SLICEL_C_Q)
                                                      0.058     5.085 r  kvq_phase1_bd_i/kvq_top_0/inst/u_kvq_top/u_arb/deq_grant_q_reg[7]/Q
                         net (fo=1, routed)           0.071     5.156    kvq_phase1_bd_i/kvq_top_0/inst/u_kvq_top/u_qmgr/deq_grant_r_reg[7]_0[7]
    SLICE_X60Y185        FDCE                                         r  kvq_phase1_bd_i/kvq_top_0/inst/u_kvq_top/u_qmgr/deq_grant_r_reg[7]/D
  -------------------------------------------------------------------    -------------------

                         (clock clk_out1_kvq_phase1_bd_clk_wiz_0_0 rise edge)
                                                      0.000     0.000 r  
    BUFG_PS_X0Y80        BUFG_PS                      0.000     0.000 r  kvq_phase1_bd_i/ps_e_0/inst/buffer_pl_clk_0.PL_CLK_0_BUFG/O
                         net (fo=1, routed)           2.002     2.002    kvq_phase1_bd_i/clk_wiz_0/inst/clk_in1
    MMCM_X1Y0            MMCME4_ADV (Prop_MMCM_CLKIN1_CLKOUT0)
                                                     -0.127     1.875 r  kvq_phase1_bd_i/clk_wiz_0/inst/mmcme4_adv_inst/CLKOUT0
                         net (fo=1, routed)           0.245     2.120    kvq_phase1_bd_i/clk_wiz_0/inst/clk_out1_kvq_phase1_bd_clk_wiz_0_0
    BUFGCE_X1Y17         BUFGCE (Prop_BUFCE_BUFGCE_I_O)
                                                      0.028     2.148 r  kvq_phase1_bd_i/clk_wiz_0/inst/clkout1_buf/O
    X2Y3 (CLOCK_ROOT)    net (fo=30695, routed)       2.603     4.751    kvq_phase1_bd_i/kvq_top_0/inst/u_kvq_top/u_qmgr/clk
    SLICE_X60Y185        FDCE                                         r  kvq_phase1_bd_i/kvq_top_0/inst/u_kvq_top/u_qmgr/deq_grant_r_reg[7]/C
                         clock pessimism              0.336     5.087    
    SLICE_X60Y185        FDCE (Hold_FFF2_SLICEL_C_D)
                                                      0.062     5.149    kvq_phase1_bd_i/kvq_top_0/inst/u_kvq_top/u_qmgr/deq_grant_r_reg[7]
  -------------------------------------------------------------------
                         required time                         -5.149    
                         arrival time                           5.156    
  -------------------------------------------------------------------
                         slack                                  0.007    





Pulse Width Checks
--------------------------------------------------------------------------------------
Clock Name:         clk_out1_kvq_phase1_bd_clk_wiz_0_0
Waveform(ns):       { 0.000 1.250 }
Period(ns):         2.500
Sources:            { kvq_phase1_bd_i/clk_wiz_0/inst/mmcme4_adv_inst/CLKOUT0 }

Check Type        Corner  Lib Pin          Reference Pin  Required(ns)  Actual(ns)  Slack(ns)  Location  Pin
Min Period        n/a     PS8/MAXIGP0ACLK  n/a            3.000         2.500       -0.500     PS8_X0Y0  kvq_phase1_bd_i/ps_e_0/inst/PS8_i/MAXIGP0ACLK
Low Pulse Width   Slow    PS8/MAXIGP0ACLK  n/a            1.500         1.250       -0.250     PS8_X0Y0  kvq_phase1_bd_i/ps_e_0/inst/PS8_i/MAXIGP0ACLK
High Pulse Width  Slow    PS8/MAXIGP0ACLK  n/a            1.500         1.250       -0.250     PS8_X0Y0  kvq_phase1_bd_i/ps_e_0/inst/PS8_i/MAXIGP0ACLK



---------------------------------------------------------------------------------------------------
Path Group:  **async_default**
From Clock:  clk_out1_kvq_phase1_bd_clk_wiz_0_0
  To Clock:  clk_out1_kvq_phase1_bd_clk_wiz_0_0

Setup :            0  Failing Endpoints,  Worst Slack        0.039ns,  Total Violation        0.000ns
Hold  :            0  Failing Endpoints,  Worst Slack        0.068ns,  Total Violation        0.000ns
---------------------------------------------------------------------------------------------------


Max Delay Paths
--------------------------------------------------------------------------------------
Slack (MET) :             0.039ns  (required time - arrival time)
  Source:                 kvq_phase1_bd_i/reset_0/U0/ACTIVE_LOW_PR_OUT_DFF[0].FDRE_PER_N_replica_2/C
                            (rising edge-triggered cell FDRE clocked by clk_out1_kvq_phase1_bd_clk_wiz_0_0  {rise@0.000ns fall@1.250ns period=2.500ns})
  Destination:            kvq_phase1_bd_i/kvq_top_0/inst/u_kvq_top/u_qmgr/deq_req_r_reg[6][prio][0]/CLR
                            (recovery check against rising-edge clock clk_out1_kvq_phase1_bd_clk_wiz_0_0  {rise@0.000ns fall@1.250ns period=2.500ns})
  Path Group:             **async_default**
  Path Type:              Recovery (Max at Slow Process Corner)
  Requirement:            2.500ns  (clk_out1_kvq_phase1_bd_clk_wiz_0_0 rise@2.500ns - clk_out1_kvq_phase1_bd_clk_wiz_0_0 rise@0.000ns)
  Data Path Delay:        2.245ns  (logic 0.079ns (3.518%)  route 2.166ns (96.482%))
  Logic Levels:           0  
  Clock Path Skew:        -0.092ns (DCD - SCD + CPR)
    Destination Clock Delay (DCD):    4.898ns = ( 7.398 - 2.500 ) 
    Source Clock Delay      (SCD):    4.575ns
    Clock Pessimism Removal (CPR):    -0.415ns
  Clock Uncertainty:      0.057ns  ((TSJ^2 + DJ^2)^1/2) / 2 + PE
    Total System Jitter     (TSJ):    0.071ns
    Discrete Jitter          (DJ):    0.090ns
    Phase Error              (PE):    0.000ns
  Clock Net Delay (Source):      2.427ns (routing 1.055ns, distribution 1.372ns)
  Clock Net Delay (Destination): 2.233ns (routing 0.957ns, distribution 1.276ns)

    Location             Delay type                Incr(ns)  Path(ns)    Netlist Resource(s)
  -------------------------------------------------------------------    -------------------
                         (clock clk_out1_kvq_phase1_bd_clk_wiz_0_0 rise edge)
                                                      0.000     0.000 r  
    BUFG_PS_X0Y80        BUFG_PS                      0.000     0.000 r  kvq_phase1_bd_i/ps_e_0/inst/buffer_pl_clk_0.PL_CLK_0_BUFG/O
                         net (fo=1, routed)           2.002     2.002    kvq_phase1_bd_i/clk_wiz_0/inst/clk_in1
    MMCM_X1Y0            MMCME4_ADV (Prop_MMCM_CLKIN1_CLKOUT0)
                                                     -0.127     1.875 r  kvq_phase1_bd_i/clk_wiz_0/inst/mmcme4_adv_inst/CLKOUT0
                         net (fo=1, routed)           0.245     2.120    kvq_phase1_bd_i/clk_wiz_0/inst/clk_out1_kvq_phase1_bd_clk_wiz_0_0
    BUFGCE_X1Y17         BUFGCE (Prop_BUFCE_BUFGCE_I_O)
                                                      0.028     2.148 r  kvq_phase1_bd_i/clk_wiz_0/inst/clkout1_buf/O
    X2Y3 (CLOCK_ROOT)    net (fo=30695, routed)       2.427     4.575    kvq_phase1_bd_i/reset_0/U0/slowest_sync_clk
    SLICE_X66Y224        FDRE                                         r  kvq_phase1_bd_i/reset_0/U0/ACTIVE_LOW_PR_OUT_DFF[0].FDRE_PER_N_replica_2/C
  -------------------------------------------------------------------    -------------------
    SLICE_X66Y224        FDRE (Prop_EFF_SLICEL_C_Q)
                                                      0.079     4.654 r  kvq_phase1_bd_i/reset_0/U0/ACTIVE_LOW_PR_OUT_DFF[0].FDRE_PER_N_replica_2/Q
                         net (fo=214, routed)         2.166     6.820    kvq_phase1_bd_i/kvq_top_0/inst/u_kvq_top/u_qmgr/peripheral_aresetn[0]_repN_2_alias
    SLICE_X71Y179        FDCE                                         f  kvq_phase1_bd_i/kvq_top_0/inst/u_kvq_top/u_qmgr/deq_req_r_reg[6][prio][0]/CLR  (IS_INVERTED)
  -------------------------------------------------------------------    -------------------

                         (clock clk_out1_kvq_phase1_bd_clk_wiz_0_0 rise edge)
                                                      2.500     2.500 r  
    BUFG_PS_X0Y80        BUFG_PS                      0.000     2.500 r  kvq_phase1_bd_i/ps_e_0/inst/buffer_pl_clk_0.PL_CLK_0_BUFG/O
                         net (fo=1, routed)           1.795     4.295    kvq_phase1_bd_i/clk_wiz_0/inst/clk_in1
    MMCM_X1Y0            MMCME4_ADV (Prop_MMCM_CLKIN1_CLKOUT0)
                                                      0.630     4.925 r  kvq_phase1_bd_i/clk_wiz_0/inst/mmcme4_adv_inst/CLKOUT0
                         net (fo=1, routed)           0.216     5.141    kvq_phase1_bd_i/clk_wiz_0/inst/clk_out1_kvq_phase1_bd_clk_wiz_0_0
    BUFGCE_X1Y17         BUFGCE (Prop_BUFCE_BUFGCE_I_O)
                                                      0.024     5.165 r  kvq_phase1_bd_i/clk_wiz_0/inst/clkout1_buf/O
    X2Y3 (CLOCK_ROOT)    net (fo=30695, routed)       2.233     7.398    kvq_phase1_bd_i/kvq_top_0/inst/u_kvq_top/u_qmgr/clk
    SLICE_X71Y179        FDCE                                         r  kvq_phase1_bd_i/kvq_top_0/inst/u_kvq_top/u_qmgr/deq_req_r_reg[6][prio][0]/C
                         clock pessimism             -0.415     6.983    
                         clock uncertainty           -0.057     6.926    
    SLICE_X71Y179        FDCE (Recov_CFF_SLICEM_C_CLR)
                                                     -0.066     6.860    kvq_phase1_bd_i/kvq_top_0/inst/u_kvq_top/u_qmgr/deq_req_r_reg[6][prio][0]
  -------------------------------------------------------------------
                         required time                          6.860    
                         arrival time                          -6.820    
  -------------------------------------------------------------------
                         slack                                  0.039    





Min Delay Paths
--------------------------------------------------------------------------------------
Slack (MET) :             0.068ns  (arrival time - required time)
  Source:                 kvq_phase1_bd_i/reset_0/U0/ACTIVE_LOW_PR_OUT_DFF[0].FDRE_PER_N_replica_28/C
                            (rising edge-triggered cell FDRE clocked by clk_out1_kvq_phase1_bd_clk_wiz_0_0  {rise@0.000ns fall@1.250ns period=2.500ns})
  Destination:            kvq_phase1_bd_i/kvq_top_0/inst/u_kvq_top/u_mem/u_bram/valid_bit_reg[3440]/CLR
                            (removal check against rising-edge clock clk_out1_kvq_phase1_bd_clk_wiz_0_0  {rise@0.000ns fall@1.250ns period=2.500ns})
  Path Group:             **async_default**
  Path Type:              Removal (Min at Slow Process Corner)
  Requirement:            0.000ns  (clk_out1_kvq_phase1_bd_clk_wiz_0_0 rise@0.000ns - clk_out1_kvq_phase1_bd_clk_wiz_0_0 rise@0.000ns)
  Data Path Delay:        0.232ns  (logic 0.058ns (24.997%)  route 0.174ns (75.003%))
  Logic Levels:           0  
  Clock Path Skew:        0.196ns (DCD - SCD - CPR)
    Destination Clock Delay (DCD):    4.932ns
    Source Clock Delay      (SCD):    5.147ns
    Clock Pessimism Removal (CPR):    -0.411ns
  Clock Net Delay (Source):      2.482ns (routing 0.957ns, distribution 1.525ns)
  Clock Net Delay (Destination): 2.784ns (routing 1.055ns, distribution 1.729ns)

    Location             Delay type                Incr(ns)  Path(ns)    Netlist Resource(s)
  -------------------------------------------------------------------    -------------------
                         (clock clk_out1_kvq_phase1_bd_clk_wiz_0_0 rise edge)
                                                      0.000     0.000 r  
    BUFG_PS_X0Y80        BUFG_PS                      0.000     0.000 r  kvq_phase1_bd_i/ps_e_0/inst/buffer_pl_clk_0.PL_CLK_0_BUFG/O
                         net (fo=1, routed)           1.795     1.795    kvq_phase1_bd_i/clk_wiz_0/inst/clk_in1
    MMCM_X1Y0            MMCME4_ADV (Prop_MMCM_CLKIN1_CLKOUT0)
                                                      0.630     2.425 r  kvq_phase1_bd_i/clk_wiz_0/inst/mmcme4_adv_inst/CLKOUT0
                         net (fo=1, routed)           0.216     2.641    kvq_phase1_bd_i/clk_wiz_0/inst/clk_out1_kvq_phase1_bd_clk_wiz_0_0
    BUFGCE_X1Y17         BUFGCE (Prop_BUFCE_BUFGCE_I_O)
                                                      0.024     2.665 r  kvq_phase1_bd_i/clk_wiz_0/inst/clkout1_buf/O
    X2Y3 (CLOCK_ROOT)    net (fo=30695, routed)       2.482     5.147    kvq_phase1_bd_i/reset_0/U0/slowest_sync_clk
    SLICE_X32Y299        FDRE                                         r  kvq_phase1_bd_i/reset_0/U0/ACTIVE_LOW_PR_OUT_DFF[0].FDRE_PER_N_replica_28/C
  -------------------------------------------------------------------    -------------------
    SLICE_X32Y299        FDRE (Prop_AFF_SLICEL_C_Q)
                                                      0.058     5.205 r  kvq_phase1_bd_i/reset_0/U0/ACTIVE_LOW_PR_OUT_DFF[0].FDRE_PER_N_replica_28/Q
                         net (fo=238, routed)         0.174     5.379    kvq_phase1_bd_i/kvq_top_0/inst/u_kvq_top/u_mem/u_bram/peripheral_aresetn[0]_repN_28_alias
    SLICE_X30Y301        FDCE                                         f  kvq_phase1_bd_i/kvq_top_0/inst/u_kvq_top/u_mem/u_bram/valid_bit_reg[3440]/CLR  (IS_INVERTED)
  -------------------------------------------------------------------    -------------------

                         (clock clk_out1_kvq_phase1_bd_clk_wiz_0_0 rise edge)
                                                      0.000     0.000 r  
    BUFG_PS_X0Y80        BUFG_PS                      0.000     0.000 r  kvq_phase1_bd_i/ps_e_0/inst/buffer_pl_clk_0.PL_CLK_0_BUFG/O
                         net (fo=1, routed)           2.002     2.002    kvq_phase1_bd_i/clk_wiz_0/inst/clk_in1
    MMCM_X1Y0            MMCME4_ADV (Prop_MMCM_CLKIN1_CLKOUT0)
                                                     -0.127     1.875 r  kvq_phase1_bd_i/clk_wiz_0/inst/mmcme4_adv_inst/CLKOUT0
                         net (fo=1, routed)           0.245     2.120    kvq_phase1_bd_i/clk_wiz_0/inst/clk_out1_kvq_phase1_bd_clk_wiz_0_0
    BUFGCE_X1Y17         BUFGCE (Prop_BUFCE_BUFGCE_I_O)
                                                      0.028     2.148 r  kvq_phase1_bd_i/clk_wiz_0/inst/clkout1_buf/O
    X2Y3 (CLOCK_ROOT)    net (fo=30695, routed)       2.784     4.932    kvq_phase1_bd_i/kvq_top_0/inst/u_kvq_top/u_mem/u_bram/clk
    SLICE_X30Y301        FDCE                                         r  kvq_phase1_bd_i/kvq_top_0/inst/u_kvq_top/u_mem/u_bram/valid_bit_reg[3440]/C
                         clock pessimism              0.411     5.343    
    SLICE_X30Y301        FDCE (Remov_DFF_SLICEL_C_CLR)
                                                     -0.032     5.311    kvq_phase1_bd_i/kvq_top_0/inst/u_kvq_top/u_mem/u_bram/valid_bit_reg[3440]
  -------------------------------------------------------------------
                         required time                         -5.311    
                         arrival time                           5.379    
  -------------------------------------------------------------------
                         slack                                  0.068    





