Copyright 1986-2022 Xilinx, Inc. All Rights Reserved. Copyright 2022-2025 Advanced Micro Devices, Inc. All Rights Reserved.
------------------------------------------------------------------------------------------------------------------------------------------------------------
| Tool Version      : Vivado v.2025.2 (lin64) Build 6299465 Fri Nov 14 12:34:56 MST 2025
| Date              : Mon May 25 16:49:07 2026
| Host              : jotshawlinux-Legion running 64-bit Ubuntu 24.04.4 LTS
| Command           : report_timing_summary -file /home/jotshawlinux/cxl-kv-forge-qos/results/impl/strategy_Performance_NetDelay_high/post_route_timing.rpt
| Design            : kvq_phase1_bd_wrapper
| Device            : xczu7ev-ffvc1156
| Speed File        : -2  PRODUCTION 1.30 05-15-2022
| Design State      : Physopt postRoute
| Temperature Grade : E
------------------------------------------------------------------------------------------------------------------------------------------------------------

Timing Summary Report

------------------------------------------------------------------------------------------------
| Timer Settings
| --------------
------------------------------------------------------------------------------------------------

  Enable Multi Corner Analysis               :  Yes
  Enable Pessimism Removal                   :  Yes
  Pessimism Removal Resolution               :  Nearest Common Node
  Enable Input Delay Default Clock           :  No
  Enable Preset / Clear Arcs                 :  No
  Disable Flight Delays                      :  No
  Ignore I/O Paths                           :  No
  Timing Early Launch at Borrowing Latches   :  No
  Borrow Time for Max Delay Exceptions       :  Yes
  Merge Timing Exceptions                    :  Yes
  Inter-SLR Compensation                     :  Conservative

  Corner  Analyze    Analyze    
  Name    Max Paths  Min Paths  
  ------  ---------  ---------  
  Slow    Yes        Yes        
  Fast    Yes        Yes        


------------------------------------------------------------------------------------------------
| Report Methodology
| ------------------
------------------------------------------------------------------------------------------------

Rule      Severity          Description                                         Violations  
--------  ----------------  --------------------------------------------------  ----------  
TIMING-2  Critical Warning  Invalid primary clock source pin                    1           
TIMING-4  Critical Warning  Invalid primary clock redefinition on a clock tree  1           
CLKC-56   Advisory          MMCME4 with global clock driver has no LOC          1           

Note: This report is based on the most recent report_methodology run and may not be up-to-date. Run report_methodology on the current design for the latest report.



check_timing report

Table of Contents
-----------------
1. checking no_clock (0)
2. checking constant_clock (0)
3. checking pulse_width_clock (0)
4. checking unconstrained_internal_endpoints (0)
5. checking no_input_delay (0)
6. checking no_output_delay (0)
7. checking multiple_clock (0)
8. checking generated_clocks (0)
9. checking loops (0)
10. checking partial_input_delay (0)
11. checking partial_output_delay (0)
12. checking latch_loops (0)

1. checking no_clock (0)
------------------------
 There are 0 register/latch pins with no clock.


2. checking constant_clock (0)
------------------------------
 There are 0 register/latch pins with constant_clock.


3. checking pulse_width_clock (0)
---------------------------------
 There are 0 register/latch pins which need pulse_width check


4. checking unconstrained_internal_endpoints (0)
------------------------------------------------
 There are 0 pins that are not constrained for maximum delay.

 There are 0 pins that are not constrained for maximum delay due to constant clock.


5. checking no_input_delay (0)
------------------------------
 There are 0 input ports with no input delay specified.

 There are 0 input ports with no input delay but user has a false path constraint.


6. checking no_output_delay (0)
-------------------------------
 There are 0 ports with no output delay specified.

 There are 0 ports with no output delay but user has a false path constraint

 There are 0 ports with no output delay but with a timing clock defined on it or propagating through it


7. checking multiple_clock (0)
------------------------------
 There are 0 register/latch pins with multiple clocks.


8. checking generated_clocks (0)
--------------------------------
 There are 0 generated clocks that are not connected to a clock source.


9. checking loops (0)
---------------------
 There are 0 combinational loops in the design.


10. checking partial_input_delay (0)
------------------------------------
 There are 0 input ports with partial input delay specified.


11. checking partial_output_delay (0)
-------------------------------------
 There are 0 ports with partial output delay specified.


12. checking latch_loops (0)
----------------------------
 There are 0 combinational latch loops in the design through latch input



------------------------------------------------------------------------------------------------
| Design Timing Summary
| ---------------------
------------------------------------------------------------------------------------------------

    WNS(ns)      TNS(ns)  TNS Failing Endpoints  TNS Total Endpoints      WHS(ns)      THS(ns)  THS Failing Endpoints  THS Total Endpoints     WPWS(ns)     TPWS(ns)  TPWS Failing Endpoints  TPWS Total Endpoints  
    -------      -------  ---------------------  -------------------      -------      -------  ---------------------  -------------------     --------     --------  ----------------------  --------------------  
     -0.493    -3262.907                  12686                76287        0.010        0.000                      0                76287       -0.500       -2.000                       4                 30673  


Timing constraints are not met.


------------------------------------------------------------------------------------------------
| Clock Summary
| -------------
------------------------------------------------------------------------------------------------

Clock                                   Waveform(ns)         Period(ns)      Frequency(MHz)
-----                                   ------------         ----------      --------------
clk_pl_0                                {0.000 5.156}        10.312          96.974          
kvq_phase1_bd_i/clk_wiz_0/inst/clk_in1  {0.000 5.156}        10.313          96.965          
  clk_out1_kvq_phase1_bd_clk_wiz_0_0    {0.000 1.250}        2.500           399.981         


------------------------------------------------------------------------------------------------
| Intra Clock Table
| -----------------
------------------------------------------------------------------------------------------------

Clock                                       WNS(ns)      TNS(ns)  TNS Failing Endpoints  TNS Total Endpoints      WHS(ns)      THS(ns)  THS Failing Endpoints  THS Total Endpoints     WPWS(ns)     TPWS(ns)  TPWS Failing Endpoints  TPWS Total Endpoints  
-----                                       -------      -------  ---------------------  -------------------      -------      -------  ---------------------  -------------------     --------     --------  ----------------------  --------------------  
kvq_phase1_bd_i/clk_wiz_0/inst/clk_in1                                                                                                                                                    2.063        0.000                       0                     1  
  clk_out1_kvq_phase1_bd_clk_wiz_0_0         -0.493    -3262.907                  12686                69477        0.010        0.000                      0                69477       -0.500       -2.000                       4                 30672  


------------------------------------------------------------------------------------------------
| Inter Clock Table
| -----------------
------------------------------------------------------------------------------------------------

From Clock    To Clock          WNS(ns)      TNS(ns)  TNS Failing Endpoints  TNS Total Endpoints      WHS(ns)      THS(ns)  THS Failing Endpoints  THS Total Endpoints  
----------    --------          -------      -------  ---------------------  -------------------      -------      -------  ---------------------  -------------------  


------------------------------------------------------------------------------------------------
| Other Path Groups Table
| -----------------------
------------------------------------------------------------------------------------------------

Path Group                          From Clock                          To Clock                                WNS(ns)      TNS(ns)  TNS Failing Endpoints  TNS Total Endpoints      WHS(ns)      THS(ns)  THS Failing Endpoints  THS Total Endpoints  
----------                          ----------                          --------                                -------      -------  ---------------------  -------------------      -------      -------  ---------------------  -------------------  
**async_default**                   clk_out1_kvq_phase1_bd_clk_wiz_0_0  clk_out1_kvq_phase1_bd_clk_wiz_0_0        0.010        0.000                      0                 6810        0.090        0.000                      0                 6810  


------------------------------------------------------------------------------------------------
| Timing Details
| --------------
------------------------------------------------------------------------------------------------


---------------------------------------------------------------------------------------------------
From Clock:  kvq_phase1_bd_i/clk_wiz_0/inst/clk_in1
  To Clock:  kvq_phase1_bd_i/clk_wiz_0/inst/clk_in1

Setup :           NA  Failing Endpoints,  Worst Slack           NA  ,  Total Violation           NA
Hold  :           NA  Failing Endpoints,  Worst Slack           NA  ,  Total Violation           NA
PW    :            0  Failing Endpoints,  Worst Slack        2.063ns,  Total Violation        0.000ns
---------------------------------------------------------------------------------------------------


Pulse Width Checks
--------------------------------------------------------------------------------------
Clock Name:         kvq_phase1_bd_i/clk_wiz_0/inst/clk_in1
Waveform(ns):       { 0.000 5.156 }
Period(ns):         10.313
Sources:            { kvq_phase1_bd_i/clk_wiz_0/inst/clk_in1 }

Check Type        Corner  Lib Pin            Reference Pin  Required(ns)  Actual(ns)  Slack(ns)  Location   Pin
Min Period        n/a     MMCME4_ADV/CLKIN1  n/a            1.071         10.313      9.242      MMCM_X1Y0  kvq_phase1_bd_i/clk_wiz_0/inst/mmcme4_adv_inst/CLKIN1
Max Period        n/a     MMCME4_ADV/CLKIN1  n/a            100.000       10.313      89.687     MMCM_X1Y0  kvq_phase1_bd_i/clk_wiz_0/inst/mmcme4_adv_inst/CLKIN1
Low Pulse Width   Slow    MMCME4_ADV/CLKIN1  n/a            3.094         5.157       2.063      MMCM_X1Y0  kvq_phase1_bd_i/clk_wiz_0/inst/mmcme4_adv_inst/CLKIN1
High Pulse Width  Slow    MMCME4_ADV/CLKIN1  n/a            3.094         5.156       2.063      MMCM_X1Y0  kvq_phase1_bd_i/clk_wiz_0/inst/mmcme4_adv_inst/CLKIN1



---------------------------------------------------------------------------------------------------
From Clock:  clk_out1_kvq_phase1_bd_clk_wiz_0_0
  To Clock:  clk_out1_kvq_phase1_bd_clk_wiz_0_0

Setup :        12686  Failing Endpoints,  Worst Slack       -0.493ns,  Total Violation    -3262.907ns
Hold  :            0  Failing Endpoints,  Worst Slack        0.010ns,  Total Violation        0.000ns
PW    :            4  Failing Endpoints,  Worst Slack       -0.500ns,  Total Violation       -2.000ns
---------------------------------------------------------------------------------------------------


Max Delay Paths
--------------------------------------------------------------------------------------
Slack (VIOLATED) :        -0.493ns  (required time - arrival time)
  Source:                 kvq_phase1_bd_i/kvq_top_0/inst/u_kvq_top/u_credit/g_buckets[4].u_bucket/credit_r_reg[11]/C
                            (rising edge-triggered cell FDPE clocked by clk_out1_kvq_phase1_bd_clk_wiz_0_0  {rise@0.000ns fall@1.250ns period=2.500ns})
  Destination:            kvq_phase1_bd_i/kvq_top_0/inst/u_kvq_top/u_credit/g_buckets[4].u_bucket/credit_r_reg[3]/D
                            (rising edge-triggered cell FDPE clocked by clk_out1_kvq_phase1_bd_clk_wiz_0_0  {rise@0.000ns fall@1.250ns period=2.500ns})
  Path Group:             clk_out1_kvq_phase1_bd_clk_wiz_0_0
  Path Type:              Setup (Max at Slow Process Corner)
  Requirement:            2.500ns  (clk_out1_kvq_phase1_bd_clk_wiz_0_0 rise@2.500ns - clk_out1_kvq_phase1_bd_clk_wiz_0_0 rise@0.000ns)
  Data Path Delay:        2.892ns  (logic 1.063ns (36.754%)  route 1.829ns (63.246%))
  Logic Levels:           11  (CARRY8=7 LUT2=2 LUT5=2)
  Clock Path Skew:        -0.069ns (DCD - SCD + CPR)
    Destination Clock Delay (DCD):    4.714ns = ( 7.214 - 2.500 ) 
    Source Clock Delay      (SCD):    4.427ns
    Clock Pessimism Removal (CPR):    -0.356ns
  Clock Uncertainty:      0.057ns  ((TSJ^2 + DJ^2)^1/2) / 2 + PE
    Total System Jitter     (TSJ):    0.071ns
    Discrete Jitter          (DJ):    0.090ns
    Phase Error              (PE):    0.000ns
  Clock Net Delay (Source):      2.279ns (routing 0.891ns, distribution 1.388ns)
  Clock Net Delay (Destination): 2.049ns (routing 0.810ns, distribution 1.239ns)

    Location             Delay type                Incr(ns)  Path(ns)    Netlist Resource(s)
  -------------------------------------------------------------------    -------------------
                         (clock clk_out1_kvq_phase1_bd_clk_wiz_0_0 rise edge)
                                                      0.000     0.000 r  
    BUFG_PS_X0Y80        BUFG_PS                      0.000     0.000 r  kvq_phase1_bd_i/ps_e_0/inst/buffer_pl_clk_0.PL_CLK_0_BUFG/O
                         net (fo=1, routed)           2.002     2.002    kvq_phase1_bd_i/clk_wiz_0/inst/clk_in1
    MMCM_X1Y0            MMCME4_ADV (Prop_MMCM_CLKIN1_CLKOUT0)
                                                     -0.127     1.875 r  kvq_phase1_bd_i/clk_wiz_0/inst/mmcme4_adv_inst/CLKOUT0
                         net (fo=1, routed)           0.245     2.120    kvq_phase1_bd_i/clk_wiz_0/inst/clk_out1_kvq_phase1_bd_clk_wiz_0_0
    BUFGCE_X1Y17         BUFGCE (Prop_BUFCE_BUFGCE_I_O)
                                                      0.028     2.148 r  kvq_phase1_bd_i/clk_wiz_0/inst/clkout1_buf/O
    X1Y2 (CLOCK_ROOT)    net (fo=30670, routed)       2.279     4.427    kvq_phase1_bd_i/kvq_top_0/inst/u_kvq_top/u_credit/g_buckets[4].u_bucket/clk
    SLICE_X32Y279        FDPE                                         r  kvq_phase1_bd_i/kvq_top_0/inst/u_kvq_top/u_credit/g_buckets[4].u_bucket/credit_r_reg[11]/C
  -------------------------------------------------------------------    -------------------
    SLICE_X32Y279        FDPE (Prop_BFF2_SLICEL_C_Q)
                                                      0.080     4.507 r  kvq_phase1_bd_i/kvq_top_0/inst/u_kvq_top/u_credit/g_buckets[4].u_bucket/credit_r_reg[11]/Q
                         net (fo=3, routed)           0.480     4.987    kvq_phase1_bd_i/kvq_top_0/inst/u_kvq_top/u_credit/g_buckets[4].u_bucket/credit_r_reg[31]_0[11]
    SLICE_X31Y284        CARRY8 (Prop_CARRY8_SLICEM_S[3]_CO[7])
                                                      0.163     5.150 r  kvq_phase1_bd_i/kvq_top_0/inst/u_kvq_top/u_credit/g_buckets[4].u_bucket/refilled1_carry_i_17__3/CO[7]
                         net (fo=1, routed)           0.026     5.176    kvq_phase1_bd_i/kvq_top_0/inst/u_kvq_top/u_credit/g_buckets[4].u_bucket/refilled1_carry_i_17__3_n_0
    SLICE_X31Y285        CARRY8 (Prop_CARRY8_SLICEM_CI_O[3])
                                                      0.082     5.258 f  kvq_phase1_bd_i/kvq_top_0/inst/u_kvq_top/u_credit/g_buckets[4].u_bucket/refilled1_carry__0_i_17__3/O[3]
                         net (fo=6, routed)           0.313     5.572    kvq_phase1_bd_i/kvq_top_0/inst/u_kvq_top/u_credit/g_buckets[4].u_bucket/refilled2[19]
    SLICE_X30Y286        LUT2 (Prop_B6LUT_SLICEL_I1_O)
                                                      0.051     5.623 r  kvq_phase1_bd_i/kvq_top_0/inst/u_kvq_top/u_credit/g_buckets[4].u_bucket/refilled1_carry__0_i_15__3/O
                         net (fo=1, routed)           0.009     5.632    kvq_phase1_bd_i/kvq_top_0/inst/u_kvq_top/u_credit/g_buckets[4].u_bucket/refilled1_carry__0_i_15__3_n_0
    SLICE_X30Y286        CARRY8 (Prop_CARRY8_SLICEL_S[1]_CO[7])
                                                      0.186     5.818 f  kvq_phase1_bd_i/kvq_top_0/inst/u_kvq_top/u_credit/g_buckets[4].u_bucket/refilled1_carry__0/CO[7]
                         net (fo=1, routed)           0.026     5.844    kvq_phase1_bd_i/kvq_top_0/inst/u_kvq_top/u_credit/g_buckets[4].u_bucket/refilled1_carry__0_n_0
    SLICE_X30Y287        CARRY8 (Prop_CARRY8_SLICEL_CI_CO[0])
                                                      0.052     5.896 f  kvq_phase1_bd_i/kvq_top_0/inst/u_kvq_top/u_credit/g_buckets[4].u_bucket/refilled1_carry__1/CO[0]
                         net (fo=100, routed)         0.159     6.055    kvq_phase1_bd_i/kvq_top_0/inst/u_kvq_top/u_credit/g_buckets[4].u_bucket/refilled1__144
    SLICE_X31Y287        LUT2 (Prop_D6LUT_SLICEM_I1_O)
                                                      0.051     6.106 r  kvq_phase1_bd_i/kvq_top_0/inst/u_kvq_top/u_credit/g_buckets[4].u_bucket/credit_r[1]_i_2__3_replica/O
                         net (fo=2, routed)           0.223     6.329    kvq_phase1_bd_i/kvq_top_0/inst/u_kvq_top/u_credit/g_buckets[4].u_bucket/credit_r[1]_i_2__3_n_0_repN
    SLICE_X33Y285        LUT5 (Prop_A6LUT_SLICEL_I3_O)
                                                      0.090     6.419 r  kvq_phase1_bd_i/kvq_top_0/inst/u_kvq_top/u_credit/g_buckets[4].u_bucket/next_credit1_carry_i_16__3/O
                         net (fo=1, routed)           0.009     6.428    kvq_phase1_bd_i/kvq_top_0/inst/u_kvq_top/u_credit/g_buckets[4].u_bucket/next_credit1_carry_i_16__3_n_0
    SLICE_X33Y285        CARRY8 (Prop_CARRY8_SLICEL_S[0]_CO[7])
                                                      0.190     6.618 r  kvq_phase1_bd_i/kvq_top_0/inst/u_kvq_top/u_credit/g_buckets[4].u_bucket/next_credit1_carry/CO[7]
                         net (fo=1, routed)           0.026     6.644    kvq_phase1_bd_i/kvq_top_0/inst/u_kvq_top/u_credit/g_buckets[4].u_bucket/next_credit1_carry_n_0
    SLICE_X33Y286        CARRY8 (Prop_CARRY8_SLICEL_CI_CO[7])
                                                      0.015     6.659 r  kvq_phase1_bd_i/kvq_top_0/inst/u_kvq_top/u_credit/g_buckets[4].u_bucket/next_credit1_carry__0/CO[7]
                         net (fo=1, routed)           0.026     6.685    kvq_phase1_bd_i/kvq_top_0/inst/u_kvq_top/u_credit/g_buckets[4].u_bucket/next_credit1_carry__0_n_0
    SLICE_X33Y287        CARRY8 (Prop_CARRY8_SLICEL_CI_CO[0])
                                                      0.052     6.737 r  kvq_phase1_bd_i/kvq_top_0/inst/u_kvq_top/u_credit/g_buckets[4].u_bucket/next_credit1_carry__1/CO[0]
                         net (fo=32, routed)          0.316     7.052    kvq_phase1_bd_i/kvq_top_0/inst/u_kvq_top/u_credit/g_buckets[4].u_bucket/next_credit1__52
    SLICE_X33Y282        LUT5 (Prop_B6LUT_SLICEL_I0_O)
                                                      0.051     7.103 r  kvq_phase1_bd_i/kvq_top_0/inst/u_kvq_top/u_credit/g_buckets[4].u_bucket/credit_r[3]_i_1__2/O
                         net (fo=1, routed)           0.216     7.319    kvq_phase1_bd_i/kvq_top_0/inst/u_kvq_top/u_credit/g_buckets[4].u_bucket/credit_r[3]_i_1__2_n_0
    SLICE_X38Y282        FDPE                                         r  kvq_phase1_bd_i/kvq_top_0/inst/u_kvq_top/u_credit/g_buckets[4].u_bucket/credit_r_reg[3]/D
  -------------------------------------------------------------------    -------------------

                         (clock clk_out1_kvq_phase1_bd_clk_wiz_0_0 rise edge)
                                                      2.500     2.500 r  
    BUFG_PS_X0Y80        BUFG_PS                      0.000     2.500 r  kvq_phase1_bd_i/ps_e_0/inst/buffer_pl_clk_0.PL_CLK_0_BUFG/O
                         net (fo=1, routed)           1.795     4.295    kvq_phase1_bd_i/clk_wiz_0/inst/clk_in1
    MMCM_X1Y0            MMCME4_ADV (Prop_MMCM_CLKIN1_CLKOUT0)
                                                      0.630     4.925 r  kvq_phase1_bd_i/clk_wiz_0/inst/mmcme4_adv_inst/CLKOUT0
                         net (fo=1, routed)           0.216     5.141    kvq_phase1_bd_i/clk_wiz_0/inst/clk_out1_kvq_phase1_bd_clk_wiz_0_0
    BUFGCE_X1Y17         BUFGCE (Prop_BUFCE_BUFGCE_I_O)
                                                      0.024     5.165 r  kvq_phase1_bd_i/clk_wiz_0/inst/clkout1_buf/O
    X1Y2 (CLOCK_ROOT)    net (fo=30670, routed)       2.049     7.214    kvq_phase1_bd_i/kvq_top_0/inst/u_kvq_top/u_credit/g_buckets[4].u_bucket/clk
    SLICE_X38Y282        FDPE                                         r  kvq_phase1_bd_i/kvq_top_0/inst/u_kvq_top/u_credit/g_buckets[4].u_bucket/credit_r_reg[3]/C
                         clock pessimism             -0.356     6.858    
                         clock uncertainty           -0.057     6.801    
    SLICE_X38Y282        FDPE (Setup_DFF2_SLICEL_C_D)
                                                      0.025     6.826    kvq_phase1_bd_i/kvq_top_0/inst/u_kvq_top/u_credit/g_buckets[4].u_bucket/credit_r_reg[3]
  -------------------------------------------------------------------
                         required time                          6.826    
                         arrival time                          -7.319    
  -------------------------------------------------------------------
                         slack                                 -0.493    





Min Delay Paths
--------------------------------------------------------------------------------------
Slack (MET) :             0.010ns  (arrival time - required time)
  Source:                 kvq_phase1_bd_i/smartconnect_data/inst/s01_entry_pipeline/s01_mmu/inst/w_sreg/m_vector_i_reg[1025]/C
                            (rising edge-triggered cell FDRE clocked by clk_out1_kvq_phase1_bd_clk_wiz_0_0  {rise@0.000ns fall@1.250ns period=2.500ns})
  Destination:            kvq_phase1_bd_i/smartconnect_data/inst/s01_nodes/s01_w_node/inst/inst_mi_handler/gen_normal_area.inst_fifo_node_payld/gen_xpm_memory_fifo.inst_fifo/gen_mem_rep[0].inst_xpm_memory/xpm_memory_base_inst/gen_wr_a.gen_word_narrow.mem_reg_0_31_14_27/RAMB_D1/I
                            (rising edge-triggered cell RAMD32 clocked by clk_out1_kvq_phase1_bd_clk_wiz_0_0  {rise@0.000ns fall@1.250ns period=2.500ns})
  Path Group:             clk_out1_kvq_phase1_bd_clk_wiz_0_0
  Path Type:              Hold (Min at Slow Process Corner)
  Requirement:            0.000ns  (clk_out1_kvq_phase1_bd_clk_wiz_0_0 rise@0.000ns - clk_out1_kvq_phase1_bd_clk_wiz_0_0 rise@0.000ns)
  Data Path Delay:        0.175ns  (logic 0.061ns (34.857%)  route 0.114ns (65.143%))
  Logic Levels:           0  
  Clock Path Skew:        0.105ns (DCD - SCD - CPR)
    Destination Clock Delay (DCD):    4.255ns
    Source Clock Delay      (SCD):    4.520ns
    Clock Pessimism Removal (CPR):    -0.369ns
  Clock Net Delay (Source):      1.855ns (routing 0.810ns, distribution 1.045ns)
  Clock Net Delay (Destination): 2.107ns (routing 0.891ns, distribution 1.216ns)

    Location             Delay type                Incr(ns)  Path(ns)    Netlist Resource(s)
  -------------------------------------------------------------------    -------------------
                         (clock clk_out1_kvq_phase1_bd_clk_wiz_0_0 rise edge)
                                                      0.000     0.000 r  
    BUFG_PS_X0Y80        BUFG_PS                      0.000     0.000 r  kvq_phase1_bd_i/ps_e_0/inst/buffer_pl_clk_0.PL_CLK_0_BUFG/O
                         net (fo=1, routed)           1.795     1.795    kvq_phase1_bd_i/clk_wiz_0/inst/clk_in1
    MMCM_X1Y0            MMCME4_ADV (Prop_MMCM_CLKIN1_CLKOUT0)
                                                      0.630     2.425 r  kvq_phase1_bd_i/clk_wiz_0/inst/mmcme4_adv_inst/CLKOUT0
                         net (fo=1, routed)           0.216     2.641    kvq_phase1_bd_i/clk_wiz_0/inst/clk_out1_kvq_phase1_bd_clk_wiz_0_0
    BUFGCE_X1Y17         BUFGCE (Prop_BUFCE_BUFGCE_I_O)
                                                      0.024     2.665 r  kvq_phase1_bd_i/clk_wiz_0/inst/clkout1_buf/O
    X1Y2 (CLOCK_ROOT)    net (fo=30670, routed)       1.855     4.520    kvq_phase1_bd_i/smartconnect_data/inst/s01_entry_pipeline/s01_mmu/inst/w_sreg/aclk
    SLICE_X59Y92         FDRE                                         r  kvq_phase1_bd_i/smartconnect_data/inst/s01_entry_pipeline/s01_mmu/inst/w_sreg/m_vector_i_reg[1025]/C
  -------------------------------------------------------------------    -------------------
    SLICE_X59Y92         FDRE (Prop_DFF2_SLICEL_C_Q)
                                                      0.061     4.581 r  kvq_phase1_bd_i/smartconnect_data/inst/s01_entry_pipeline/s01_mmu/inst/w_sreg/m_vector_i_reg[1025]/Q
                         net (fo=1, routed)           0.114     4.695    kvq_phase1_bd_i/smartconnect_data/inst/s01_nodes/s01_w_node/inst/inst_mi_handler/gen_normal_area.inst_fifo_node_payld/gen_xpm_memory_fifo.inst_fifo/gen_mem_rep[0].inst_xpm_memory/xpm_memory_base_inst/gen_wr_a.gen_word_narrow.mem_reg_0_31_14_27/DIB1
    SLICE_X57Y94         RAMD32                                       r  kvq_phase1_bd_i/smartconnect_data/inst/s01_nodes/s01_w_node/inst/inst_mi_handler/gen_normal_area.inst_fifo_node_payld/gen_xpm_memory_fifo.inst_fifo/gen_mem_rep[0].inst_xpm_memory/xpm_memory_base_inst/gen_wr_a.gen_word_narrow.mem_reg_0_31_14_27/RAMB_D1/I
  -------------------------------------------------------------------    -------------------

                         (clock clk_out1_kvq_phase1_bd_clk_wiz_0_0 rise edge)
                                                      0.000     0.000 r  
    BUFG_PS_X0Y80        BUFG_PS                      0.000     0.000 r  kvq_phase1_bd_i/ps_e_0/inst/buffer_pl_clk_0.PL_CLK_0_BUFG/O
                         net (fo=1, routed)           2.002     2.002    kvq_phase1_bd_i/clk_wiz_0/inst/clk_in1
    MMCM_X1Y0            MMCME4_ADV (Prop_MMCM_CLKIN1_CLKOUT0)
                                                     -0.127     1.875 r  kvq_phase1_bd_i/clk_wiz_0/inst/mmcme4_adv_inst/CLKOUT0
                         net (fo=1, routed)           0.245     2.120    kvq_phase1_bd_i/clk_wiz_0/inst/clk_out1_kvq_phase1_bd_clk_wiz_0_0
    BUFGCE_X1Y17         BUFGCE (Prop_BUFCE_BUFGCE_I_O)
                                                      0.028     2.148 r  kvq_phase1_bd_i/clk_wiz_0/inst/clkout1_buf/O
    X1Y2 (CLOCK_ROOT)    net (fo=30670, routed)       2.107     4.255    kvq_phase1_bd_i/smartconnect_data/inst/s01_nodes/s01_w_node/inst/inst_mi_handler/gen_normal_area.inst_fifo_node_payld/gen_xpm_memory_fifo.inst_fifo/gen_mem_rep[0].inst_xpm_memory/xpm_memory_base_inst/gen_wr_a.gen_word_narrow.mem_reg_0_31_14_27/WCLK
    SLICE_X57Y94         RAMD32                                       r  kvq_phase1_bd_i/smartconnect_data/inst/s01_nodes/s01_w_node/inst/inst_mi_handler/gen_normal_area.inst_fifo_node_payld/gen_xpm_memory_fifo.inst_fifo/gen_mem_rep[0].inst_xpm_memory/xpm_memory_base_inst/gen_wr_a.gen_word_narrow.mem_reg_0_31_14_27/RAMB_D1/CLK
                         clock pessimism              0.369     4.624    
    SLICE_X57Y94         RAMD32 (Hold_B6LUT_SLICEM_CLK_I)
                                                      0.060     4.684    kvq_phase1_bd_i/smartconnect_data/inst/s01_nodes/s01_w_node/inst/inst_mi_handler/gen_normal_area.inst_fifo_node_payld/gen_xpm_memory_fifo.inst_fifo/gen_mem_rep[0].inst_xpm_memory/xpm_memory_base_inst/gen_wr_a.gen_word_narrow.mem_reg_0_31_14_27/RAMB_D1
  -------------------------------------------------------------------
                         required time                         -4.684    
                         arrival time                           4.695    
  -------------------------------------------------------------------
                         slack                                  0.010    





Pulse Width Checks
--------------------------------------------------------------------------------------
Clock Name:         clk_out1_kvq_phase1_bd_clk_wiz_0_0
Waveform(ns):       { 0.000 1.250 }
Period(ns):         2.500
Sources:            { kvq_phase1_bd_i/clk_wiz_0/inst/mmcme4_adv_inst/CLKOUT0 }

Check Type        Corner  Lib Pin          Reference Pin  Required(ns)  Actual(ns)  Slack(ns)  Location  Pin
Min Period        n/a     PS8/MAXIGP0ACLK  n/a            3.000         2.500       -0.500     PS8_X0Y0  kvq_phase1_bd_i/ps_e_0/inst/PS8_i/MAXIGP0ACLK
Low Pulse Width   Slow    PS8/MAXIGP0ACLK  n/a            1.500         1.250       -0.250     PS8_X0Y0  kvq_phase1_bd_i/ps_e_0/inst/PS8_i/MAXIGP0ACLK
High Pulse Width  Slow    PS8/MAXIGP0ACLK  n/a            1.500         1.250       -0.250     PS8_X0Y0  kvq_phase1_bd_i/ps_e_0/inst/PS8_i/MAXIGP0ACLK



---------------------------------------------------------------------------------------------------
Path Group:  **async_default**
From Clock:  clk_out1_kvq_phase1_bd_clk_wiz_0_0
  To Clock:  clk_out1_kvq_phase1_bd_clk_wiz_0_0

Setup :            0  Failing Endpoints,  Worst Slack        0.010ns,  Total Violation        0.000ns
Hold  :            0  Failing Endpoints,  Worst Slack        0.090ns,  Total Violation        0.000ns
---------------------------------------------------------------------------------------------------


Max Delay Paths
--------------------------------------------------------------------------------------
Slack (MET) :             0.010ns  (required time - arrival time)
  Source:                 kvq_phase1_bd_i/reset_0/U0/ACTIVE_LOW_PR_OUT_DFF[0].FDRE_PER_N_replica_8/C
                            (rising edge-triggered cell FDRE clocked by clk_out1_kvq_phase1_bd_clk_wiz_0_0  {rise@0.000ns fall@1.250ns period=2.500ns})
  Destination:            kvq_phase1_bd_i/kvq_top_0/inst/u_kvq_top/u_qmgr/deq_req_r_reg[3][deadline_cycles][31]/CLR
                            (recovery check against rising-edge clock clk_out1_kvq_phase1_bd_clk_wiz_0_0  {rise@0.000ns fall@1.250ns period=2.500ns})
  Path Group:             **async_default**
  Path Type:              Recovery (Max at Slow Process Corner)
  Requirement:            2.500ns  (clk_out1_kvq_phase1_bd_clk_wiz_0_0 rise@2.500ns - clk_out1_kvq_phase1_bd_clk_wiz_0_0 rise@0.000ns)
  Data Path Delay:        2.358ns  (logic 0.079ns (3.350%)  route 2.279ns (96.650%))
  Logic Levels:           0  
  Clock Path Skew:        -0.009ns (DCD - SCD + CPR)
    Destination Clock Delay (DCD):    4.722ns = ( 7.222 - 2.500 ) 
    Source Clock Delay      (SCD):    4.320ns
    Clock Pessimism Removal (CPR):    -0.411ns
  Clock Uncertainty:      0.057ns  ((TSJ^2 + DJ^2)^1/2) / 2 + PE
    Total System Jitter     (TSJ):    0.071ns
    Discrete Jitter          (DJ):    0.090ns
    Phase Error              (PE):    0.000ns
  Clock Net Delay (Source):      2.172ns (routing 0.891ns, distribution 1.281ns)
  Clock Net Delay (Destination): 2.057ns (routing 0.810ns, distribution 1.247ns)

    Location             Delay type                Incr(ns)  Path(ns)    Netlist Resource(s)
  -------------------------------------------------------------------    -------------------
                         (clock clk_out1_kvq_phase1_bd_clk_wiz_0_0 rise edge)
                                                      0.000     0.000 r  
    BUFG_PS_X0Y80        BUFG_PS                      0.000     0.000 r  kvq_phase1_bd_i/ps_e_0/inst/buffer_pl_clk_0.PL_CLK_0_BUFG/O
                         net (fo=1, routed)           2.002     2.002    kvq_phase1_bd_i/clk_wiz_0/inst/clk_in1
    MMCM_X1Y0            MMCME4_ADV (Prop_MMCM_CLKIN1_CLKOUT0)
                                                     -0.127     1.875 r  kvq_phase1_bd_i/clk_wiz_0/inst/mmcme4_adv_inst/CLKOUT0
                         net (fo=1, routed)           0.245     2.120    kvq_phase1_bd_i/clk_wiz_0/inst/clk_out1_kvq_phase1_bd_clk_wiz_0_0
    BUFGCE_X1Y17         BUFGCE (Prop_BUFCE_BUFGCE_I_O)
                                                      0.028     2.148 r  kvq_phase1_bd_i/clk_wiz_0/inst/clkout1_buf/O
    X1Y2 (CLOCK_ROOT)    net (fo=30670, routed)       2.172     4.320    kvq_phase1_bd_i/reset_0/U0/slowest_sync_clk
    SLICE_X46Y287        FDRE                                         r  kvq_phase1_bd_i/reset_0/U0/ACTIVE_LOW_PR_OUT_DFF[0].FDRE_PER_N_replica_8/C
  -------------------------------------------------------------------    -------------------
    SLICE_X46Y287        FDRE (Prop_HFF_SLICEM_C_Q)
                                                      0.079     4.399 r  kvq_phase1_bd_i/reset_0/U0/ACTIVE_LOW_PR_OUT_DFF[0].FDRE_PER_N_replica_8/Q
                         net (fo=214, routed)         2.279     6.678    kvq_phase1_bd_i/kvq_top_0/inst/u_kvq_top/u_qmgr/peripheral_aresetn[0]_repN_8_alias
    SLICE_X28Y315        FDCE                                         f  kvq_phase1_bd_i/kvq_top_0/inst/u_kvq_top/u_qmgr/deq_req_r_reg[3][deadline_cycles][31]/CLR  (IS_INVERTED)
  -------------------------------------------------------------------    -------------------

                         (clock clk_out1_kvq_phase1_bd_clk_wiz_0_0 rise edge)
                                                      2.500     2.500 r  
    BUFG_PS_X0Y80        BUFG_PS                      0.000     2.500 r  kvq_phase1_bd_i/ps_e_0/inst/buffer_pl_clk_0.PL_CLK_0_BUFG/O
                         net (fo=1, routed)           1.795     4.295    kvq_phase1_bd_i/clk_wiz_0/inst/clk_in1
    MMCM_X1Y0            MMCME4_ADV (Prop_MMCM_CLKIN1_CLKOUT0)
                                                      0.630     4.925 r  kvq_phase1_bd_i/clk_wiz_0/inst/mmcme4_adv_inst/CLKOUT0
                         net (fo=1, routed)           0.216     5.141    kvq_phase1_bd_i/clk_wiz_0/inst/clk_out1_kvq_phase1_bd_clk_wiz_0_0
    BUFGCE_X1Y17         BUFGCE (Prop_BUFCE_BUFGCE_I_O)
                                                      0.024     5.165 r  kvq_phase1_bd_i/clk_wiz_0/inst/clkout1_buf/O
    X1Y2 (CLOCK_ROOT)    net (fo=30670, routed)       2.057     7.222    kvq_phase1_bd_i/kvq_top_0/inst/u_kvq_top/u_qmgr/clk
    SLICE_X28Y315        FDCE                                         r  kvq_phase1_bd_i/kvq_top_0/inst/u_kvq_top/u_qmgr/deq_req_r_reg[3][deadline_cycles][31]/C
                         clock pessimism             -0.411     6.811    
                         clock uncertainty           -0.057     6.754    
    SLICE_X28Y315        FDCE (Recov_CFF_SLICEL_C_CLR)
                                                     -0.066     6.688    kvq_phase1_bd_i/kvq_top_0/inst/u_kvq_top/u_qmgr/deq_req_r_reg[3][deadline_cycles][31]
  -------------------------------------------------------------------
                         required time                          6.688    
                         arrival time                          -6.678    
  -------------------------------------------------------------------
                         slack                                  0.010    





Min Delay Paths
--------------------------------------------------------------------------------------
Slack (MET) :             0.090ns  (arrival time - required time)
  Source:                 kvq_phase1_bd_i/reset_0/U0/ACTIVE_LOW_PR_OUT_DFF[0].FDRE_PER_N_replica_30/C
                            (rising edge-triggered cell FDRE clocked by clk_out1_kvq_phase1_bd_clk_wiz_0_0  {rise@0.000ns fall@1.250ns period=2.500ns})
  Destination:            kvq_phase1_bd_i/kvq_top_0/inst/u_kvq_top/u_mem/u_bram/valid_bit_reg[832]/CLR
                            (removal check against rising-edge clock clk_out1_kvq_phase1_bd_clk_wiz_0_0  {rise@0.000ns fall@1.250ns period=2.500ns})
  Path Group:             **async_default**
  Path Type:              Removal (Min at Fast Process Corner)
  Requirement:            0.000ns  (clk_out1_kvq_phase1_bd_clk_wiz_0_0 rise@0.000ns - clk_out1_kvq_phase1_bd_clk_wiz_0_0 rise@0.000ns)
  Data Path Delay:        0.175ns  (logic 0.040ns (22.846%)  route 0.135ns (77.154%))
  Logic Levels:           0  
  Clock Path Skew:        0.106ns (DCD - SCD - CPR)
    Destination Clock Delay (DCD):    2.487ns
    Source Clock Delay      (SCD):    2.676ns
    Clock Pessimism Removal (CPR):    -0.295ns
  Clock Net Delay (Source):      1.190ns (routing 0.491ns, distribution 0.699ns)
  Clock Net Delay (Destination): 1.367ns (routing 0.545ns, distribution 0.822ns)

    Location             Delay type                Incr(ns)  Path(ns)    Netlist Resource(s)
  -------------------------------------------------------------------    -------------------
                         (clock clk_out1_kvq_phase1_bd_clk_wiz_0_0 rise edge)
                                                      0.000     0.000 r  
    BUFG_PS_X0Y80        BUFG_PS                      0.000     0.000 r  kvq_phase1_bd_i/ps_e_0/inst/buffer_pl_clk_0.PL_CLK_0_BUFG/O
                         net (fo=1, routed)           1.093     1.093    kvq_phase1_bd_i/clk_wiz_0/inst/clk_in1
    MMCM_X1Y0            MMCME4_ADV (Prop_MMCM_CLKIN1_CLKOUT0)
                                                      0.230     1.323 r  kvq_phase1_bd_i/clk_wiz_0/inst/mmcme4_adv_inst/CLKOUT0
                         net (fo=1, routed)           0.146     1.469    kvq_phase1_bd_i/clk_wiz_0/inst/clk_out1_kvq_phase1_bd_clk_wiz_0_0
    BUFGCE_X1Y17         BUFGCE (Prop_BUFCE_BUFGCE_I_O)
                                                      0.017     1.486 r  kvq_phase1_bd_i/clk_wiz_0/inst/clkout1_buf/O
    X1Y2 (CLOCK_ROOT)    net (fo=30670, routed)       1.190     2.676    kvq_phase1_bd_i/reset_0/U0/slowest_sync_clk
    SLICE_X59Y296        FDRE                                         r  kvq_phase1_bd_i/reset_0/U0/ACTIVE_LOW_PR_OUT_DFF[0].FDRE_PER_N_replica_30/C
  -------------------------------------------------------------------    -------------------
    SLICE_X59Y296        FDRE (Prop_AFF2_SLICEL_C_Q)
                                                      0.040     2.716 r  kvq_phase1_bd_i/reset_0/U0/ACTIVE_LOW_PR_OUT_DFF[0].FDRE_PER_N_replica_30/Q
                         net (fo=145, routed)         0.135     2.851    kvq_phase1_bd_i/kvq_top_0/inst/u_kvq_top/u_mem/u_bram/peripheral_aresetn[0]_repN_30_alias
    SLICE_X59Y300        FDCE                                         f  kvq_phase1_bd_i/kvq_top_0/inst/u_kvq_top/u_mem/u_bram/valid_bit_reg[832]/CLR  (IS_INVERTED)
  -------------------------------------------------------------------    -------------------

                         (clock clk_out1_kvq_phase1_bd_clk_wiz_0_0 rise edge)
                                                      0.000     0.000 r  
    BUFG_PS_X0Y80        BUFG_PS                      0.000     0.000 r  kvq_phase1_bd_i/ps_e_0/inst/buffer_pl_clk_0.PL_CLK_0_BUFG/O
                         net (fo=1, routed)           1.230     1.230    kvq_phase1_bd_i/clk_wiz_0/inst/clk_in1
    MMCM_X1Y0            MMCME4_ADV (Prop_MMCM_CLKIN1_CLKOUT0)
                                                     -0.295     0.935 r  kvq_phase1_bd_i/clk_wiz_0/inst/mmcme4_adv_inst/CLKOUT0
                         net (fo=1, routed)           0.166     1.101    kvq_phase1_bd_i/clk_wiz_0/inst/clk_out1_kvq_phase1_bd_clk_wiz_0_0
    BUFGCE_X1Y17         BUFGCE (Prop_BUFCE_BUFGCE_I_O)
                                                      0.019     1.120 r  kvq_phase1_bd_i/clk_wiz_0/inst/clkout1_buf/O
    X1Y2 (CLOCK_ROOT)    net (fo=30670, routed)       1.367     2.487    kvq_phase1_bd_i/kvq_top_0/inst/u_kvq_top/u_mem/u_bram/clk
    SLICE_X59Y300        FDCE                                         r  kvq_phase1_bd_i/kvq_top_0/inst/u_kvq_top/u_mem/u_bram/valid_bit_reg[832]/C
                         clock pessimism              0.295     2.782    
    SLICE_X59Y300        FDCE (Remov_HFF_SLICEL_C_CLR)
                                                     -0.020     2.762    kvq_phase1_bd_i/kvq_top_0/inst/u_kvq_top/u_mem/u_bram/valid_bit_reg[832]
  -------------------------------------------------------------------
                         required time                         -2.762    
                         arrival time                           2.851    
  -------------------------------------------------------------------
                         slack                                  0.090    





