Copyright 1986-2022 Xilinx, Inc. All Rights Reserved. Copyright 2022-2025 Advanced Micro Devices, Inc. All Rights Reserved.
---------------------------------------------------------------------------------------------------------------------------------------------
| Tool Version : Vivado v.2025.2 (lin64) Build 6299465 Fri Nov 14 12:34:56 MST 2025
| Date         : Sun May 24 23:55:06 2026
| Host         : jotshawlinux-Legion running 64-bit Ubuntu 24.04.4 LTS
| Command      : report_timing_summary -file /home/jotshawlinux/cxl-kv-forge-qos/results/vivado/synth_timing_summary.rpt
| Design       : kvq_top
| Device       : 7z020-clg400
| Speed File   : -1  PRODUCTION 1.12 2019-11-22
| Design State : Synthesized
---------------------------------------------------------------------------------------------------------------------------------------------

Timing Summary Report

------------------------------------------------------------------------------------------------
| Timer Settings
| --------------
------------------------------------------------------------------------------------------------

  Enable Multi Corner Analysis               :  Yes
  Enable Pessimism Removal                   :  Yes
  Pessimism Removal Resolution               :  Nearest Common Node
  Enable Input Delay Default Clock           :  No
  Enable Preset / Clear Arcs                 :  No
  Disable Flight Delays                      :  No
  Ignore I/O Paths                           :  No
  Timing Early Launch at Borrowing Latches   :  No
  Borrow Time for Max Delay Exceptions       :  Yes
  Merge Timing Exceptions                    :  Yes
  Inter-SLR Compensation                     :  Conservative

  Corner  Analyze    Analyze    
  Name    Max Paths  Min Paths  
  ------  ---------  ---------  
  Slow    Yes        Yes        
  Fast    Yes        Yes        


------------------------------------------------------------------------------------------------
| Report Methodology
| ------------------
------------------------------------------------------------------------------------------------

No report available as report_methodology has not been run prior. Run report_methodology on the current design for the summary of methodology violations.



check_timing report

Table of Contents
-----------------
1. checking no_clock (0)
2. checking constant_clock (0)
3. checking pulse_width_clock (0)
4. checking unconstrained_internal_endpoints (0)
5. checking no_input_delay (1)
6. checking no_output_delay (16)
7. checking multiple_clock (0)
8. checking generated_clocks (0)
9. checking loops (0)
10. checking partial_input_delay (0)
11. checking partial_output_delay (0)
12. checking latch_loops (0)

1. checking no_clock (0)
------------------------
 There are 0 register/latch pins with no clock.


2. checking constant_clock (0)
------------------------------
 There are 0 register/latch pins with constant_clock.


3. checking pulse_width_clock (0)
---------------------------------
 There are 0 register/latch pins which need pulse_width check


4. checking unconstrained_internal_endpoints (0)
------------------------------------------------
 There are 0 pins that are not constrained for maximum delay.

 There are 0 pins that are not constrained for maximum delay due to constant clock.


5. checking no_input_delay (1)
------------------------------
 There is 1 input port with no input delay specified. (HIGH)

 There are 0 input ports with no input delay but user has a false path constraint.


6. checking no_output_delay (16)
--------------------------------
 There are 16 ports with no output delay specified. (HIGH)

 There are 0 ports with no output delay but user has a false path constraint

 There are 0 ports with no output delay but with a timing clock defined on it or propagating through it


7. checking multiple_clock (0)
------------------------------
 There are 0 register/latch pins with multiple clocks.


8. checking generated_clocks (0)
--------------------------------
 There are 0 generated clocks that are not connected to a clock source.


9. checking loops (0)
---------------------
 There are 0 combinational loops in the design.


10. checking partial_input_delay (0)
------------------------------------
 There are 0 input ports with partial input delay specified.


11. checking partial_output_delay (0)
-------------------------------------
 There are 0 ports with partial output delay specified.


12. checking latch_loops (0)
----------------------------
 There are 0 combinational latch loops in the design through latch input



------------------------------------------------------------------------------------------------
| Design Timing Summary
| ---------------------
------------------------------------------------------------------------------------------------

    WNS(ns)      TNS(ns)  TNS Failing Endpoints  TNS Total Endpoints      WHS(ns)      THS(ns)  THS Failing Endpoints  THS Total Endpoints     WPWS(ns)     TPWS(ns)  TPWS Failing Endpoints  TPWS Total Endpoints  
    -------      -------  ---------------------  -------------------      -------      -------  ---------------------  -------------------     --------     --------  ----------------------  --------------------  
    -32.901   -55210.250                  12588                31073       -1.122     -392.164                    561                31073        1.500        0.000                       0                 17717  


Timing constraints are not met.


------------------------------------------------------------------------------------------------
| Clock Summary
| -------------
------------------------------------------------------------------------------------------------

Clock    Waveform(ns)         Period(ns)      Frequency(MHz)
-----    ------------         ----------      --------------
kvq_clk  {0.000 2.000}        4.000           250.000         


------------------------------------------------------------------------------------------------
| Intra Clock Table
| -----------------
------------------------------------------------------------------------------------------------

Clock             WNS(ns)      TNS(ns)  TNS Failing Endpoints  TNS Total Endpoints      WHS(ns)      THS(ns)  THS Failing Endpoints  THS Total Endpoints     WPWS(ns)     TPWS(ns)  TPWS Failing Endpoints  TPWS Total Endpoints  
-----             -------      -------  ---------------------  -------------------      -------      -------  ---------------------  -------------------     --------     --------  ----------------------  --------------------  
kvq_clk           -32.901   -55210.250                  12588                31073       -1.122     -392.164                    561                31073        1.500        0.000                       0                 17717  


------------------------------------------------------------------------------------------------
| Inter Clock Table
| -----------------
------------------------------------------------------------------------------------------------

From Clock    To Clock          WNS(ns)      TNS(ns)  TNS Failing Endpoints  TNS Total Endpoints      WHS(ns)      THS(ns)  THS Failing Endpoints  THS Total Endpoints  
----------    --------          -------      -------  ---------------------  -------------------      -------      -------  ---------------------  -------------------  


------------------------------------------------------------------------------------------------
| Other Path Groups Table
| -----------------------
------------------------------------------------------------------------------------------------

Path Group    From Clock    To Clock          WNS(ns)      TNS(ns)  TNS Failing Endpoints  TNS Total Endpoints      WHS(ns)      THS(ns)  THS Failing Endpoints  THS Total Endpoints  
----------    ----------    --------          -------      -------  ---------------------  -------------------      -------      -------  ---------------------  -------------------  


------------------------------------------------------------------------------------------------
| Timing Details
| --------------
------------------------------------------------------------------------------------------------


---------------------------------------------------------------------------------------------------
From Clock:  kvq_clk
  To Clock:  kvq_clk

Setup :        12588  Failing Endpoints,  Worst Slack      -32.901ns,  Total Violation   -55210.250ns
Hold  :          561  Failing Endpoints,  Worst Slack       -1.122ns,  Total Violation     -392.164ns
PW    :            0  Failing Endpoints,  Worst Slack        1.500ns,  Total Violation        0.000ns
---------------------------------------------------------------------------------------------------


Max Delay Paths
--------------------------------------------------------------------------------------
Slack (VIOLATED) :        -32.901ns  (required time - arrival time)
  Source:                 u_qmgr/q_count_reg[2][2]/C
                            (rising edge-triggered cell FDCE clocked by kvq_clk  {rise@0.000ns fall@2.000ns period=4.000ns})
  Destination:            u_qmgr/q_head_reg[0][0]/CE
                            (rising edge-triggered cell FDCE clocked by kvq_clk  {rise@0.000ns fall@2.000ns period=4.000ns})
  Path Group:             kvq_clk
  Path Type:              Setup (Max at Slow Process Corner)
  Requirement:            4.000ns  (kvq_clk rise@4.000ns - kvq_clk rise@0.000ns)
  Data Path Delay:        36.519ns  (logic 10.838ns (29.678%)  route 25.681ns (70.322%))
  Logic Levels:           61  (CARRY4=28 LUT3=2 LUT5=13 LUT6=18)
  Clock Path Skew:        -0.145ns (DCD - SCD + CPR)
    Destination Clock Delay (DCD):    2.128ns = ( 6.128 - 4.000 ) 
    Source Clock Delay      (SCD):    2.456ns
    Clock Pessimism Removal (CPR):    0.184ns
  Clock Uncertainty:      0.035ns  ((TSJ^2 + TIJ^2)^1/2 + DJ) / 2 + PE
    Total System Jitter     (TSJ):    0.071ns
    Total Input Jitter      (TIJ):    0.000ns
    Discrete Jitter          (DJ):    0.000ns
    Phase Error              (PE):    0.000ns

    Location             Delay type                Incr(ns)  Path(ns)    Netlist Resource(s)
  -------------------------------------------------------------------    -------------------
                         (clock kvq_clk rise edge)    0.000     0.000 r  
                                                      0.000     0.000 r  clk (IN)
                         net (fo=0)                   0.000     0.000    clk
                         IBUF (Prop_ibuf_I_O)         0.972     0.972 r  clk_IBUF_inst/O
                         net (fo=1, unplaced)         0.800     1.771    clk_IBUF
                         BUFG (Prop_bufg_I_O)         0.101     1.872 r  clk_IBUF_BUFG_inst/O
                         net (fo=17716, unplaced)     0.584     2.456    u_qmgr/clk_IBUF_BUFG
                         FDCE                                         r  u_qmgr/q_count_reg[2][2]/C
  -------------------------------------------------------------------    -------------------
                         FDCE (Prop_fdce_C_Q)         0.478     2.934 f  u_qmgr/q_count_reg[2][2]/Q
                         net (fo=9, unplaced)         0.847     3.781    u_qmgr/q_count_reg_n_0_[2][2]
                         LUT5 (Prop_lut5_I0_O)        0.295     4.076 r  u_qmgr/q_count[2][4]_i_3/O
                         net (fo=6, unplaced)         0.934     5.010    u_qmgr/q_count[2][4]_i_3_n_0
                         LUT6 (Prop_lut6_I1_O)        0.124     5.134 f  u_qmgr/held_req[opcode][7]_i_106/O
                         net (fo=8, unplaced)         0.487     5.621    u_qmgr/held_req[opcode][7]_i_106_n_0
                         LUT3 (Prop_lut3_I2_O)        0.124     5.745 f  u_qmgr/held_req[deadline_cycles][31]_i_111/O
                         net (fo=41, unplaced)        0.742     6.487    u_qmgr/held_req[deadline_cycles][31]_i_111_n_0
                         LUT6 (Prop_lut6_I3_O)        0.124     6.611 f  u_qmgr/q_count[0][4]_i_116/O
                         net (fo=3, unplaced)         0.920     7.531    u_qmgr/q_count[0][4]_i_116_n_0
                         LUT6 (Prop_lut6_I3_O)        0.124     7.655 r  u_qmgr/q_count[0][4]_i_104/O
                         net (fo=1, unplaced)         0.639     8.294    u_qmgr/q_count[0][4]_i_104_n_0
                         CARRY4 (Prop_carry4_DI[1]_CO[3])
                                                      0.520     8.814 r  u_qmgr/q_count_reg[0][4]_i_81/CO[3]
                         net (fo=1, unplaced)         0.009     8.823    u_qmgr/q_count_reg[0][4]_i_81_n_0
                         CARRY4 (Prop_carry4_CI_CO[3])
                                                      0.117     8.940 r  u_qmgr/q_count_reg[0][4]_i_58/CO[3]
                         net (fo=1, unplaced)         0.000     8.940    u_qmgr/q_count_reg[0][4]_i_58_n_0
                         CARRY4 (Prop_carry4_CI_CO[3])
                                                      0.117     9.057 r  u_qmgr/q_count_reg[0][4]_i_39/CO[3]
                         net (fo=1, unplaced)         0.000     9.057    u_qmgr/q_count_reg[0][4]_i_39_n_0
                         CARRY4 (Prop_carry4_CI_CO[3])
                                                      0.117     9.174 f  u_qmgr/q_count_reg[0][4]_i_26/CO[3]
                         net (fo=1, unplaced)         0.918    10.092    u_qmgr/u_arb/best_found3
                         LUT5 (Prop_lut5_I2_O)        0.124    10.216 f  u_qmgr/q_count[0][4]_i_19/O
                         net (fo=4, unplaced)         0.473    10.689    u_qmgr/q_count[0][4]_i_19_n_0
                         LUT6 (Prop_lut6_I2_O)        0.124    10.813 r  u_qmgr/held_req[deadline_cycles][31]_i_223/O
                         net (fo=34, unplaced)        0.522    11.335    u_qmgr/held_req[deadline_cycles][31]_i_223_n_0
                         LUT3 (Prop_lut3_I1_O)        0.124    11.459 r  u_qmgr/held_req[deadline_cycles][31]_i_907/O
                         net (fo=5, unplaced)         0.477    11.936    u_qmgr/held_req[deadline_cycles][31]_i_907_n_0
                         LUT6 (Prop_lut6_I4_O)        0.124    12.060 r  u_qmgr/q_count[0][4]_i_96/O
                         net (fo=1, unplaced)         0.639    12.699    u_qmgr/q_count[0][4]_i_96_n_0
                         CARRY4 (Prop_carry4_DI[1]_CO[3])
                                                      0.520    13.219 r  u_qmgr/q_count_reg[0][4]_i_72/CO[3]
                         net (fo=1, unplaced)         0.009    13.228    u_qmgr/q_count_reg[0][4]_i_72_n_0
                         CARRY4 (Prop_carry4_CI_CO[3])
                                                      0.117    13.345 r  u_qmgr/q_count_reg[0][4]_i_49/CO[3]
                         net (fo=1, unplaced)         0.000    13.345    u_qmgr/q_count_reg[0][4]_i_49_n_0
                         CARRY4 (Prop_carry4_CI_CO[3])
                                                      0.117    13.462 r  u_qmgr/q_count_reg[0][4]_i_29/CO[3]
                         net (fo=1, unplaced)         0.000    13.462    u_qmgr/q_count_reg[0][4]_i_29_n_0
                         CARRY4 (Prop_carry4_CI_CO[3])
                                                      0.117    13.579 f  u_qmgr/q_count_reg[0][4]_i_23/CO[3]
                         net (fo=2, unplaced)         0.929    14.508    u_qmgr/u_arb/best_found31_in
                         LUT5 (Prop_lut5_I1_O)        0.124    14.632 r  u_qmgr/q_count[0][4]_i_15/O
                         net (fo=2, unplaced)         0.460    15.092    u_qmgr/q_count[0][4]_i_15_n_0
                         LUT6 (Prop_lut6_I0_O)        0.124    15.216 r  u_qmgr/held_req[deadline_cycles][31]_i_139/O
                         net (fo=74, unplaced)        0.541    15.757    u_qmgr/held_req[deadline_cycles][31]_i_139_n_0
                         LUT5 (Prop_lut5_I4_O)        0.124    15.881 r  u_qmgr/held_req[deadline_cycles][31]_i_913/O
                         net (fo=5, unplaced)         0.477    16.358    u_qmgr/held_req[deadline_cycles][31]_i_913_n_0
                         LUT6 (Prop_lut6_I4_O)        0.124    16.482 r  u_qmgr/held_req[opcode][7]_i_350/O
                         net (fo=1, unplaced)         0.639    17.121    u_qmgr/held_req[opcode][7]_i_350_n_0
                         CARRY4 (Prop_carry4_DI[1]_CO[3])
                                                      0.520    17.641 r  u_qmgr/held_req_reg[opcode][7]_i_323/CO[3]
                         net (fo=1, unplaced)         0.009    17.650    u_qmgr/held_req_reg[opcode][7]_i_323_n_0
                         CARRY4 (Prop_carry4_CI_CO[3])
                                                      0.117    17.767 r  u_qmgr/held_req_reg[opcode][7]_i_264/CO[3]
                         net (fo=1, unplaced)         0.000    17.767    u_qmgr/held_req_reg[opcode][7]_i_264_n_0
                         CARRY4 (Prop_carry4_CI_CO[3])
                                                      0.117    17.884 r  u_qmgr/held_req_reg[opcode][7]_i_213/CO[3]
                         net (fo=1, unplaced)         0.000    17.884    u_qmgr/held_req_reg[opcode][7]_i_213_n_0
                         CARRY4 (Prop_carry4_CI_CO[3])
                                                      0.117    18.001 r  u_qmgr/held_req_reg[opcode][7]_i_170/CO[3]
                         net (fo=1, unplaced)         0.918    18.919    u_qmgr/u_arb/best_found34_in
                         LUT5 (Prop_lut5_I1_O)        0.124    19.043 r  u_qmgr/held_req[opcode][7]_i_124/O
                         net (fo=1, unplaced)         0.449    19.492    u_qmgr/held_req[opcode][7]_i_124_n_0
                         LUT6 (Prop_lut6_I2_O)        0.124    19.616 r  u_qmgr/held_req[opcode][7]_i_75/O
                         net (fo=76, unplaced)        0.542    20.158    u_qmgr/held_req[opcode][7]_i_75_n_0
                         LUT5 (Prop_lut5_I4_O)        0.124    20.282 r  u_qmgr/held_req[deadline_cycles][31]_i_785/O
                         net (fo=5, unplaced)         0.477    20.759    u_qmgr/held_req[deadline_cycles][31]_i_785_n_0
                         LUT6 (Prop_lut6_I4_O)        0.124    20.883 r  u_qmgr/held_req[opcode][7]_i_342/O
                         net (fo=1, unplaced)         0.639    21.522    u_qmgr/held_req[opcode][7]_i_342_n_0
                         CARRY4 (Prop_carry4_DI[1]_CO[3])
                                                      0.520    22.042 r  u_qmgr/held_req_reg[opcode][7]_i_314/CO[3]
                         net (fo=1, unplaced)         0.009    22.051    u_qmgr/held_req_reg[opcode][7]_i_314_n_0
                         CARRY4 (Prop_carry4_CI_CO[3])
                                                      0.117    22.168 r  u_qmgr/held_req_reg[opcode][7]_i_253/CO[3]
                         net (fo=1, unplaced)         0.000    22.168    u_qmgr/held_req_reg[opcode][7]_i_253_n_0
                         CARRY4 (Prop_carry4_CI_CO[3])
                                                      0.117    22.285 r  u_qmgr/held_req_reg[opcode][7]_i_202/CO[3]
                         net (fo=1, unplaced)         0.000    22.285    u_qmgr/held_req_reg[opcode][7]_i_202_n_0
                         CARRY4 (Prop_carry4_CI_CO[3])
                                                      0.117    22.402 f  u_qmgr/held_req_reg[opcode][7]_i_162/CO[3]
                         net (fo=3, unplaced)         0.936    23.338    u_qmgr/u_arb/best_found37_in
                         LUT6 (Prop_lut6_I1_O)        0.124    23.462 f  u_qmgr/held_req[opcode][7]_i_120/O
                         net (fo=3, unplaced)         0.467    23.929    u_qmgr/held_req[opcode][7]_i_120_n_0
                         LUT6 (Prop_lut6_I1_O)        0.124    24.053 r  u_qmgr/held_req[deadline_cycles][31]_i_87/O
                         net (fo=16, unplaced)        0.503    24.556    u_qmgr/held_req[deadline_cycles][31]_i_87_n_0
                         LUT5 (Prop_lut5_I3_O)        0.124    24.680 r  u_qmgr/held_req[deadline_cycles][31]_i_792/O
                         net (fo=5, unplaced)         0.477    25.157    u_qmgr/held_req[deadline_cycles][31]_i_792_n_0
                         LUT6 (Prop_lut6_I4_O)        0.124    25.281 r  u_qmgr/held_req[opcode][7]_i_308/O
                         net (fo=1, unplaced)         0.639    25.920    u_qmgr/held_req[opcode][7]_i_308_n_0
                         CARRY4 (Prop_carry4_DI[1]_CO[3])
                                                      0.520    26.440 r  u_qmgr/held_req_reg[opcode][7]_i_243/CO[3]
                         net (fo=1, unplaced)         0.009    26.449    u_qmgr/held_req_reg[opcode][7]_i_243_n_0
                         CARRY4 (Prop_carry4_CI_CO[3])
                                                      0.117    26.566 r  u_qmgr/held_req_reg[opcode][7]_i_189/CO[3]
                         net (fo=1, unplaced)         0.000    26.566    u_qmgr/held_req_reg[opcode][7]_i_189_n_0
                         CARRY4 (Prop_carry4_CI_CO[3])
                                                      0.117    26.683 r  u_qmgr/held_req_reg[opcode][7]_i_145/CO[3]
                         net (fo=1, unplaced)         0.000    26.683    u_qmgr/held_req_reg[opcode][7]_i_145_n_0
                         CARRY4 (Prop_carry4_CI_CO[3])
                                                      0.117    26.800 r  u_qmgr/held_req_reg[opcode][7]_i_112/CO[3]
                         net (fo=1, unplaced)         0.918    27.718    u_qmgr/u_arb/best_found310_in
                         LUT5 (Prop_lut5_I1_O)        0.124    27.842 r  u_qmgr/held_req[opcode][7]_i_71/O
                         net (fo=1, unplaced)         0.449    28.291    u_qmgr/held_req[opcode][7]_i_71_n_0
                         LUT6 (Prop_lut6_I2_O)        0.124    28.415 r  u_qmgr/held_req[opcode][7]_i_35/O
                         net (fo=76, unplaced)        0.542    28.957    u_qmgr/rr_ptr_reg[2]_rep__0_0
                         LUT5 (Prop_lut5_I4_O)        0.124    29.081 r  u_qmgr/held_req[deadline_cycles][31]_i_597/O
                         net (fo=4, unplaced)         0.473    29.554    u_qmgr/held_req[deadline_cycles][31]_i_597_n_0
                         LUT6 (Prop_lut6_I4_O)        0.124    29.678 r  u_qmgr/held_req[opcode][7]_i_334/O
                         net (fo=1, unplaced)         0.639    30.317    u_qmgr/held_req[opcode][7]_i_334_n_0
                         CARRY4 (Prop_carry4_DI[1]_CO[3])
                                                      0.520    30.837 r  u_qmgr/held_req_reg[opcode][7]_i_273/CO[3]
                         net (fo=1, unplaced)         0.009    30.846    u_qmgr/held_req_reg[opcode][7]_i_273_n_0
                         CARRY4 (Prop_carry4_CI_CO[3])
                                                      0.117    30.963 r  u_qmgr/held_req_reg[opcode][7]_i_222/CO[3]
                         net (fo=1, unplaced)         0.000    30.963    u_qmgr/held_req_reg[opcode][7]_i_222_n_0
                         CARRY4 (Prop_carry4_CI_CO[3])
                                                      0.117    31.080 r  u_qmgr/held_req_reg[opcode][7]_i_173/CO[3]
                         net (fo=1, unplaced)         0.000    31.080    u_qmgr/held_req_reg[opcode][7]_i_173_n_0
                         CARRY4 (Prop_carry4_CI_CO[3])
                                                      0.117    31.197 f  u_qmgr/held_req_reg[opcode][7]_i_127/CO[3]
                         net (fo=4, unplaced)         0.942    32.139    u_qmgr/u_arb/best_found313_in
                         LUT5 (Prop_lut5_I1_O)        0.124    32.263 f  u_qmgr/held_req[opcode][7]_i_78/O
                         net (fo=2, unplaced)         0.460    32.723    u_qmgr/held_req[opcode][7]_i_78_n_0
                         LUT6 (Prop_lut6_I1_O)        0.124    32.847 r  u_qmgr/q_count[0][4]_i_9/O
                         net (fo=14, unplaced)        0.500    33.347    u_qmgr/q_count[0][4]_i_9_n_0
                         LUT5 (Prop_lut5_I3_O)        0.124    33.471 r  u_qmgr/held_req[deadline_cycles][31]_i_599/O
                         net (fo=2, unplaced)         0.460    33.931    u_qmgr/held_req[deadline_cycles][31]_i_599_n_0
                         LUT6 (Prop_lut6_I4_O)        0.124    34.055 r  u_qmgr/held_req[deadline_cycles][31]_i_422/O
                         net (fo=1, unplaced)         0.639    34.694    u_qmgr/held_req[deadline_cycles][31]_i_422_n_0
                         CARRY4 (Prop_carry4_DI[1]_CO[3])
                                                      0.520    35.214 r  u_qmgr/held_req_reg[deadline_cycles][31]_i_225/CO[3]
                         net (fo=1, unplaced)         0.009    35.223    u_qmgr/held_req_reg[deadline_cycles][31]_i_225_n_0
                         CARRY4 (Prop_carry4_CI_CO[3])
                                                      0.117    35.340 r  u_qmgr/held_req_reg[deadline_cycles][31]_i_143/CO[3]
                         net (fo=1, unplaced)         0.000    35.340    u_qmgr/held_req_reg[deadline_cycles][31]_i_143_n_0
                         CARRY4 (Prop_carry4_CI_CO[3])
                                                      0.117    35.457 r  u_qmgr/held_req_reg[deadline_cycles][31]_i_89/CO[3]
                         net (fo=1, unplaced)         0.000    35.457    u_qmgr/held_req_reg[deadline_cycles][31]_i_89_n_0
                         CARRY4 (Prop_carry4_CI_CO[3])
                                                      0.117    35.574 r  u_qmgr/held_req_reg[deadline_cycles][31]_i_41/CO[3]
                         net (fo=2, unplaced)         0.929    36.503    u_qmgr/held_req_reg[deadline_cycles][31]_i_41_n_0
                         LUT5 (Prop_lut5_I4_O)        0.124    36.627 f  u_qmgr/held_req[opcode][7]_i_40/O
                         net (fo=1, unplaced)         0.449    37.076    u_qmgr/held_req[opcode][7]_i_40_n_0
                         LUT6 (Prop_lut6_I4_O)        0.124    37.200 r  u_qmgr/held_req[opcode][7]_i_16/O
                         net (fo=3, unplaced)         0.467    37.667    u_arb/held_req_reg[deadline_cycles][3]
                         LUT6 (Prop_lut6_I2_O)        0.124    37.791 r  u_arb/held_req[opcode][7]_i_7/O
                         net (fo=92, unplaced)        0.546    38.337    u_qmgr/held_req_reg[deadline_cycles][3]_0
                         LUT5 (Prop_lut5_I4_O)        0.124    38.461 r  u_qmgr/q_head[0][3]_i_1/O
                         net (fo=9, unplaced)         0.514    38.975    u_qmgr/q_head[0][3]_i_1_n_0
                         FDCE                                         r  u_qmgr/q_head_reg[0][0]/CE
  -------------------------------------------------------------------    -------------------

                         (clock kvq_clk rise edge)    4.000     4.000 r  
                                                      0.000     4.000 r  clk (IN)
                         net (fo=0)                   0.000     4.000    clk
                         IBUF (Prop_ibuf_I_O)         0.838     4.838 r  clk_IBUF_inst/O
                         net (fo=1, unplaced)         0.760     5.598    clk_IBUF
                         BUFG (Prop_bufg_I_O)         0.091     5.689 r  clk_IBUF_BUFG_inst/O
                         net (fo=17716, unplaced)     0.439     6.128    u_qmgr/clk_IBUF_BUFG
                         FDCE                                         r  u_qmgr/q_head_reg[0][0]/C
                         clock pessimism              0.184     6.311    
                         clock uncertainty           -0.035     6.276    
                         FDCE (Setup_fdce_C_CE)      -0.202     6.074    u_qmgr/q_head_reg[0][0]
  -------------------------------------------------------------------
                         required time                          6.074    
                         arrival time                         -38.975    
  -------------------------------------------------------------------
                         slack                                -32.901    





Min Delay Paths
--------------------------------------------------------------------------------------
Slack (VIOLATED) :        -1.122ns  (arrival time - required time)
  Source:                 s_axil_araddr[0]
                            (input port clocked by kvq_clk  {rise@0.000ns fall@2.000ns period=4.000ns})
  Destination:            u_axil/ar_latched_reg[0]/D
                            (rising edge-triggered cell FDCE clocked by kvq_clk  {rise@0.000ns fall@2.000ns period=4.000ns})
  Path Group:             kvq_clk
  Path Type:              Hold (Min at Slow Process Corner)
  Requirement:            0.000ns  (kvq_clk rise@0.000ns - kvq_clk rise@0.000ns)
  Data Path Delay:        1.598ns  (logic 0.838ns (52.451%)  route 0.760ns (47.549%))
  Logic Levels:           1  (IBUF=1)
  Input Delay:            0.000ns
  Clock Path Skew:        2.456ns (DCD - SCD - CPR)
    Destination Clock Delay (DCD):    2.456ns
    Source Clock Delay      (SCD):    0.000ns
    Clock Pessimism Removal (CPR):    -0.000ns
  Clock Uncertainty:      0.035ns  ((TSJ^2 + TIJ^2)^1/2 + DJ) / 2 + PE
    Total System Jitter     (TSJ):    0.071ns
    Total Input Jitter      (TIJ):    0.000ns
    Discrete Jitter          (DJ):    0.000ns
    Phase Error              (PE):    0.000ns

    Location             Delay type                Incr(ns)  Path(ns)    Netlist Resource(s)
  -------------------------------------------------------------------    -------------------
                         (clock kvq_clk rise edge)    0.000     0.000 r  
                         input delay                  0.000     0.000    
                                                      0.000     0.000 r  s_axil_araddr[0] (IN)
                         net (fo=0)                   0.000     0.000    s_axil_araddr[0]
                         IBUF (Prop_ibuf_I_O)         0.838     0.838 r  s_axil_araddr_IBUF[0]_inst/O
                         net (fo=1, unplaced)         0.760     1.598    u_axil/ar_latched_reg[15]_0[0]
                         FDCE                                         r  u_axil/ar_latched_reg[0]/D
  -------------------------------------------------------------------    -------------------

                         (clock kvq_clk rise edge)    0.000     0.000 r  
                                                      0.000     0.000 r  clk (IN)
                         net (fo=0)                   0.000     0.000    clk
                         IBUF (Prop_ibuf_I_O)         0.972     0.972 r  clk_IBUF_inst/O
                         net (fo=1, unplaced)         0.800     1.771    clk_IBUF
                         BUFG (Prop_bufg_I_O)         0.101     1.872 r  clk_IBUF_BUFG_inst/O
                         net (fo=17716, unplaced)     0.584     2.456    u_axil/clk_IBUF_BUFG
                         FDCE                                         r  u_axil/ar_latched_reg[0]/C
                         clock pessimism              0.000     2.456    
                         clock uncertainty            0.035     2.492    
                         FDCE (Hold_fdce_C_D)         0.228     2.720    u_axil/ar_latched_reg[0]
  -------------------------------------------------------------------
                         required time                         -2.720    
                         arrival time                           1.598    
  -------------------------------------------------------------------
                         slack                                 -1.122    





Pulse Width Checks
--------------------------------------------------------------------------------------
Clock Name:         kvq_clk
Waveform(ns):       { 0.000 2.000 }
Period(ns):         4.000
Sources:            { clk }

Check Type        Corner  Lib Pin  Reference Pin  Required(ns)  Actual(ns)  Slack(ns)  Location  Pin
Min Period        n/a     BUFG/I   n/a            2.155         4.000       1.845                clk_IBUF_BUFG_inst/I
Low Pulse Width   Slow    FDCE/C   n/a            0.500         2.000       1.500                dl_miss_seen_r_reg/C
High Pulse Width  Slow    FDCE/C   n/a            0.500         2.000       1.500                dl_miss_seen_r_reg/C



