Copyright 1986-2022 Xilinx, Inc. All Rights Reserved. Copyright 2022-2025 Advanced Micro Devices, Inc. All Rights Reserved.
--------------------------------------------------------------------------------------------------------------------------------------------------
| Tool Version      : Vivado v.2025.2 (lin64) Build 6299465 Fri Nov 14 12:34:56 MST 2025
| Date              : Mon May 25 13:24:17 2026
| Host              : jotshawlinux-Legion running 64-bit Ubuntu 24.04.4 LTS
| Command           : report_timing_summary -file /home/jotshawlinux/cxl-kv-forge-qos/results/synth/zcu102_timing_summary.rpt
| Design            : kvq_phase1_bd_wrapper
| Device            : xczu7ev-ffvc1156
| Speed File        : -2  PRODUCTION 1.30 05-15-2022
| Design State      : Synthesized
| Temperature Grade : E
--------------------------------------------------------------------------------------------------------------------------------------------------

Timing Summary Report

------------------------------------------------------------------------------------------------
| Timer Settings
| --------------
------------------------------------------------------------------------------------------------

  Enable Multi Corner Analysis               :  Yes
  Enable Pessimism Removal                   :  Yes
  Pessimism Removal Resolution               :  Nearest Common Node
  Enable Input Delay Default Clock           :  No
  Enable Preset / Clear Arcs                 :  No
  Disable Flight Delays                      :  No
  Ignore I/O Paths                           :  No
  Timing Early Launch at Borrowing Latches   :  No
  Borrow Time for Max Delay Exceptions       :  Yes
  Merge Timing Exceptions                    :  Yes
  Inter-SLR Compensation                     :  Conservative

  Corner  Analyze    Analyze    
  Name    Max Paths  Min Paths  
  ------  ---------  ---------  
  Slow    Yes        Yes        
  Fast    Yes        Yes        


------------------------------------------------------------------------------------------------
| Report Methodology
| ------------------
------------------------------------------------------------------------------------------------

No report available as report_methodology has not been run prior. Run report_methodology on the current design for the summary of methodology violations.



check_timing report

Table of Contents
-----------------
1. checking no_clock (8)
2. checking constant_clock (0)
3. checking pulse_width_clock (0)
4. checking unconstrained_internal_endpoints (0)
5. checking no_input_delay (0)
6. checking no_output_delay (0)
7. checking multiple_clock (0)
8. checking generated_clocks (0)
9. checking loops (0)
10. checking partial_input_delay (0)
11. checking partial_output_delay (0)
12. checking latch_loops (0)

1. checking no_clock (8)
------------------------
 There are 8 register/latch pins with no clock (HIGH)


2. checking constant_clock (0)
------------------------------
 There are 0 register/latch pins with constant_clock.


3. checking pulse_width_clock (0)
---------------------------------
 There are 0 register/latch pins which need pulse_width check


4. checking unconstrained_internal_endpoints (0)
------------------------------------------------
 There are 0 pins that are not constrained for maximum delay.

 There are 0 pins that are not constrained for maximum delay due to constant clock.


5. checking no_input_delay (0)
------------------------------
 There are 0 input ports with no input delay specified.

 There are 0 input ports with no input delay but user has a false path constraint.


6. checking no_output_delay (0)
-------------------------------
 There are 0 ports with no output delay specified.

 There are 0 ports with no output delay but user has a false path constraint

 There are 0 ports with no output delay but with a timing clock defined on it or propagating through it


7. checking multiple_clock (0)
------------------------------
 There are 0 register/latch pins with multiple clocks.


8. checking generated_clocks (0)
--------------------------------
 There are 0 generated clocks that are not connected to a clock source.


9. checking loops (0)
---------------------
 There are 0 combinational loops in the design.


10. checking partial_input_delay (0)
------------------------------------
 There are 0 input ports with partial input delay specified.


11. checking partial_output_delay (0)
-------------------------------------
 There are 0 ports with partial output delay specified.


12. checking latch_loops (0)
----------------------------
 There are 0 combinational latch loops in the design through latch input



------------------------------------------------------------------------------------------------
| Design Timing Summary
| ---------------------
------------------------------------------------------------------------------------------------

    WNS(ns)      TNS(ns)  TNS Failing Endpoints  TNS Total Endpoints      WHS(ns)      THS(ns)  THS Failing Endpoints  THS Total Endpoints     WPWS(ns)     TPWS(ns)  TPWS Failing Endpoints  TPWS Total Endpoints  
    -------      -------  ---------------------  -------------------      -------      -------  ---------------------  -------------------     --------     --------  ----------------------  --------------------  
     -8.481    -2367.471                  11509                84585       -0.107    -1608.473                  39804                84585       -0.500       -2.000                       4                 33624  


Timing constraints are not met.


------------------------------------------------------------------------------------------------
| Clock Summary
| -------------
------------------------------------------------------------------------------------------------

Clock                                   Waveform(ns)         Period(ns)      Frequency(MHz)
-----                                   ------------         ----------      --------------
clk_pl_0                                {0.000 5.156}        10.312          96.974          
kvq_phase1_bd_i/clk_wiz_0/inst/clk_in1  {0.000 5.156}        10.313          96.965          
  clk_out1_kvq_phase1_bd_clk_wiz_0_0    {0.000 1.250}        2.500           399.981         


------------------------------------------------------------------------------------------------
| Intra Clock Table
| -----------------
------------------------------------------------------------------------------------------------

Clock                                       WNS(ns)      TNS(ns)  TNS Failing Endpoints  TNS Total Endpoints      WHS(ns)      THS(ns)  THS Failing Endpoints  THS Total Endpoints     WPWS(ns)     TPWS(ns)  TPWS Failing Endpoints  TPWS Total Endpoints  
-----                                       -------      -------  ---------------------  -------------------      -------      -------  ---------------------  -------------------     --------     --------  ----------------------  --------------------  
kvq_phase1_bd_i/clk_wiz_0/inst/clk_in1                                                                                                                                                    2.063        0.000                       0                     1  
  clk_out1_kvq_phase1_bd_clk_wiz_0_0         -8.481    -2367.471                  11509                76741       -0.107    -1608.473                  39804                76741       -0.500       -2.000                       4                 33623  


------------------------------------------------------------------------------------------------
| Inter Clock Table
| -----------------
------------------------------------------------------------------------------------------------

From Clock    To Clock          WNS(ns)      TNS(ns)  TNS Failing Endpoints  TNS Total Endpoints      WHS(ns)      THS(ns)  THS Failing Endpoints  THS Total Endpoints  
----------    --------          -------      -------  ---------------------  -------------------      -------      -------  ---------------------  -------------------  


------------------------------------------------------------------------------------------------
| Other Path Groups Table
| -----------------------
------------------------------------------------------------------------------------------------

Path Group                          From Clock                          To Clock                                WNS(ns)      TNS(ns)  TNS Failing Endpoints  TNS Total Endpoints      WHS(ns)      THS(ns)  THS Failing Endpoints  THS Total Endpoints  
----------                          ----------                          --------                                -------      -------  ---------------------  -------------------      -------      -------  ---------------------  -------------------  
**async_default**                   clk_out1_kvq_phase1_bd_clk_wiz_0_0  clk_out1_kvq_phase1_bd_clk_wiz_0_0        1.570        0.000                      0                 7844        0.125        0.000                      0                 7844  


------------------------------------------------------------------------------------------------
| Timing Details
| --------------
------------------------------------------------------------------------------------------------


---------------------------------------------------------------------------------------------------
From Clock:  kvq_phase1_bd_i/clk_wiz_0/inst/clk_in1
  To Clock:  kvq_phase1_bd_i/clk_wiz_0/inst/clk_in1

Setup :           NA  Failing Endpoints,  Worst Slack           NA  ,  Total Violation           NA
Hold  :           NA  Failing Endpoints,  Worst Slack           NA  ,  Total Violation           NA
PW    :            0  Failing Endpoints,  Worst Slack        2.063ns,  Total Violation        0.000ns
---------------------------------------------------------------------------------------------------


Pulse Width Checks
--------------------------------------------------------------------------------------
Clock Name:         kvq_phase1_bd_i/clk_wiz_0/inst/clk_in1
Waveform(ns):       { 0.000 5.156 }
Period(ns):         10.313
Sources:            { kvq_phase1_bd_i/clk_wiz_0/inst/clk_in1 }

Check Type        Corner  Lib Pin            Reference Pin  Required(ns)  Actual(ns)  Slack(ns)  Location  Pin
Min Period        n/a     MMCME4_ADV/CLKIN1  n/a            1.071         10.313      9.242                kvq_phase1_bd_i/clk_wiz_0/inst/mmcme4_adv_inst/CLKIN1
Max Period        n/a     MMCME4_ADV/CLKIN1  n/a            100.000       10.313      89.687               kvq_phase1_bd_i/clk_wiz_0/inst/mmcme4_adv_inst/CLKIN1
Low Pulse Width   Slow    MMCME4_ADV/CLKIN1  n/a            3.094         5.156       2.063                kvq_phase1_bd_i/clk_wiz_0/inst/mmcme4_adv_inst/CLKIN1
High Pulse Width  Slow    MMCME4_ADV/CLKIN1  n/a            3.094         5.157       2.063                kvq_phase1_bd_i/clk_wiz_0/inst/mmcme4_adv_inst/CLKIN1



---------------------------------------------------------------------------------------------------
From Clock:  clk_out1_kvq_phase1_bd_clk_wiz_0_0
  To Clock:  clk_out1_kvq_phase1_bd_clk_wiz_0_0

Setup :        11509  Failing Endpoints,  Worst Slack       -8.481ns,  Total Violation    -2367.471ns
Hold  :        39804  Failing Endpoints,  Worst Slack       -0.107ns,  Total Violation    -1608.473ns
PW    :            4  Failing Endpoints,  Worst Slack       -0.500ns,  Total Violation       -2.000ns
---------------------------------------------------------------------------------------------------


Max Delay Paths
--------------------------------------------------------------------------------------
Slack (VIOLATED) :        -8.481ns  (required time - arrival time)
  Source:                 kvq_phase1_bd_i/kvq_top_0/inst/u_kvq_top/u_qmgr/deq_valid_r_reg[3]/C
                            (rising edge-triggered cell FDCE clocked by clk_out1_kvq_phase1_bd_clk_wiz_0_0  {rise@0.000ns fall@1.250ns period=2.500ns})
  Destination:            kvq_phase1_bd_i/kvq_top_0/inst/u_kvq_top/u_arb/rr_ptr_reg[2]/D
                            (rising edge-triggered cell FDCE clocked by clk_out1_kvq_phase1_bd_clk_wiz_0_0  {rise@0.000ns fall@1.250ns period=2.500ns})
  Path Group:             clk_out1_kvq_phase1_bd_clk_wiz_0_0
  Path Type:              Setup (Max at Slow Process Corner)
  Requirement:            2.500ns  (clk_out1_kvq_phase1_bd_clk_wiz_0_0 rise@2.500ns - clk_out1_kvq_phase1_bd_clk_wiz_0_0 rise@0.000ns)
  Data Path Delay:        10.804ns  (logic 2.775ns (25.685%)  route 8.029ns (74.315%))
  Logic Levels:           48  (CARRY8=14 LUT2=2 LUT3=2 LUT4=1 LUT5=11 LUT6=18)
  Clock Path Skew:        -0.145ns (DCD - SCD + CPR)
    Destination Clock Delay (DCD):    5.708ns = ( 8.208 - 2.500 ) 
    Source Clock Delay      (SCD):    5.267ns
    Clock Pessimism Removal (CPR):    -0.586ns
  Clock Uncertainty:      0.057ns  ((TSJ^2 + DJ^2)^1/2) / 2 + PE
    Total System Jitter     (TSJ):    0.071ns
    Discrete Jitter          (DJ):    0.090ns
    Phase Error              (PE):    0.000ns

    Location             Delay type                Incr(ns)  Path(ns)    Netlist Resource(s)
  -------------------------------------------------------------------    -------------------
                         (clock clk_out1_kvq_phase1_bd_clk_wiz_0_0 rise edge)
                                                      0.000     0.000 r  
                         BUFG_PS                      0.000     0.000 r  kvq_phase1_bd_i/ps_e_0/inst/buffer_pl_clk_0.PL_CLK_0_BUFG/O
                         net (fo=1, unplaced)         2.584     2.584    kvq_phase1_bd_i/clk_wiz_0/inst/clk_in1
                         MMCME4_ADV (Prop_MMCME4_ADV_CLKIN1_CLKOUT0)
                                                     -0.127     2.457 r  kvq_phase1_bd_i/clk_wiz_0/inst/mmcme4_adv_inst/CLKOUT0
                         net (fo=1, unplaced)         0.198     2.655    kvq_phase1_bd_i/clk_wiz_0/inst/clk_out1_kvq_phase1_bd_clk_wiz_0_0
                         BUFGCE (Prop_BUFGCE_I_O)     0.028     2.683 r  kvq_phase1_bd_i/clk_wiz_0/inst/clkout1_buf/O
                         net (fo=33621, unplaced)     2.584     5.267    kvq_phase1_bd_i/kvq_top_0/inst/u_kvq_top/u_qmgr/clk
                         FDCE                                         r  kvq_phase1_bd_i/kvq_top_0/inst/u_kvq_top/u_qmgr/deq_valid_r_reg[3]/C
  -------------------------------------------------------------------    -------------------
                         FDCE (Prop_FDCE_C_Q)         0.077     5.344 r  kvq_phase1_bd_i/kvq_top_0/inst/u_kvq_top/u_qmgr/deq_valid_r_reg[3]/Q
                         net (fo=4, unplaced)         0.166     5.510    kvq_phase1_bd_i/kvq_top_0/inst/u_kvq_top/u_arb/deq_valid[3]
                         LUT6 (Prop_LUT6_I0_O)        0.150     5.660 r  kvq_phase1_bd_i/kvq_top_0/inst/u_kvq_top/u_arb/sel_req_q[opcode][7]_bret__8_i_78/O
                         net (fo=7, unplaced)         0.211     5.871    kvq_phase1_bd_i/kvq_top_0/inst/u_kvq_top/u_arb/sel_req_q[opcode][7]_bret__8_i_78_n_0
                         LUT3 (Prop_LUT3_I2_O)        0.038     5.909 r  kvq_phase1_bd_i/kvq_top_0/inst/u_kvq_top/u_arb/sel_req_q[opcode][7]_bret__8_i_84/O
                         net (fo=42, unplaced)        0.252     6.161    kvq_phase1_bd_i/kvq_top_0/inst/u_kvq_top/u_arb/sel_req_q[opcode][7]_bret__8_i_84_n_0
                         LUT4 (Prop_LUT4_I3_O)        0.070     6.231 f  kvq_phase1_bd_i/kvq_top_0/inst/u_kvq_top/u_arb/sel_req_q[opcode][7]_bret__8_i_865/O
                         net (fo=3, unplaced)         0.192     6.423    kvq_phase1_bd_i/kvq_top_0/inst/u_kvq_top/u_arb/sel_req_q[opcode][7]_bret__8_i_865_n_0
                         LUT6 (Prop_LUT6_I5_O)        0.038     6.461 f  kvq_phase1_bd_i/kvq_top_0/inst/u_kvq_top/u_arb/deq_grant_q[7]_bret__2_i_65/O
                         net (fo=1, unplaced)         0.233     6.694    kvq_phase1_bd_i/kvq_top_0/inst/u_kvq_top/u_arb/deq_grant_q[7]_bret__2_i_65_n_0
                         CARRY8 (Prop_CARRY8_DI[0]_CO[7])
                                                      0.140     6.834 f  kvq_phase1_bd_i/kvq_top_0/inst/u_kvq_top/u_arb/deq_grant_q_reg[7]_bret__2_i_24/CO[7]
                         net (fo=1, unplaced)         0.005     6.839    kvq_phase1_bd_i/kvq_top_0/inst/u_kvq_top/u_arb/deq_grant_q_reg[7]_bret__2_i_24_n_0
                         CARRY8 (Prop_CARRY8_CI_CO[7])
                                                      0.022     6.861 f  kvq_phase1_bd_i/kvq_top_0/inst/u_kvq_top/u_arb/deq_grant_q_reg[7]_bret__2_i_15/CO[7]
                         net (fo=2, unplaced)         0.112     6.973    kvq_phase1_bd_i/kvq_top_0/inst/u_kvq_top/u_arb/best_found3
                         LUT5 (Prop_LUT5_I3_O)        0.070     7.043 f  kvq_phase1_bd_i/kvq_top_0/inst/u_kvq_top/u_arb/deq_grant_q[7]_bret__2_i_7/O
                         net (fo=2, unplaced)         0.186     7.229    kvq_phase1_bd_i/kvq_top_0/inst/u_kvq_top/u_arb/deq_grant_q[7]_bret__2_i_7_n_0
                         LUT5 (Prop_LUT5_I1_O)        0.038     7.267 r  kvq_phase1_bd_i/kvq_top_0/inst/u_kvq_top/u_arb/deq_grant_q[7]_bret__2_i_4/O
                         net (fo=65, unplaced)        0.262     7.529    kvq_phase1_bd_i/kvq_top_0/inst/u_kvq_top/u_arb/deq_grant_q[7]_bret__2_i_4_n_0
                         LUT5 (Prop_LUT5_I4_O)        0.070     7.599 f  kvq_phase1_bd_i/kvq_top_0/inst/u_kvq_top/u_arb/sel_req_q[opcode][7]_bret__8_i_759/O
                         net (fo=5, unplaced)         0.204     7.803    kvq_phase1_bd_i/kvq_top_0/inst/u_kvq_top/u_arb/sel_req_q[opcode][7]_bret__8_i_759_n_0
                         LUT6 (Prop_LUT6_I4_O)        0.038     7.841 f  kvq_phase1_bd_i/kvq_top_0/inst/u_kvq_top/u_arb/deq_grant_q[7]_bret__2_i_85/O
                         net (fo=1, unplaced)         0.233     8.074    kvq_phase1_bd_i/kvq_top_0/inst/u_kvq_top/u_arb/deq_grant_q[7]_bret__2_i_85_n_0
                         CARRY8 (Prop_CARRY8_DI[0]_CO[7])
                                                      0.140     8.214 f  kvq_phase1_bd_i/kvq_top_0/inst/u_kvq_top/u_arb/deq_grant_q_reg[7]_bret__2_i_41/CO[7]
                         net (fo=1, unplaced)         0.005     8.219    kvq_phase1_bd_i/kvq_top_0/inst/u_kvq_top/u_arb/deq_grant_q_reg[7]_bret__2_i_41_n_0
                         CARRY8 (Prop_CARRY8_CI_CO[7])
                                                      0.022     8.241 f  kvq_phase1_bd_i/kvq_top_0/inst/u_kvq_top/u_arb/deq_grant_q_reg[7]_bret__2_i_23/CO[7]
                         net (fo=2, unplaced)         0.112     8.353    kvq_phase1_bd_i/kvq_top_0/inst/u_kvq_top/u_arb/best_found31_in
                         LUT6 (Prop_LUT6_I2_O)        0.038     8.391 f  kvq_phase1_bd_i/kvq_top_0/inst/u_kvq_top/u_arb/deq_grant_q[7]_bret__2_i_11/O
                         net (fo=5, unplaced)         0.204     8.595    kvq_phase1_bd_i/kvq_top_0/inst/u_kvq_top/u_arb/deq_grant_q[7]_bret__2_i_11_n_0
                         LUT5 (Prop_LUT5_I0_O)        0.038     8.633 r  kvq_phase1_bd_i/kvq_top_0/inst/u_kvq_top/u_arb/deq_grant_q[7]_bret__2_i_6/O
                         net (fo=72, unplaced)        0.264     8.897    kvq_phase1_bd_i/kvq_top_0/inst/u_kvq_top/u_arb/deq_grant_q[7]_bret__2_i_6_n_0
                         LUT5 (Prop_LUT5_I3_O)        0.038     8.935 f  kvq_phase1_bd_i/kvq_top_0/inst/u_kvq_top/u_arb/sel_req_q[opcode][7]_bret__8_i_768/O
                         net (fo=5, unplaced)         0.204     9.139    kvq_phase1_bd_i/kvq_top_0/inst/u_kvq_top/u_arb/sel_req_q[opcode][7]_bret__8_i_768_n_0
                         LUT6 (Prop_LUT6_I3_O)        0.038     9.177 f  kvq_phase1_bd_i/kvq_top_0/inst/u_kvq_top/u_arb/sel_req_q[opcode][7]_bret__8_i_632/O
                         net (fo=1, unplaced)         0.233     9.410    kvq_phase1_bd_i/kvq_top_0/inst/u_kvq_top/u_arb/sel_req_q[opcode][7]_bret__8_i_632_n_0
                         CARRY8 (Prop_CARRY8_DI[0]_CO[7])
                                                      0.140     9.550 f  kvq_phase1_bd_i/kvq_top_0/inst/u_kvq_top/u_arb/sel_req_q_reg[opcode][7]_bret__8_i_365/CO[7]
                         net (fo=1, unplaced)         0.005     9.555    kvq_phase1_bd_i/kvq_top_0/inst/u_kvq_top/u_arb/sel_req_q_reg[opcode][7]_bret__8_i_365_n_0
                         CARRY8 (Prop_CARRY8_CI_CO[7])
                                                      0.022     9.577 f  kvq_phase1_bd_i/kvq_top_0/inst/u_kvq_top/u_arb/sel_req_q_reg[opcode][7]_bret__8_i_188/CO[7]
                         net (fo=3, unplaced)         0.122     9.699    kvq_phase1_bd_i/kvq_top_0/inst/u_kvq_top/u_arb/best_found34_in
                         LUT5 (Prop_LUT5_I3_O)        0.070     9.769 r  kvq_phase1_bd_i/kvq_top_0/inst/u_kvq_top/u_arb/sel_req_q[opcode][7]_bret__8_i_85/O
                         net (fo=1, unplaced)         0.186     9.955    kvq_phase1_bd_i/kvq_top_0/inst/u_kvq_top/u_arb/sel_req_q[opcode][7]_bret__8_i_85_n_0
                         LUT6 (Prop_LUT6_I0_O)        0.038     9.993 r  kvq_phase1_bd_i/kvq_top_0/inst/u_kvq_top/u_arb/sel_req_q[opcode][7]_bret__8_i_32/O
                         net (fo=75, unplaced)        0.265    10.258    kvq_phase1_bd_i/kvq_top_0/inst/u_kvq_top/u_arb/sel_req_q[opcode][7]_bret__8_i_32_n_0
                         LUT5 (Prop_LUT5_I3_O)        0.038    10.296 f  kvq_phase1_bd_i/kvq_top_0/inst/u_kvq_top/u_arb/sel_req_q[opcode][7]_bret__8_i_501/O
                         net (fo=5, unplaced)         0.204    10.500    kvq_phase1_bd_i/kvq_top_0/inst/u_kvq_top/u_arb/sel_req_q[opcode][7]_bret__8_i_501_n_0
                         LUT6 (Prop_LUT6_I4_O)        0.038    10.538 f  kvq_phase1_bd_i/kvq_top_0/inst/u_kvq_top/u_arb/sel_req_q[opcode][7]_bret__8_i_648/O
                         net (fo=1, unplaced)         0.233    10.771    kvq_phase1_bd_i/kvq_top_0/inst/u_kvq_top/u_arb/sel_req_q[opcode][7]_bret__8_i_648_n_0
                         CARRY8 (Prop_CARRY8_DI[0]_CO[7])
                                                      0.140    10.911 f  kvq_phase1_bd_i/kvq_top_0/inst/u_kvq_top/u_arb/sel_req_q_reg[opcode][7]_bret__8_i_382/CO[7]
                         net (fo=1, unplaced)         0.005    10.916    kvq_phase1_bd_i/kvq_top_0/inst/u_kvq_top/u_arb/sel_req_q_reg[opcode][7]_bret__8_i_382_n_0
                         CARRY8 (Prop_CARRY8_CI_CO[7])
                                                      0.022    10.938 f  kvq_phase1_bd_i/kvq_top_0/inst/u_kvq_top/u_arb/sel_req_q_reg[opcode][7]_bret__8_i_197/CO[7]
                         net (fo=2, unplaced)         0.112    11.050    kvq_phase1_bd_i/kvq_top_0/inst/u_kvq_top/u_arb/best_found37_in
                         LUT2 (Prop_LUT2_I1_O)        0.038    11.088 r  kvq_phase1_bd_i/kvq_top_0/inst/u_kvq_top/u_arb/sel_req_q[opcode][7]_bret__8_i_196/O
                         net (fo=1, unplaced)         0.186    11.274    kvq_phase1_bd_i/kvq_top_0/inst/u_kvq_top/u_arb/sel_req_q[opcode][7]_bret__8_i_196_n_0
                         LUT6 (Prop_LUT6_I5_O)        0.038    11.312 f  kvq_phase1_bd_i/kvq_top_0/inst/u_kvq_top/u_arb/sel_req_q[opcode][7]_bret__8_i_92/O
                         net (fo=1, unplaced)         0.186    11.498    kvq_phase1_bd_i/kvq_top_0/inst/u_kvq_top/u_arb/sel_req_q[opcode][7]_bret__8_i_92_n_0
                         LUT6 (Prop_LUT6_I1_O)        0.038    11.536 r  kvq_phase1_bd_i/kvq_top_0/inst/u_kvq_top/u_arb/sel_req_q[opcode][7]_bret__8_i_33/O
                         net (fo=72, unplaced)        0.264    11.800    kvq_phase1_bd_i/kvq_top_0/inst/u_kvq_top/u_arb/sel_req_q[opcode][7]_bret__8_i_33_n_0
                         LUT5 (Prop_LUT5_I3_O)        0.038    11.838 r  kvq_phase1_bd_i/kvq_top_0/inst/u_kvq_top/u_arb/sel_req_q[opcode][7]_bret__8_i_507/O
                         net (fo=5, unplaced)         0.204    12.042    kvq_phase1_bd_i/kvq_top_0/inst/u_kvq_top/u_arb/sel_req_q[opcode][7]_bret__8_i_507_n_0
                         LUT6 (Prop_LUT6_I3_O)        0.038    12.080 r  kvq_phase1_bd_i/kvq_top_0/inst/u_kvq_top/u_arb/deq_grant_q[7]_bret_i_36/O
                         net (fo=1, unplaced)         0.233    12.313    kvq_phase1_bd_i/kvq_top_0/inst/u_kvq_top/u_arb/deq_grant_q[7]_bret_i_36_n_0
                         CARRY8 (Prop_CARRY8_DI[0]_CO[7])
                                                      0.140    12.453 r  kvq_phase1_bd_i/kvq_top_0/inst/u_kvq_top/u_arb/deq_grant_q_reg[7]_bret_i_12/CO[7]
                         net (fo=1, unplaced)         0.005    12.458    kvq_phase1_bd_i/kvq_top_0/inst/u_kvq_top/u_arb/deq_grant_q_reg[7]_bret_i_12_n_0
                         CARRY8 (Prop_CARRY8_CI_CO[7])
                                                      0.022    12.480 r  kvq_phase1_bd_i/kvq_top_0/inst/u_kvq_top/u_arb/deq_grant_q_reg[7]_bret_i_10/CO[7]
                         net (fo=1, unplaced)         0.020    12.500    kvq_phase1_bd_i/kvq_top_0/inst/u_kvq_top/u_arb/best_found310_in
                         LUT6 (Prop_LUT6_I4_O)        0.038    12.538 r  kvq_phase1_bd_i/kvq_top_0/inst/u_kvq_top/u_arb/deq_grant_q[7]_bret_i_7/O
                         net (fo=5, unplaced)         0.204    12.742    kvq_phase1_bd_i/kvq_top_0/inst/u_kvq_top/u_arb/deq_grant_q[7]_bret_i_7_n_0
                         LUT6 (Prop_LUT6_I5_O)        0.038    12.780 r  kvq_phase1_bd_i/kvq_top_0/inst/u_kvq_top/u_arb/deq_grant_q[7]_bret_i_4/O
                         net (fo=74, unplaced)        0.265    13.045    kvq_phase1_bd_i/kvq_top_0/inst/u_kvq_top/u_arb/deq_grant_q[7]_bret_i_4_n_0
                         LUT5 (Prop_LUT5_I4_O)        0.038    13.083 f  kvq_phase1_bd_i/kvq_top_0/inst/u_kvq_top/u_arb/sel_req_q[opcode][7]_bret__8_i_255/O
                         net (fo=4, unplaced)         0.198    13.281    kvq_phase1_bd_i/kvq_top_0/inst/u_kvq_top/u_arb/sel_req_q[opcode][7]_bret__8_i_255_n_0
                         LUT6 (Prop_LUT6_I4_O)        0.038    13.319 f  kvq_phase1_bd_i/kvq_top_0/inst/u_kvq_top/u_arb/sel_req_q[opcode][7]_bret__8_i_408/O
                         net (fo=1, unplaced)         0.233    13.552    kvq_phase1_bd_i/kvq_top_0/inst/u_kvq_top/u_arb/sel_req_q[opcode][7]_bret__8_i_408_n_0
                         CARRY8 (Prop_CARRY8_DI[0]_CO[7])
                                                      0.140    13.692 f  kvq_phase1_bd_i/kvq_top_0/inst/u_kvq_top/u_arb/sel_req_q_reg[opcode][7]_bret__8_i_201/CO[7]
                         net (fo=1, unplaced)         0.005    13.697    kvq_phase1_bd_i/kvq_top_0/inst/u_kvq_top/u_arb/sel_req_q_reg[opcode][7]_bret__8_i_201_n_0
                         CARRY8 (Prop_CARRY8_CI_CO[7])
                                                      0.022    13.719 f  kvq_phase1_bd_i/kvq_top_0/inst/u_kvq_top/u_arb/sel_req_q_reg[opcode][7]_bret__8_i_97/CO[7]
                         net (fo=1, unplaced)         0.020    13.739    kvq_phase1_bd_i/kvq_top_0/inst/u_kvq_top/u_arb/sel_req_q_reg[opcode][7]_bret__8_i_97_n_0
                         LUT5 (Prop_LUT5_I1_O)        0.038    13.777 r  kvq_phase1_bd_i/kvq_top_0/inst/u_kvq_top/u_arb/sel_req_q[opcode][7]_bret__8_i_36/O
                         net (fo=1, unplaced)         0.186    13.963    kvq_phase1_bd_i/kvq_top_0/inst/u_kvq_top/u_arb/sel_req_q[opcode][7]_bret__8_i_36_n_0
                         LUT6 (Prop_LUT6_I3_O)        0.038    14.001 r  kvq_phase1_bd_i/kvq_top_0/inst/u_kvq_top/u_arb/sel_req_q[opcode][7]_bret__8_i_16/O
                         net (fo=55, unplaced)        0.258    14.259    kvq_phase1_bd_i/kvq_top_0/inst/u_kvq_top/u_arb/sel_req_q[opcode][7]_bret__8_i_16_n_0
                         LUT5 (Prop_LUT5_I3_O)        0.038    14.297 r  kvq_phase1_bd_i/kvq_top_0/inst/u_kvq_top/u_arb/sel_req_q[opcode][7]_bret__8_i_257/O
                         net (fo=2, unplaced)         0.186    14.483    kvq_phase1_bd_i/kvq_top_0/inst/u_kvq_top/u_arb/sel_req_q[opcode][7]_bret__8_i_257_n_0
                         LUT6 (Prop_LUT6_I3_O)        0.038    14.521 r  kvq_phase1_bd_i/kvq_top_0/inst/u_kvq_top/u_arb/sel_req_q[opcode][7]_bret__8_i_113/O
                         net (fo=1, unplaced)         0.233    14.754    kvq_phase1_bd_i/kvq_top_0/inst/u_kvq_top/u_arb/sel_req_q[opcode][7]_bret__8_i_113_n_0
                         CARRY8 (Prop_CARRY8_DI[0]_CO[7])
                                                      0.140    14.894 r  kvq_phase1_bd_i/kvq_top_0/inst/u_kvq_top/u_arb/sel_req_q_reg[opcode][7]_bret__8_i_42/CO[7]
                         net (fo=1, unplaced)         0.005    14.899    kvq_phase1_bd_i/kvq_top_0/inst/u_kvq_top/u_arb/sel_req_q_reg[opcode][7]_bret__8_i_42_n_0
                         CARRY8 (Prop_CARRY8_CI_CO[7])
                                                      0.022    14.921 r  kvq_phase1_bd_i/kvq_top_0/inst/u_kvq_top/u_arb/sel_req_q_reg[opcode][7]_bret__8_i_18/CO[7]
                         net (fo=2, unplaced)         0.112    15.033    kvq_phase1_bd_i/kvq_top_0/inst/u_kvq_top/u_arb/best_found316_in
                         LUT2 (Prop_LUT2_I1_O)        0.038    15.071 f  kvq_phase1_bd_i/kvq_top_0/inst/u_kvq_top/u_arb/sel_req_q[opcode][7]_bret__8_i_41/O
                         net (fo=1, unplaced)         0.186    15.257    kvq_phase1_bd_i/kvq_top_0/inst/u_kvq_top/u_arb/sel_req_q[opcode][7]_bret__8_i_41_n_0
                         LUT6 (Prop_LUT6_I5_O)        0.038    15.295 r  kvq_phase1_bd_i/kvq_top_0/inst/u_kvq_top/u_arb/sel_req_q[opcode][7]_bret__8_i_17/O
                         net (fo=1, unplaced)         0.186    15.481    kvq_phase1_bd_i/kvq_top_0/inst/u_kvq_top/u_arb/sel_req_q[opcode][7]_bret__8_i_17_n_0
                         LUT6 (Prop_LUT6_I0_O)        0.038    15.519 r  kvq_phase1_bd_i/kvq_top_0/inst/u_kvq_top/u_arb/sel_req_q[opcode][7]_bret__8_i_7/O
                         net (fo=3, unplaced)         0.192    15.711    kvq_phase1_bd_i/kvq_top_0/inst/u_kvq_top/u_arb/sel_req_q[opcode][7]_bret__8_i_7_n_0
                         LUT6 (Prop_LUT6_I2_O)        0.038    15.749 r  kvq_phase1_bd_i/kvq_top_0/inst/u_kvq_top/u_arb/sel_req_q[opcode][7]_bret__8_i_2/O
                         net (fo=5, unplaced)         0.204    15.953    kvq_phase1_bd_i/kvq_top_0/inst/u_kvq_top/u_arb/sel0[1]
                         LUT3 (Prop_LUT3_I2_O)        0.070    16.023 r  kvq_phase1_bd_i/kvq_top_0/inst/u_kvq_top/u_arb/rr_ptr[2]_i_1/O
                         net (fo=1, unplaced)         0.048    16.071    kvq_phase1_bd_i/kvq_top_0/inst/u_kvq_top/u_arb/rr_ptr[2]_i_1_n_0
                         FDCE                                         r  kvq_phase1_bd_i/kvq_top_0/inst/u_kvq_top/u_arb/rr_ptr_reg[2]/D
  -------------------------------------------------------------------    -------------------

                         (clock clk_out1_kvq_phase1_bd_clk_wiz_0_0 rise edge)
                                                      2.500     2.500 r  
                         BUFG_PS                      0.000     2.500 r  kvq_phase1_bd_i/ps_e_0/inst/buffer_pl_clk_0.PL_CLK_0_BUFG/O
                         net (fo=1, unplaced)         2.439     4.939    kvq_phase1_bd_i/clk_wiz_0/inst/clk_in1
                         MMCME4_ADV (Prop_MMCME4_ADV_CLKIN1_CLKOUT0)
                                                      0.630     5.569 r  kvq_phase1_bd_i/clk_wiz_0/inst/mmcme4_adv_inst/CLKOUT0
                         net (fo=1, unplaced)         0.176     5.745    kvq_phase1_bd_i/clk_wiz_0/inst/clk_out1_kvq_phase1_bd_clk_wiz_0_0
                         BUFGCE (Prop_BUFGCE_I_O)     0.024     5.769 r  kvq_phase1_bd_i/clk_wiz_0/inst/clkout1_buf/O
                         net (fo=33621, unplaced)     2.439     8.208    kvq_phase1_bd_i/kvq_top_0/inst/u_kvq_top/u_arb/clk
                         FDCE                                         r  kvq_phase1_bd_i/kvq_top_0/inst/u_kvq_top/u_arb/rr_ptr_reg[2]/C
                         clock pessimism             -0.586     7.622    
                         clock uncertainty           -0.057     7.565    
                         FDCE (Setup_FDCE_C_D)        0.025     7.590    kvq_phase1_bd_i/kvq_top_0/inst/u_kvq_top/u_arb/rr_ptr_reg[2]
  -------------------------------------------------------------------
                         required time                          7.590    
                         arrival time                         -16.071    
  -------------------------------------------------------------------
                         slack                                 -8.481    





Min Delay Paths
--------------------------------------------------------------------------------------
Slack (VIOLATED) :        -0.107ns  (arrival time - required time)
  Source:                 kvq_phase1_bd_i/smartconnect_data/inst/m00_nodes/m00_b_node/inst/inst_mi_handler/gen_normal_area.gen_fifo_req.inst_fifo_req/gen_xpm_memory_fifo.inst_fifo/gen_mem_rep[0].inst_wr_addra/count_r_reg[2]/C
                            (rising edge-triggered cell FDRE clocked by clk_out1_kvq_phase1_bd_clk_wiz_0_0  {rise@0.000ns fall@1.250ns period=2.500ns})
  Destination:            kvq_phase1_bd_i/smartconnect_data/inst/m00_nodes/m00_b_node/inst/inst_mi_handler/gen_normal_area.gen_fifo_req.inst_fifo_req/gen_xpm_memory_fifo.inst_fifo/gen_mem_rep[0].inst_xpm_memory/xpm_memory_base_inst/gen_wr_a.gen_word_narrow.mem_reg_0_31_0_13/DP/WADR2
                            (rising edge-triggered cell RAMD32 clocked by clk_out1_kvq_phase1_bd_clk_wiz_0_0  {rise@0.000ns fall@1.250ns period=2.500ns})
  Path Group:             clk_out1_kvq_phase1_bd_clk_wiz_0_0
  Path Type:              Hold (Min at Fast Process Corner)
  Requirement:            0.000ns  (clk_out1_kvq_phase1_bd_clk_wiz_0_0 rise@0.000ns - clk_out1_kvq_phase1_bd_clk_wiz_0_0 rise@0.000ns)
  Data Path Delay:        0.100ns  (logic 0.038ns (38.000%)  route 0.062ns (62.000%))
  Logic Levels:           0  
  Clock Path Skew:        0.145ns (DCD - SCD - CPR)
    Destination Clock Delay (DCD):    2.374ns
    Source Clock Delay      (SCD):    2.593ns
    Clock Pessimism Removal (CPR):    -0.364ns

    Location             Delay type                Incr(ns)  Path(ns)    Netlist Resource(s)
  -------------------------------------------------------------------    -------------------
                         (clock clk_out1_kvq_phase1_bd_clk_wiz_0_0 rise edge)
                                                      0.000     0.000 r  
                         BUFG_PS                      0.000     0.000 r  kvq_phase1_bd_i/ps_e_0/inst/buffer_pl_clk_0.PL_CLK_0_BUFG/O
                         net (fo=1, unplaced)         1.114     1.114    kvq_phase1_bd_i/clk_wiz_0/inst/clk_in1
                         MMCME4_ADV (Prop_MMCME4_ADV_CLKIN1_CLKOUT0)
                                                      0.230     1.344 r  kvq_phase1_bd_i/clk_wiz_0/inst/mmcme4_adv_inst/CLKOUT0
                         net (fo=1, unplaced)         0.118     1.462    kvq_phase1_bd_i/clk_wiz_0/inst/clk_out1_kvq_phase1_bd_clk_wiz_0_0
                         BUFGCE (Prop_BUFGCE_I_O)     0.017     1.479 r  kvq_phase1_bd_i/clk_wiz_0/inst/clkout1_buf/O
                         net (fo=33621, unplaced)     1.114     2.593    kvq_phase1_bd_i/smartconnect_data/inst/m00_nodes/m00_b_node/inst/inst_mi_handler/gen_normal_area.gen_fifo_req.inst_fifo_req/gen_xpm_memory_fifo.inst_fifo/gen_mem_rep[0].inst_wr_addra/s_sc_aclk
                         FDRE                                         r  kvq_phase1_bd_i/smartconnect_data/inst/m00_nodes/m00_b_node/inst/inst_mi_handler/gen_normal_area.gen_fifo_req.inst_fifo_req/gen_xpm_memory_fifo.inst_fifo/gen_mem_rep[0].inst_wr_addra/count_r_reg[2]/C
  -------------------------------------------------------------------    -------------------
                         FDRE (Prop_FDRE_C_Q)         0.038     2.631 r  kvq_phase1_bd_i/smartconnect_data/inst/m00_nodes/m00_b_node/inst/inst_mi_handler/gen_normal_area.gen_fifo_req.inst_fifo_req/gen_xpm_memory_fifo.inst_fifo/gen_mem_rep[0].inst_wr_addra/count_r_reg[2]/Q
                         net (fo=8, unplaced)         0.062     2.693    kvq_phase1_bd_i/smartconnect_data/inst/m00_nodes/m00_b_node/inst/inst_mi_handler/gen_normal_area.gen_fifo_req.inst_fifo_req/gen_xpm_memory_fifo.inst_fifo/gen_mem_rep[0].inst_xpm_memory/xpm_memory_base_inst/gen_wr_a.gen_word_narrow.mem_reg_0_31_0_13/A2
                         RAMD32                                       r  kvq_phase1_bd_i/smartconnect_data/inst/m00_nodes/m00_b_node/inst/inst_mi_handler/gen_normal_area.gen_fifo_req.inst_fifo_req/gen_xpm_memory_fifo.inst_fifo/gen_mem_rep[0].inst_xpm_memory/xpm_memory_base_inst/gen_wr_a.gen_word_narrow.mem_reg_0_31_0_13/DP/WADR2
  -------------------------------------------------------------------    -------------------

                         (clock clk_out1_kvq_phase1_bd_clk_wiz_0_0 rise edge)
                                                      0.000     0.000 r  
                         BUFG_PS                      0.000     0.000 r  kvq_phase1_bd_i/ps_e_0/inst/buffer_pl_clk_0.PL_CLK_0_BUFG/O
                         net (fo=1, unplaced)         1.259     1.259    kvq_phase1_bd_i/clk_wiz_0/inst/clk_in1
                         MMCME4_ADV (Prop_MMCME4_ADV_CLKIN1_CLKOUT0)
                                                     -0.295     0.964 r  kvq_phase1_bd_i/clk_wiz_0/inst/mmcme4_adv_inst/CLKOUT0
                         net (fo=1, unplaced)         0.132     1.096    kvq_phase1_bd_i/clk_wiz_0/inst/clk_out1_kvq_phase1_bd_clk_wiz_0_0
                         BUFGCE (Prop_BUFGCE_I_O)     0.019     1.115 r  kvq_phase1_bd_i/clk_wiz_0/inst/clkout1_buf/O
                         net (fo=33621, unplaced)     1.259     2.374    kvq_phase1_bd_i/smartconnect_data/inst/m00_nodes/m00_b_node/inst/inst_mi_handler/gen_normal_area.gen_fifo_req.inst_fifo_req/gen_xpm_memory_fifo.inst_fifo/gen_mem_rep[0].inst_xpm_memory/xpm_memory_base_inst/gen_wr_a.gen_word_narrow.mem_reg_0_31_0_13/WCLK
                         RAMD32                                       r  kvq_phase1_bd_i/smartconnect_data/inst/m00_nodes/m00_b_node/inst/inst_mi_handler/gen_normal_area.gen_fifo_req.inst_fifo_req/gen_xpm_memory_fifo.inst_fifo/gen_mem_rep[0].inst_xpm_memory/xpm_memory_base_inst/gen_wr_a.gen_word_narrow.mem_reg_0_31_0_13/DP/CLK
                         clock pessimism              0.364     2.738    
                         RAMD32 (Hold_RAMD32_CLK_WADR2)
                                                      0.062     2.800    kvq_phase1_bd_i/smartconnect_data/inst/m00_nodes/m00_b_node/inst/inst_mi_handler/gen_normal_area.gen_fifo_req.inst_fifo_req/gen_xpm_memory_fifo.inst_fifo/gen_mem_rep[0].inst_xpm_memory/xpm_memory_base_inst/gen_wr_a.gen_word_narrow.mem_reg_0_31_0_13/DP
  -------------------------------------------------------------------
                         required time                         -2.800    
                         arrival time                           2.693    
  -------------------------------------------------------------------
                         slack                                 -0.107    





Pulse Width Checks
--------------------------------------------------------------------------------------
Clock Name:         clk_out1_kvq_phase1_bd_clk_wiz_0_0
Waveform(ns):       { 0.000 1.250 }
Period(ns):         2.500
Sources:            { kvq_phase1_bd_i/clk_wiz_0/inst/mmcme4_adv_inst/CLKOUT0 }

Check Type        Corner  Lib Pin          Reference Pin  Required(ns)  Actual(ns)  Slack(ns)  Location  Pin
Min Period        n/a     PS8/MAXIGP0ACLK  n/a            3.000         2.500       -0.500               kvq_phase1_bd_i/ps_e_0/inst/PS8_i/MAXIGP0ACLK
Low Pulse Width   Slow    PS8/MAXIGP0ACLK  n/a            1.500         1.250       -0.250               kvq_phase1_bd_i/ps_e_0/inst/PS8_i/MAXIGP0ACLK
High Pulse Width  Slow    PS8/MAXIGP0ACLK  n/a            1.500         1.250       -0.250               kvq_phase1_bd_i/ps_e_0/inst/PS8_i/MAXIGP0ACLK



---------------------------------------------------------------------------------------------------
Path Group:  **async_default**
From Clock:  clk_out1_kvq_phase1_bd_clk_wiz_0_0
  To Clock:  clk_out1_kvq_phase1_bd_clk_wiz_0_0

Setup :            0  Failing Endpoints,  Worst Slack        1.570ns,  Total Violation        0.000ns
Hold  :            0  Failing Endpoints,  Worst Slack        0.125ns,  Total Violation        0.000ns
---------------------------------------------------------------------------------------------------


Max Delay Paths
--------------------------------------------------------------------------------------
Slack (MET) :             1.570ns  (required time - arrival time)
  Source:                 kvq_phase1_bd_i/reset_0/U0/ACTIVE_LOW_PR_OUT_DFF[0].FDRE_PER_N/C
                            (rising edge-triggered cell FDRE clocked by clk_out1_kvq_phase1_bd_clk_wiz_0_0  {rise@0.000ns fall@1.250ns period=2.500ns})
  Destination:            kvq_phase1_bd_i/kvq_top_0/inst/u_kvq_top/dl_miss_seen_r_reg/CLR
                            (recovery check against rising-edge clock clk_out1_kvq_phase1_bd_clk_wiz_0_0  {rise@0.000ns fall@1.250ns period=2.500ns})
  Path Group:             **async_default**
  Path Type:              Recovery (Max at Slow Process Corner)
  Requirement:            2.500ns  (clk_out1_kvq_phase1_bd_clk_wiz_0_0 rise@2.500ns - clk_out1_kvq_phase1_bd_clk_wiz_0_0 rise@0.000ns)
  Data Path Delay:        0.662ns  (logic 0.115ns (17.372%)  route 0.547ns (82.628%))
  Logic Levels:           1  (LUT1=1)
  Clock Path Skew:        -0.145ns (DCD - SCD + CPR)
    Destination Clock Delay (DCD):    5.708ns = ( 8.208 - 2.500 ) 
    Source Clock Delay      (SCD):    5.267ns
    Clock Pessimism Removal (CPR):    -0.586ns
  Clock Uncertainty:      0.057ns  ((TSJ^2 + DJ^2)^1/2) / 2 + PE
    Total System Jitter     (TSJ):    0.071ns
    Discrete Jitter          (DJ):    0.090ns
    Phase Error              (PE):    0.000ns

    Location             Delay type                Incr(ns)  Path(ns)    Netlist Resource(s)
  -------------------------------------------------------------------    -------------------
                         (clock clk_out1_kvq_phase1_bd_clk_wiz_0_0 rise edge)
                                                      0.000     0.000 r  
                         BUFG_PS                      0.000     0.000 r  kvq_phase1_bd_i/ps_e_0/inst/buffer_pl_clk_0.PL_CLK_0_BUFG/O
                         net (fo=1, unplaced)         2.584     2.584    kvq_phase1_bd_i/clk_wiz_0/inst/clk_in1
                         MMCME4_ADV (Prop_MMCME4_ADV_CLKIN1_CLKOUT0)
                                                     -0.127     2.457 r  kvq_phase1_bd_i/clk_wiz_0/inst/mmcme4_adv_inst/CLKOUT0
                         net (fo=1, unplaced)         0.198     2.655    kvq_phase1_bd_i/clk_wiz_0/inst/clk_out1_kvq_phase1_bd_clk_wiz_0_0
                         BUFGCE (Prop_BUFGCE_I_O)     0.028     2.683 r  kvq_phase1_bd_i/clk_wiz_0/inst/clkout1_buf/O
                         net (fo=33621, unplaced)     2.584     5.267    kvq_phase1_bd_i/reset_0/U0/slowest_sync_clk
                         FDRE                                         r  kvq_phase1_bd_i/reset_0/U0/ACTIVE_LOW_PR_OUT_DFF[0].FDRE_PER_N/C
  -------------------------------------------------------------------    -------------------
                         FDRE (Prop_FDRE_C_Q)         0.077     5.344 r  kvq_phase1_bd_i/reset_0/U0/ACTIVE_LOW_PR_OUT_DFF[0].FDRE_PER_N/Q
                         net (fo=16, unplaced)        0.181     5.525    kvq_phase1_bd_i/kvq_top_0/inst/u_kvq_top/u_mem/u_bram/rst_n
                         LUT1 (Prop_LUT1_I0_O)        0.038     5.563 f  kvq_phase1_bd_i/kvq_top_0/inst/u_kvq_top/u_mem/u_bram/tvalid_r_i_2/O
                         net (fo=6473, unplaced)      0.366     5.929    kvq_phase1_bd_i/kvq_top_0/inst/u_kvq_top/u_mem_n_0
                         FDCE                                         f  kvq_phase1_bd_i/kvq_top_0/inst/u_kvq_top/dl_miss_seen_r_reg/CLR
  -------------------------------------------------------------------    -------------------

                         (clock clk_out1_kvq_phase1_bd_clk_wiz_0_0 rise edge)
                                                      2.500     2.500 r  
                         BUFG_PS                      0.000     2.500 r  kvq_phase1_bd_i/ps_e_0/inst/buffer_pl_clk_0.PL_CLK_0_BUFG/O
                         net (fo=1, unplaced)         2.439     4.939    kvq_phase1_bd_i/clk_wiz_0/inst/clk_in1
                         MMCME4_ADV (Prop_MMCME4_ADV_CLKIN1_CLKOUT0)
                                                      0.630     5.569 r  kvq_phase1_bd_i/clk_wiz_0/inst/mmcme4_adv_inst/CLKOUT0
                         net (fo=1, unplaced)         0.176     5.745    kvq_phase1_bd_i/clk_wiz_0/inst/clk_out1_kvq_phase1_bd_clk_wiz_0_0
                         BUFGCE (Prop_BUFGCE_I_O)     0.024     5.769 r  kvq_phase1_bd_i/clk_wiz_0/inst/clkout1_buf/O
                         net (fo=33621, unplaced)     2.439     8.208    kvq_phase1_bd_i/kvq_top_0/inst/u_kvq_top/clk
                         FDCE                                         r  kvq_phase1_bd_i/kvq_top_0/inst/u_kvq_top/dl_miss_seen_r_reg/C
                         clock pessimism             -0.586     7.622    
                         clock uncertainty           -0.057     7.565    
                         FDCE (Recov_FDCE_C_CLR)     -0.066     7.499    kvq_phase1_bd_i/kvq_top_0/inst/u_kvq_top/dl_miss_seen_r_reg
  -------------------------------------------------------------------
                         required time                          7.499    
                         arrival time                          -5.929    
  -------------------------------------------------------------------
                         slack                                  1.570    





Min Delay Paths
--------------------------------------------------------------------------------------
Slack (MET) :             0.125ns  (arrival time - required time)
  Source:                 kvq_phase1_bd_i/reset_0/U0/ACTIVE_LOW_PR_OUT_DFF[0].FDRE_PER_N/C
                            (rising edge-triggered cell FDRE clocked by clk_out1_kvq_phase1_bd_clk_wiz_0_0  {rise@0.000ns fall@1.250ns period=2.500ns})
  Destination:            kvq_phase1_bd_i/kvq_top_0/inst/u_kvq_top/u_lt/cycle_r_reg[0]/CLR
                            (removal check against rising-edge clock clk_out1_kvq_phase1_bd_clk_wiz_0_0  {rise@0.000ns fall@1.250ns period=2.500ns})
  Path Group:             **async_default**
  Path Type:              Removal (Min at Fast Process Corner)
  Requirement:            0.000ns  (clk_out1_kvq_phase1_bd_clk_wiz_0_0 rise@0.000ns - clk_out1_kvq_phase1_bd_clk_wiz_0_0 rise@0.000ns)
  Data Path Delay:        0.250ns  (logic 0.052ns (20.800%)  route 0.198ns (79.200%))
  Logic Levels:           1  (LUT1=1)
  Clock Path Skew:        0.145ns (DCD - SCD - CPR)
    Destination Clock Delay (DCD):    2.374ns
    Source Clock Delay      (SCD):    2.593ns
    Clock Pessimism Removal (CPR):    -0.364ns

    Location             Delay type                Incr(ns)  Path(ns)    Netlist Resource(s)
  -------------------------------------------------------------------    -------------------
                         (clock clk_out1_kvq_phase1_bd_clk_wiz_0_0 rise edge)
                                                      0.000     0.000 r  
                         BUFG_PS                      0.000     0.000 r  kvq_phase1_bd_i/ps_e_0/inst/buffer_pl_clk_0.PL_CLK_0_BUFG/O
                         net (fo=1, unplaced)         1.114     1.114    kvq_phase1_bd_i/clk_wiz_0/inst/clk_in1
                         MMCME4_ADV (Prop_MMCME4_ADV_CLKIN1_CLKOUT0)
                                                      0.230     1.344 r  kvq_phase1_bd_i/clk_wiz_0/inst/mmcme4_adv_inst/CLKOUT0
                         net (fo=1, unplaced)         0.118     1.462    kvq_phase1_bd_i/clk_wiz_0/inst/clk_out1_kvq_phase1_bd_clk_wiz_0_0
                         BUFGCE (Prop_BUFGCE_I_O)     0.017     1.479 r  kvq_phase1_bd_i/clk_wiz_0/inst/clkout1_buf/O
                         net (fo=33621, unplaced)     1.114     2.593    kvq_phase1_bd_i/reset_0/U0/slowest_sync_clk
                         FDRE                                         r  kvq_phase1_bd_i/reset_0/U0/ACTIVE_LOW_PR_OUT_DFF[0].FDRE_PER_N/C
  -------------------------------------------------------------------    -------------------
                         FDRE (Prop_FDRE_C_Q)         0.038     2.631 r  kvq_phase1_bd_i/reset_0/U0/ACTIVE_LOW_PR_OUT_DFF[0].FDRE_PER_N/Q
                         net (fo=16, unplaced)        0.090     2.721    kvq_phase1_bd_i/kvq_top_0/inst/u_kvq_top/u_lt/rst_n
                         LUT1 (Prop_LUT1_I0_O)        0.014     2.735 f  kvq_phase1_bd_i/kvq_top_0/inst/u_kvq_top/u_lt/cycle_r[31]_i_2/O
                         net (fo=32, unplaced)        0.108     2.843    kvq_phase1_bd_i/kvq_top_0/inst/u_kvq_top/u_lt/cycle_r[31]_i_2_n_0
                         FDCE                                         f  kvq_phase1_bd_i/kvq_top_0/inst/u_kvq_top/u_lt/cycle_r_reg[0]/CLR
  -------------------------------------------------------------------    -------------------

                         (clock clk_out1_kvq_phase1_bd_clk_wiz_0_0 rise edge)
                                                      0.000     0.000 r  
                         BUFG_PS                      0.000     0.000 r  kvq_phase1_bd_i/ps_e_0/inst/buffer_pl_clk_0.PL_CLK_0_BUFG/O
                         net (fo=1, unplaced)         1.259     1.259    kvq_phase1_bd_i/clk_wiz_0/inst/clk_in1
                         MMCME4_ADV (Prop_MMCME4_ADV_CLKIN1_CLKOUT0)
                                                     -0.295     0.964 r  kvq_phase1_bd_i/clk_wiz_0/inst/mmcme4_adv_inst/CLKOUT0
                         net (fo=1, unplaced)         0.132     1.096    kvq_phase1_bd_i/clk_wiz_0/inst/clk_out1_kvq_phase1_bd_clk_wiz_0_0
                         BUFGCE (Prop_BUFGCE_I_O)     0.019     1.115 r  kvq_phase1_bd_i/clk_wiz_0/inst/clkout1_buf/O
                         net (fo=33621, unplaced)     1.259     2.374    kvq_phase1_bd_i/kvq_top_0/inst/u_kvq_top/u_lt/clk
                         FDCE                                         r  kvq_phase1_bd_i/kvq_top_0/inst/u_kvq_top/u_lt/cycle_r_reg[0]/C
                         clock pessimism              0.364     2.738    
                         FDCE (Remov_FDCE_C_CLR)     -0.020     2.718    kvq_phase1_bd_i/kvq_top_0/inst/u_kvq_top/u_lt/cycle_r_reg[0]
  -------------------------------------------------------------------
                         required time                         -2.718    
                         arrival time                           2.843    
  -------------------------------------------------------------------
                         slack                                  0.125    





